[0.000000] (-) TimerEvent: {}
[0.001203] (test_tool) JobQueued: {'identifier': 'test_tool', 'dependencies': OrderedDict()}
[0.001297] (test_tool) JobStarted: {'identifier': 'test_tool'}
[0.015862] (test_tool) JobProgress: {'identifier': 'test_tool', 'progress': 'cmake'}
[0.017821] (test_tool) Command: {'cmd': ['/usr/bin/cmake', '/home/maddy/iris_test_tool/src/test_tool', '-DCMAKE_INSTALL_PREFIX=/home/maddy/iris_test_tool/install/test_tool'], 'cwd': '/home/maddy/iris_test_tool/build/test_tool', 'env': OrderedDict([('USER', 'maddy'), ('SHLVL', '1'), ('LD_LIBRARY_PATH', '/opt/ros/humble/opt/rviz_ogre_vendor/lib:/opt/ros/humble/lib/x86_64-linux-gnu:/opt/ros/humble/lib'), ('HOME', '/home/maddy'), ('OLDPWD', '/home/maddy'), ('LESS', '-R'), ('ZSH', '/home/maddy/.oh-my-zsh'), ('LSCOLORS', 'exfxcxdxbxegedabagacad'), ('PAGER', 'less'), ('ROS_PYTHON_VERSION', '3'), ('GREP_COLORS', 'mt=1;33'), ('DBUS_SESSION_BUS_ADDRESS', 'unix:path=/run/user/1000/bus'), ('WSL_DISTRO_NAME', 'Ubuntu-22.04'), ('WAYLAND_DISPLAY', 'wayland-0'), ('ROS_DISTRO', 'humble'), ('LOGNAME', 'maddy'), ('PULSE_SERVER', 'unix:/mnt/wslg/PulseServer'), ('WSL_INTEROP', '/run/WSL/2387_interop'), ('NAME', 'RMCCORPDE-DT024'), ('_', '/usr/bin/colcon'), ('ROS_VERSION', '2'), ('TERM', 'xterm-256color'), ('ROS_LOCALHOST_ONLY', '0'), ('PATH', '/opt/ros/humble/bin:/usr/local/sbin:/usr/local/bin:/usr/sbin:/usr/bin:/sbin:/bin:/usr/games:/usr/local/games:/usr/lib/wsl/lib:/mnt/c/Program Files/Common Files/Oracle/Java/javapath:/mnt/c/Program Files/Eclipse Adoptium/jdk-17.0.15.6-hotspot/bin:/mnt/c/Program Files (x86)/Common Files/Oracle/Java/java8path:/mnt/c/Program Files (x86)/Common Files/Oracle/Java/javapath:/mnt/c/Windows/system32:/mnt/c/Windows:/mnt/c/Windows/System32/Wbem:/mnt/c/Windows/System32/WindowsPowerShell/v1.0/:/mnt/c/Windows/System32/OpenSSH/:/mnt/c/Program Files/dotnet/:/mnt/c/Program Files/Git/cmd:/mnt/c/Program Files (x86)/Microsoft SQL Server/160/Tools/Binn/:/mnt/c/Program Files/Microsoft SQL Server/160/Tools/Binn/:/mnt/c/Program Files/Microsoft SQL Server/Client SDK/ODBC/170/Tools/Binn/:/mnt/c/Program Files/Microsoft SQL Server/160/DTS/Binn/:/mnt/c/Program Files (x86)/Windows Kits/10/Windows Performance Toolkit/:/mnt/c/Program Files/PostgreSQL/17/bin:/mnt/c/sonar-scanner-7.1.0.4889-windows-x64/bin:/mnt/c/msys64/mingw64/bin:/mnt/c/Program Files/CMake/bin:/mnt/c/Users/RMCPDEDT024/AppData/Local/Programs/Python/Python313/Scripts/:/mnt/c/Users/RMCPDEDT024/AppData/Local/Programs/Python/Python313/:/mnt/c/Users/RMCPDEDT024/AppData/Local/Programs/Python/Launcher/:/mnt/c/Users/RMCPDEDT024/AppData/Local/Microsoft/WindowsApps:/mnt/c/Users/RMCPDEDT024/AppData/Local/Programs/Microsoft VS Code/bin:/mnt/c/Users/RMCPDEDT024/AppData/Local/Python/bin'), ('XDG_RUNTIME_DIR', '/run/user/1000/'), ('DISPLAY', ':0'), ('LANG', 'en_US.UTF-8'), ('LS_COLORS', 'di=34;40:ln=35;40:so=32;40:pi=33;40:ex=31;40:bd=34;46:cd=34;43:su=0;41:sg=0;46:tw=0;42:ow=0;43:'), ('AMENT_PREFIX_PATH', '/opt/ros/humble'), ('SHELL', '/usr/bin/zsh'), ('PWD', '/home/maddy/iris_test_tool/build/test_tool'), ('PYTHONPATH', '/opt/ros/humble/lib/python3.10/site-packages:/opt/ros/humble/local/lib/python3.10/dist-packages'), ('COLCON', '1'), ('HOSTTYPE', 'x86_64'), ('WSL2_GUI_APPS_ENABLED', '1'), ('WSLENV', ''), ('CMAKE_PREFIX_PATH', '/opt/ros/humble')]), 'shell': False}
[0.090419] (test_tool) StdoutLine: {'line': b'-- Found ament_cmake: 1.3.12 (/opt/ros/humble/share/ament_cmake/cmake)\n'}
[0.099390] (-) TimerEvent: {}
[0.199941] (-) TimerEvent: {}
[0.300556] (-) TimerEvent: {}
[0.349046] (test_tool) StdoutLine: {'line': b'-- Found rclcpp: 16.0.17 (/opt/ros/humble/share/rclcpp/cmake)\n'}
[0.400738] (-) TimerEvent: {}
[0.501250] (-) TimerEvent: {}
[0.601775] (-) TimerEvent: {}
[0.698330] (test_tool) StdoutLine: {'line': b'-- Found rosidl_generator_c: 3.1.8 (/opt/ros/humble/share/rosidl_generator_c/cmake)\n'}
[0.702018] (-) TimerEvent: {}
[0.707529] (test_tool) StdoutLine: {'line': b'-- Found rosidl_adapter: 3.1.8 (/opt/ros/humble/share/rosidl_adapter/cmake)\n'}
[0.730272] (test_tool) StdoutLine: {'line': b'-- Found rosidl_generator_cpp: 3.1.8 (/opt/ros/humble/share/rosidl_generator_cpp/cmake)\n'}
[0.756905] (test_tool) StdoutLine: {'line': b'-- Using all available rosidl_typesupport_c: rosidl_typesupport_fastrtps_c;rosidl_typesupport_introspection_c\n'}
[0.784443] (test_tool) StdoutLine: {'line': b'-- Using all available rosidl_typesupport_cpp: rosidl_typesupport_fastrtps_cpp;rosidl_typesupport_introspection_cpp\n'}
[0.802316] (-) TimerEvent: {}
[0.869453] (test_tool) StdoutLine: {'line': b'-- Found rmw_implementation_cmake: 6.1.2 (/opt/ros/humble/share/rmw_implementation_cmake/cmake)\n'}
[0.875305] (test_tool) StdoutLine: {'line': b'-- Found rmw_fastrtps_cpp: 6.2.9 (/opt/ros/humble/share/rmw_fastrtps_cpp/cmake)\n'}
[0.902596] (-) TimerEvent: {}
[1.003220] (-) TimerEvent: {}
[1.103828] (-) TimerEvent: {}
[1.204403] (-) TimerEvent: {}
[1.305039] (-) TimerEvent: {}
[1.405700] (-) TimerEvent: {}
[1.506372] (-) TimerEvent: {}
[1.607017] (-) TimerEvent: {}
[1.707732] (-) TimerEvent: {}
[1.808450] (-) TimerEvent: {}
[1.908969] (-) TimerEvent: {}
[2.009507] (-) TimerEvent: {}
[2.110039] (-) TimerEvent: {}
[2.210499] (-) TimerEvent: {}
[2.310983] (-) TimerEvent: {}
[2.411652] (-) TimerEvent: {}
[2.512185] (-) TimerEvent: {}
[2.612716] (-) TimerEvent: {}
[2.713471] (-) TimerEvent: {}
[2.814037] (-) TimerEvent: {}
[2.914535] (-) TimerEvent: {}
[3.015065] (-) TimerEvent: {}
[3.115522] (-) TimerEvent: {}
[3.215969] (-) TimerEvent: {}
[3.316501] (-) TimerEvent: {}
[3.417106] (-) TimerEvent: {}
[3.517784] (-) TimerEvent: {}
[3.618410] (-) TimerEvent: {}
[3.718851] (-) TimerEvent: {}
[3.819630] (-) TimerEvent: {}
[3.920112] (-) TimerEvent: {}
[4.020581] (-) TimerEvent: {}
[4.121151] (-) TimerEvent: {}
[4.222255] (-) TimerEvent: {}
[4.323006] (-) TimerEvent: {}
[4.423526] (-) TimerEvent: {}
[4.524172] (-) TimerEvent: {}
[4.624975] (-) TimerEvent: {}
[4.725745] (-) TimerEvent: {}
[4.826270] (-) TimerEvent: {}
[4.926728] (-) TimerEvent: {}
[5.027210] (-) TimerEvent: {}
[5.127708] (-) TimerEvent: {}
[5.228259] (-) TimerEvent: {}
[5.328968] (-) TimerEvent: {}
[5.429912] (-) TimerEvent: {}
[5.530698] (-) TimerEvent: {}
[5.631469] (-) TimerEvent: {}
[5.732013] (-) TimerEvent: {}
[5.832520] (-) TimerEvent: {}
[5.933076] (-) TimerEvent: {}
[6.033687] (-) TimerEvent: {}
[6.134254] (-) TimerEvent: {}
[6.234751] (-) TimerEvent: {}
[6.335372] (-) TimerEvent: {}
[6.435945] (-) TimerEvent: {}
[6.536589] (-) TimerEvent: {}
[6.637290] (-) TimerEvent: {}
[6.738307] (-) TimerEvent: {}
[6.838872] (-) TimerEvent: {}
[6.939492] (-) TimerEvent: {}
[7.039968] (-) TimerEvent: {}
[7.140457] (-) TimerEvent: {}
[7.241063] (-) TimerEvent: {}
[7.341734] (-) TimerEvent: {}
[7.442682] (-) TimerEvent: {}
[7.543382] (-) TimerEvent: {}
[7.644106] (-) TimerEvent: {}
[7.744832] (-) TimerEvent: {}
[7.845678] (-) TimerEvent: {}
[7.946543] (-) TimerEvent: {}
[8.047181] (-) TimerEvent: {}
[8.147827] (-) TimerEvent: {}
[8.248378] (-) TimerEvent: {}
[8.348864] (-) TimerEvent: {}
[8.449354] (-) TimerEvent: {}
[8.549936] (-) TimerEvent: {}
[8.650414] (-) TimerEvent: {}
[8.750894] (-) TimerEvent: {}
[8.851426] (-) TimerEvent: {}
[8.951985] (-) TimerEvent: {}
[9.052501] (-) TimerEvent: {}
[9.153031] (-) TimerEvent: {}
[9.253645] (-) TimerEvent: {}
[9.354303] (-) TimerEvent: {}
[9.454935] (-) TimerEvent: {}
[9.555723] (-) TimerEvent: {}
[9.656500] (-) TimerEvent: {}
[9.758045] (-) TimerEvent: {}
[9.858542] (-) TimerEvent: {}
[9.959157] (-) TimerEvent: {}
[10.059696] (-) TimerEvent: {}
[10.160206] (-) TimerEvent: {}
[10.260733] (-) TimerEvent: {}
[10.361409] (-) TimerEvent: {}
[10.462309] (-) TimerEvent: {}
[10.562942] (-) TimerEvent: {}
[10.660181] (test_tool) StdoutLine: {'line': b"-- Using RMW implementation 'rmw_fastrtps_cpp' as default\n"}
[10.663246] (-) TimerEvent: {}
[10.764125] (-) TimerEvent: {}
[10.783273] (test_tool) StdoutLine: {'line': b'-- Found sensor_msgs: 4.9.0 (/opt/ros/humble/share/sensor_msgs/cmake)\n'}
[10.864484] (-) TimerEvent: {}
[10.965327] (-) TimerEvent: {}
[11.065812] (-) TimerEvent: {}
[11.166322] (-) TimerEvent: {}
[11.266791] (-) TimerEvent: {}
[11.367270] (-) TimerEvent: {}
[11.384204] (test_tool) StdoutLine: {'line': b'-- Found ament_lint_auto: 0.12.14 (/opt/ros/humble/share/ament_lint_auto/cmake)\n'}
[11.467428] (-) TimerEvent: {}
[11.529724] (test_tool) StdoutLine: {'line': b"-- Added test 'cppcheck' to perform static code analysis on C / C++ code\n"}
[11.530578] (test_tool) StdoutLine: {'line': b'-- Configured cppcheck include dirs: /home/maddy/iris_test_tool/src/test_tool/include/test_tool\n'}
[11.530810] (test_tool) StdoutLine: {'line': b'-- Configured cppcheck exclude dirs and/or files: \n'}
[11.533282] (test_tool) StdoutLine: {'line': b"-- Added test 'lint_cmake' to check CMake code style\n"}
[11.536331] (test_tool) StdoutLine: {'line': b"-- Added test 'uncrustify' to check C / C++ code style\n"}
[11.536618] (test_tool) StdoutLine: {'line': b'-- Configured uncrustify additional arguments: \n'}
[11.537333] (test_tool) StdoutLine: {'line': b"-- Added test 'xmllint' to check XML markup files\n"}
[11.538758] (test_tool) StdoutLine: {'line': b'-- Configuring done\n'}
[11.567627] (-) TimerEvent: {}
[11.668163] (-) TimerEvent: {}
[11.698603] (test_tool) StdoutLine: {'line': b'-- Generating done\n'}
[11.715235] (test_tool) StdoutLine: {'line': b'-- Build files have been written to: /home/maddy/iris_test_tool/build/test_tool\n'}
[11.733380] (test_tool) CommandEnded: {'returncode': 0}
[11.737353] (test_tool) JobProgress: {'identifier': 'test_tool', 'progress': 'build'}
[11.737471] (test_tool) Command: {'cmd': ['/usr/bin/cmake', '--build', '/home/maddy/iris_test_tool/build/test_tool', '--', '-j8', '-l8'], 'cwd': '/home/maddy/iris_test_tool/build/test_tool', 'env': OrderedDict([('USER', 'maddy'), ('SHLVL', '1'), ('LD_LIBRARY_PATH', '/opt/ros/humble/opt/rviz_ogre_vendor/lib:/opt/ros/humble/lib/x86_64-linux-gnu:/opt/ros/humble/lib'), ('HOME', '/home/maddy'), ('OLDPWD', '/home/maddy'), ('LESS', '-R'), ('ZSH', '/home/maddy/.oh-my-zsh'), ('LSCOLORS', 'exfxcxdxbxegedabagacad'), ('PAGER', 'less'), ('ROS_PYTHON_VERSION', '3'), ('GREP_COLORS', 'mt=1;33'), ('DBUS_SESSION_BUS_ADDRESS', 'unix:path=/run/user/1000/bus'), ('WSL_DISTRO_NAME', 'Ubuntu-22.04'), ('WAYLAND_DISPLAY', 'wayland-0'), ('ROS_DISTRO', 'humble'), ('LOGNAME', 'maddy'), ('PULSE_SERVER', 'unix:/mnt/wslg/PulseServer'), ('WSL_INTEROP', '/run/WSL/2387_interop'), ('NAME', 'RMCCORPDE-DT024'), ('_', '/usr/bin/colcon'), ('ROS_VERSION', '2'), ('TERM', 'xterm-256color'), ('ROS_LOCALHOST_ONLY', '0'), ('PATH', '/opt/ros/humble/bin:/usr/local/sbin:/usr/local/bin:/usr/sbin:/usr/bin:/sbin:/bin:/usr/games:/usr/local/games:/usr/lib/wsl/lib:/mnt/c/Program Files/Common Files/Oracle/Java/javapath:/mnt/c/Program Files/Eclipse Adoptium/jdk-17.0.15.6-hotspot/bin:/mnt/c/Program Files (x86)/Common Files/Oracle/Java/java8path:/mnt/c/Program Files (x86)/Common Files/Oracle/Java/javapath:/mnt/c/Windows/system32:/mnt/c/Windows:/mnt/c/Windows/System32/Wbem:/mnt/c/Windows/System32/WindowsPowerShell/v1.0/:/mnt/c/Windows/System32/OpenSSH/:/mnt/c/Program Files/dotnet/:/mnt/c/Program Files/Git/cmd:/mnt/c/Program Files (x86)/Microsoft SQL Server/160/Tools/Binn/:/mnt/c/Program Files/Microsoft SQL Server/160/Tools/Binn/:/mnt/c/Program Files/Microsoft SQL Server/Client SDK/ODBC/170/Tools/Binn/:/mnt/c/Program Files/Microsoft SQL Server/160/DTS/Binn/:/mnt/c/Program Files (x86)/Windows Kits/10/Windows Performance Toolkit/:/mnt/c/Program Files/PostgreSQL/17/bin:/mnt/c/sonar-scanner-7.1.0.4889-windows-x64/bin:/mnt/c/msys64/mingw64/bin:/mnt/c/Program Files/CMake/bin:/mnt/c/Users/RMCPDEDT024/AppData/Local/Programs/Python/Python313/Scripts/:/mnt/c/Users/RMCPDEDT024/AppData/Local/Programs/Python/Python313/:/mnt/c/Users/RMCPDEDT024/AppData/Local/Programs/Python/Launcher/:/mnt/c/Users/RMCPDEDT024/AppData/Local/Microsoft/WindowsApps:/mnt/c/Users/RMCPDEDT024/AppData/Local/Programs/Microsoft VS Code/bin:/mnt/c/Users/RMCPDEDT024/AppData/Local/Python/bin'), ('XDG_RUNTIME_DIR', '/run/user/1000/'), ('DISPLAY', ':0'), ('LANG', 'en_US.UTF-8'), ('LS_COLORS', 'di=34;40:ln=35;40:so=32;40:pi=33;40:ex=31;40:bd=34;46:cd=34;43:su=0;41:sg=0;46:tw=0;42:ow=0;43:'), ('AMENT_PREFIX_PATH', '/opt/ros/humble'), ('SHELL', '/usr/bin/zsh'), ('PWD', '/home/maddy/iris_test_tool/build/test_tool'), ('PYTHONPATH', '/opt/ros/humble/lib/python3.10/site-packages:/opt/ros/humble/local/lib/python3.10/dist-packages'), ('COLCON', '1'), ('HOSTTYPE', 'x86_64'), ('WSL2_GUI_APPS_ENABLED', '1'), ('WSLENV', ''), ('CMAKE_PREFIX_PATH', '/opt/ros/humble')]), 'shell': False}
[11.768367] (-) TimerEvent: {}
[11.823274] (test_tool) StdoutLine: {'line': b'[ 15%] \x1b[34m\x1b[1mAutomatic MOC and UIC for target test_tool\x1b[0m\n'}
[11.823592] (test_tool) StdoutLine: {'line': b'[ 15%] \x1b[34m\x1b[1mAutomatic MOC and UIC for target dummy_test\x1b[0m\n'}
[11.823856] (test_tool) StdoutLine: {'line': b'[ 23%] \x1b[34m\x1b[1mAutomatic MOC and UIC for target dummy_test_1\x1b[0m\n'}
[11.857875] (test_tool) StdoutLine: {'line': b'[ 23%] Built target dummy_test_1_autogen\n'}
[11.858159] (test_tool) StdoutLine: {'line': b'[ 23%] Built target dummy_test_autogen\n'}
[11.868659] (-) TimerEvent: {}
[11.877507] (test_tool) StdoutLine: {'line': b'\x1b[35m\x1b[1mConsolidate compiler generated dependencies of target dummy_test\x1b[0m\n'}
[11.878425] (test_tool) StdoutLine: {'line': b'\x1b[35m\x1b[1mConsolidate compiler generated dependencies of target dummy_test_1\x1b[0m\n'}
[11.916220] (test_tool) StdoutLine: {'line': b'[ 46%] Built target dummy_test\n'}
[11.918568] (test_tool) StdoutLine: {'line': b'[ 69%] Built target dummy_test_1\n'}
[11.968822] (-) TimerEvent: {}
[12.069370] (-) TimerEvent: {}
[12.169897] (-) TimerEvent: {}
[12.270422] (-) TimerEvent: {}
[12.371060] (-) TimerEvent: {}
[12.442037] (test_tool) StdoutLine: {'line': b'[ 69%] Built target test_tool_autogen\n'}
[12.470044] (test_tool) StdoutLine: {'line': b'\x1b[35m\x1b[1mConsolidate compiler generated dependencies of target test_tool\x1b[0m\n'}
[12.471139] (-) TimerEvent: {}
[12.514448] (test_tool) StdoutLine: {'line': b'[ 76%] \x1b[32mBuilding CXX object CMakeFiles/test_tool.dir/src/iris_tool/main.cpp.o\x1b[0m\n'}
[12.516388] (test_tool) StdoutLine: {'line': b'[ 84%] \x1b[32mBuilding CXX object CMakeFiles/test_tool.dir/test_tool_autogen/mocs_compilation.cpp.o\x1b[0m\n'}
[12.518968] (test_tool) StdoutLine: {'line': b'[ 92%] \x1b[32mBuilding CXX object CMakeFiles/test_tool.dir/src/iris_tool/mainwindow.cpp.o\x1b[0m\n'}
[12.571325] (-) TimerEvent: {}
[12.671957] (-) TimerEvent: {}
[12.772625] (-) TimerEvent: {}
[12.873474] (-) TimerEvent: {}
[12.973990] (-) TimerEvent: {}
[13.074596] (-) TimerEvent: {}
[13.175169] (-) TimerEvent: {}
[13.275827] (-) TimerEvent: {}
[13.376390] (-) TimerEvent: {}
[13.476901] (-) TimerEvent: {}
[13.577436] (-) TimerEvent: {}
[13.678019] (-) TimerEvent: {}
[13.779090] (-) TimerEvent: {}
[13.879738] (-) TimerEvent: {}
[13.980923] (-) TimerEvent: {}
[14.082237] (-) TimerEvent: {}
[14.182931] (-) TimerEvent: {}
[14.283678] (-) TimerEvent: {}
[14.385306] (-) TimerEvent: {}
[14.486091] (-) TimerEvent: {}
[14.586907] (-) TimerEvent: {}
[14.687665] (-) TimerEvent: {}
[14.788459] (-) TimerEvent: {}
[14.889000] (-) TimerEvent: {}
[14.989742] (-) TimerEvent: {}
[15.090675] (-) TimerEvent: {}
[15.193470] (-) TimerEvent: {}
[15.294284] (-) TimerEvent: {}
[15.395343] (-) TimerEvent: {}
[15.496903] (-) TimerEvent: {}
[15.597560] (-) TimerEvent: {}
[15.698426] (-) TimerEvent: {}
[15.799213] (-) TimerEvent: {}
[15.900055] (-) TimerEvent: {}
[16.000862] (-) TimerEvent: {}
[16.103432] (-) TimerEvent: {}
[16.204051] (-) TimerEvent: {}
[16.304683] (-) TimerEvent: {}
[16.405337] (-) TimerEvent: {}
[16.506884] (-) TimerEvent: {}
[16.608555] (-) TimerEvent: {}
[16.709577] (-) TimerEvent: {}
[16.810359] (-) TimerEvent: {}
[16.911115] (-) TimerEvent: {}
[17.011801] (-) TimerEvent: {}
[17.112517] (-) TimerEvent: {}
[17.213203] (-) TimerEvent: {}
[17.313718] (-) TimerEvent: {}
[17.414370] (-) TimerEvent: {}
[17.515001] (-) TimerEvent: {}
[17.615503] (-) TimerEvent: {}
[17.716121] (-) TimerEvent: {}
[17.816714] (-) TimerEvent: {}
[17.917382] (-) TimerEvent: {}
[18.018026] (-) TimerEvent: {}
[18.118689] (-) TimerEvent: {}
[18.219288] (-) TimerEvent: {}
[18.320129] (-) TimerEvent: {}
[18.420739] (-) TimerEvent: {}
[18.522634] (-) TimerEvent: {}
[18.623140] (-) TimerEvent: {}
[18.723646] (-) TimerEvent: {}
[18.824264] (-) TimerEvent: {}
[18.925000] (-) TimerEvent: {}
[19.025756] (-) TimerEvent: {}
[19.126234] (-) TimerEvent: {}
[19.227977] (-) TimerEvent: {}
[19.328494] (-) TimerEvent: {}
[19.429100] (-) TimerEvent: {}
[19.530132] (-) TimerEvent: {}
[19.631038] (-) TimerEvent: {}
[19.731905] (-) TimerEvent: {}
[19.832480] (-) TimerEvent: {}
[19.933094] (-) TimerEvent: {}
[20.033622] (-) TimerEvent: {}
[20.134364] (-) TimerEvent: {}
[20.235023] (-) TimerEvent: {}
[20.335719] (-) TimerEvent: {}
[20.436563] (-) TimerEvent: {}
[20.537598] (-) TimerEvent: {}
[20.638250] (-) TimerEvent: {}
[20.738781] (-) TimerEvent: {}
[20.839349] (-) TimerEvent: {}
[20.939969] (-) TimerEvent: {}
[21.040632] (-) TimerEvent: {}
[21.141478] (-) TimerEvent: {}
[21.242271] (-) TimerEvent: {}
[21.343014] (-) TimerEvent: {}
[21.443654] (-) TimerEvent: {}
[21.544213] (-) TimerEvent: {}
[21.644808] (-) TimerEvent: {}
[21.745450] (-) TimerEvent: {}
[21.846326] (-) TimerEvent: {}
[21.947305] (-) TimerEvent: {}
[22.048000] (-) TimerEvent: {}
[22.148528] (-) TimerEvent: {}
[22.249079] (-) TimerEvent: {}
[22.349643] (-) TimerEvent: {}
[22.450155] (-) TimerEvent: {}
[22.550626] (-) TimerEvent: {}
[22.651330] (-) TimerEvent: {}
[22.701666] (test_tool) StderrLine: {'line': b'\x1b[01m\x1b[K/home/maddy/iris_test_tool/src/test_tool/src/iris_tool/mainwindow.cpp:10:37:\x1b[m\x1b[K \x1b[01;31m\x1b[Kerror: \x1b[m\x1b[Kexpected \xe2\x80\x98\x1b[01m\x1b[K;\x1b[m\x1b[K\xe2\x80\x99 before \xe2\x80\x98\x1b[01m\x1b[KMainWindow\x1b[m\x1b[K\xe2\x80\x99\n'}
[22.702283] (test_tool) StderrLine: {'line': b'   10 | using namespace std::chrono_literals\n'}
[22.702514] (test_tool) StderrLine: {'line': b'      |                                     \x1b[01;31m\x1b[K^\x1b[m\x1b[K\n'}
[22.702738] (test_tool) StderrLine: {'line': b'      |                                     \x1b[32m\x1b[K;\x1b[m\x1b[K\n'}
[22.702960] (test_tool) StderrLine: {'line': b'   11 | \n'}
[22.703196] (test_tool) StderrLine: {'line': b'   12 | \x1b[32m\x1b[KMainWindow\x1b[m\x1b[K::MainWindow(QWidget *parent)\n'}
[22.703322] (test_tool) StderrLine: {'line': b'      | \x1b[32m\x1b[K~~~~~~~~~~\x1b[m\x1b[K                           \n'}
[22.719492] (test_tool) StderrLine: {'line': b'\x1b[01m\x1b[K/home/maddy/iris_test_tool/src/test_tool/src/iris_tool/mainwindow.cpp:\x1b[m\x1b[K In member function \xe2\x80\x98\x1b[01m\x1b[Kvoid MainWindow::onItemChanged(QListWidgetItem*, rcl_interfaces::msg::Log_<std::allocator<void> >::SharedPtr)\x1b[m\x1b[K\xe2\x80\x99:\n'}
[22.720179] (test_tool) StderrLine: {'line': b'\x1b[01m\x1b[K/home/maddy/iris_test_tool/src/test_tool/src/iris_tool/mainwindow.cpp:110:41:\x1b[m\x1b[K \x1b[01;31m\x1b[Kerror: \x1b[m\x1b[K\xe2\x80\x98\x1b[01m\x1b[Kbegin\x1b[m\x1b[K\xe2\x80\x99 was not declared in this scope; did you mean \xe2\x80\x98\x1b[01m\x1b[Kstd::begin\x1b[m\x1b[K\xe2\x80\x99?\n'}
[22.720953] (test_tool) StderrLine: {'line': b'  110 |     for (const QString &selected_node : \x1b[01;31m\x1b[Knodes\x1b[m\x1b[K) {\n'}
[22.721211] (test_tool) StderrLine: {'line': b'      |                                         \x1b[01;31m\x1b[K^~~~~\x1b[m\x1b[K\n'}
[22.721392] (test_tool) StderrLine: {'line': b'      |                                         \x1b[32m\x1b[Kstd::begin\x1b[m\x1b[K\n'}
[22.721553] (test_tool) StderrLine: {'line': b'In file included from \x1b[01m\x1b[K/usr/include/c++/11/array:41\x1b[m\x1b[K,\n'}
[22.721757] (test_tool) StderrLine: {'line': b'                 from \x1b[01m\x1b[K/usr/include/c++/11/tuple:39\x1b[m\x1b[K,\n'}
[22.721980] (test_tool) StderrLine: {'line': b'                 from \x1b[01m\x1b[K/usr/include/c++/11/functional:54\x1b[m\x1b[K,\n'}
[22.722166] (test_tool) StderrLine: {'line': b'                 from \x1b[01m\x1b[K/usr/include/c++/11/pstl/glue_algorithm_defs.h:13\x1b[m\x1b[K,\n'}
[22.722345] (test_tool) StderrLine: {'line': b'                 from \x1b[01m\x1b[K/usr/include/c++/11/algorithm:74\x1b[m\x1b[K,\n'}
[22.722522] (test_tool) StderrLine: {'line': b'                 from \x1b[01m\x1b[K/usr/include/x86_64-linux-gnu/qt6/QtCore/qglobal.h:137\x1b[m\x1b[K,\n'}
[22.722846] (test_tool) StderrLine: {'line': b'                 from \x1b[01m\x1b[K/usr/include/x86_64-linux-gnu/qt6/QtGui/qtguiglobal.h:43\x1b[m\x1b[K,\n'}
[22.723064] (test_tool) StderrLine: {'line': b'                 from \x1b[01m\x1b[K/usr/include/x86_64-linux-gnu/qt6/QtWidgets/qtwidgetsglobal.h:43\x1b[m\x1b[K,\n'}
[22.723596] (test_tool) StderrLine: {'line': b'                 from \x1b[01m\x1b[K/usr/include/x86_64-linux-gnu/qt6/QtWidgets/qmainwindow.h:43\x1b[m\x1b[K,\n'}
[22.723868] (test_tool) StderrLine: {'line': b'                 from \x1b[01m\x1b[K/usr/include/x86_64-linux-gnu/qt6/QtWidgets/QMainWindow:1\x1b[m\x1b[K,\n'}
[22.724611] (test_tool) StderrLine: {'line': b'                 from \x1b[01m\x1b[K/home/maddy/iris_test_tool/src/test_tool/include/test_tool/mainwindow.h:4\x1b[m\x1b[K,\n'}
[22.725449] (test_tool) StderrLine: {'line': b'                 from \x1b[01m\x1b[K/home/maddy/iris_test_tool/src/test_tool/src/iris_tool/mainwindow.cpp:1\x1b[m\x1b[K:\n'}
[22.725948] (test_tool) StderrLine: {'line': b'\x1b[01m\x1b[K/usr/include/c++/11/bits/range_access.h:108:37:\x1b[m\x1b[K \x1b[01;36m\x1b[Knote: \x1b[m\x1b[K\xe2\x80\x98\x1b[01m\x1b[Kstd::begin\x1b[m\x1b[K\xe2\x80\x99 declared here\n'}
[22.726234] (test_tool) StderrLine: {'line': b'  108 |   template<typename _Tp> const _Tp* \x1b[01;36m\x1b[Kbegin\x1b[m\x1b[K(const valarray<_Tp>&) noexcept;\n'}
[22.726705] (test_tool) StderrLine: {'line': b'      |                                     \x1b[01;36m\x1b[K^~~~~\x1b[m\x1b[K\n'}
[22.727296] (test_tool) StderrLine: {'line': b'\x1b[01m\x1b[K/home/maddy/iris_test_tool/src/test_tool/src/iris_tool/mainwindow.cpp:110:41:\x1b[m\x1b[K \x1b[01;31m\x1b[Kerror: \x1b[m\x1b[K\xe2\x80\x98\x1b[01m\x1b[Kend\x1b[m\x1b[K\xe2\x80\x99 was not declared in this scope; did you mean \xe2\x80\x98\x1b[01m\x1b[Kstd::end\x1b[m\x1b[K\xe2\x80\x99?\n'}
[22.727641] (test_tool) StderrLine: {'line': b'  110 |     for (const QString &selected_node : \x1b[01;31m\x1b[Knodes\x1b[m\x1b[K) {\n'}
[22.727862] (test_tool) StderrLine: {'line': b'      |                                         \x1b[01;31m\x1b[K^~~~~\x1b[m\x1b[K\n'}
[22.728069] (test_tool) StderrLine: {'line': b'      |                                         \x1b[32m\x1b[Kstd::end\x1b[m\x1b[K\n'}
[22.728379] (test_tool) StderrLine: {'line': b'In file included from \x1b[01m\x1b[K/usr/include/c++/11/array:41\x1b[m\x1b[K,\n'}
[22.729522] (test_tool) StderrLine: {'line': b'                 from \x1b[01m\x1b[K/usr/include/c++/11/tuple:39\x1b[m\x1b[K,\n'}
[22.729713] (test_tool) StderrLine: {'line': b'                 from \x1b[01m\x1b[K/usr/include/c++/11/functional:54\x1b[m\x1b[K,\n'}
[22.729908] (test_tool) StderrLine: {'line': b'                 from \x1b[01m\x1b[K/usr/include/c++/11/pstl/glue_algorithm_defs.h:13\x1b[m\x1b[K,\n'}
[22.730134] (test_tool) StderrLine: {'line': b'                 from \x1b[01m\x1b[K/usr/include/c++/11/algorithm:74\x1b[m\x1b[K,\n'}
[22.730295] (test_tool) StderrLine: {'line': b'                 from \x1b[01m\x1b[K/usr/include/x86_64-linux-gnu/qt6/QtCore/qglobal.h:137\x1b[m\x1b[K,\n'}
[22.730449] (test_tool) StderrLine: {'line': b'                 from \x1b[01m\x1b[K/usr/include/x86_64-linux-gnu/qt6/QtGui/qtguiglobal.h:43\x1b[m\x1b[K,\n'}
[22.730604] (test_tool) StderrLine: {'line': b'                 from \x1b[01m\x1b[K/usr/include/x86_64-linux-gnu/qt6/QtWidgets/qtwidgetsglobal.h:43\x1b[m\x1b[K,\n'}
[22.730757] (test_tool) StderrLine: {'line': b'                 from \x1b[01m\x1b[K/usr/include/x86_64-linux-gnu/qt6/QtWidgets/qmainwindow.h:43\x1b[m\x1b[K,\n'}
[22.730909] (test_tool) StderrLine: {'line': b'                 from \x1b[01m\x1b[K/usr/include/x86_64-linux-gnu/qt6/QtWidgets/QMainWindow:1\x1b[m\x1b[K,\n'}
[22.731082] (test_tool) StderrLine: {'line': b'                 from \x1b[01m\x1b[K/home/maddy/iris_test_tool/src/test_tool/include/test_tool/mainwindow.h:4\x1b[m\x1b[K,\n'}
[22.731235] (test_tool) StderrLine: {'line': b'                 from \x1b[01m\x1b[K/home/maddy/iris_test_tool/src/test_tool/src/iris_tool/mainwindow.cpp:1\x1b[m\x1b[K:\n'}
[22.731421] (test_tool) StderrLine: {'line': b'\x1b[01m\x1b[K/usr/include/c++/11/bits/range_access.h:110:37:\x1b[m\x1b[K \x1b[01;36m\x1b[Knote: \x1b[m\x1b[K\xe2\x80\x98\x1b[01m\x1b[Kstd::end\x1b[m\x1b[K\xe2\x80\x99 declared here\n'}
[22.731646] (test_tool) StderrLine: {'line': b'  110 |   template<typename _Tp> const _Tp* \x1b[01;36m\x1b[Kend\x1b[m\x1b[K(const valarray<_Tp>&) noexcept;\n'}
[22.731826] (test_tool) StderrLine: {'line': b'      |                                     \x1b[01;36m\x1b[K^~~\x1b[m\x1b[K\n'}
[22.732024] (test_tool) StderrLine: {'line': b'\x1b[01m\x1b[K/home/maddy/iris_test_tool/src/test_tool/src/iris_tool/mainwindow.cpp:112:63:\x1b[m\x1b[K \x1b[01;31m\x1b[Kerror: \x1b[m\x1b[Krequest for member \xe2\x80\x98\x1b[01m\x1b[KindexOf\x1b[m\x1b[K\xe2\x80\x99 in \xe2\x80\x98\x1b[01m\x1b[K((MainWindow*)this)->MainWindow::nodes\x1b[m\x1b[K\xe2\x80\x99, which is of pointer type \xe2\x80\x98\x1b[01m\x1b[KQStringList*\x1b[m\x1b[K\xe2\x80\x99 {aka \xe2\x80\x98\x1b[01m\x1b[KQList<QString>*\x1b[m\x1b[K\xe2\x80\x99} (maybe you meant to use \xe2\x80\x98\x1b[01m\x1b[K->\x1b[m\x1b[K\xe2\x80\x99 ?)\n'}
[22.732220] (test_tool) StderrLine: {'line': b'  112 |         QListWidgetItem *listItem = ui->node_list->item(nodes.\x1b[01;31m\x1b[KindexOf\x1b[m\x1b[K(selected_node));\n'}
[22.732409] (test_tool) StderrLine: {'line': b'      |                                                               \x1b[01;31m\x1b[K^~~~~~~\x1b[m\x1b[K\n'}
[22.732600] (test_tool) StderrLine: {'line': b'\x1b[01m\x1b[K/home/maddy/iris_test_tool/src/test_tool/src/iris_tool/mainwindow.cpp:107:9:\x1b[m\x1b[K \x1b[01;35m\x1b[Kwarning: \x1b[m\x1b[Kunused variable \xe2\x80\x98\x1b[01m\x1b[Kindex\x1b[m\x1b[K\xe2\x80\x99 [\x1b[01;35m\x1b[K\x1b]8;;https://gcc.gnu.org/onlinedocs/gcc/Warning-Options.html#index-Wunused-variable\x07-Wunused-variable\x1b]8;;\x07\x1b[m\x1b[K]\n'}
[22.732796] (test_tool) StderrLine: {'line': b'  107 |     int \x1b[01;35m\x1b[Kindex\x1b[m\x1b[K ;\n'}
[22.732987] (test_tool) StderrLine: {'line': b'      |         \x1b[01;35m\x1b[K^~~~~\x1b[m\x1b[K\n'}
[22.751486] (-) TimerEvent: {}
[22.851992] (-) TimerEvent: {}
[22.952527] (-) TimerEvent: {}
[23.053108] (-) TimerEvent: {}
[23.153782] (-) TimerEvent: {}
[23.254488] (-) TimerEvent: {}
[23.281953] (test_tool) StderrLine: {'line': b'In file included from \x1b[01m\x1b[K/usr/include/x86_64-linux-gnu/qt6/QtWidgets/qwidget.h:45\x1b[m\x1b[K,\n'}
[23.282368] (test_tool) StderrLine: {'line': b'                 from \x1b[01m\x1b[K/usr/include/x86_64-linux-gnu/qt6/QtWidgets/qmainwindow.h:44\x1b[m\x1b[K,\n'}
[23.282593] (test_tool) StderrLine: {'line': b'                 from \x1b[01m\x1b[K/usr/include/x86_64-linux-gnu/qt6/QtWidgets/QMainWindow:1\x1b[m\x1b[K,\n'}
[23.282801] (test_tool) StderrLine: {'line': b'                 from \x1b[01m\x1b[K/home/maddy/iris_test_tool/src/test_tool/include/test_tool/mainwindow.h:4\x1b[m\x1b[K,\n'}
[23.283021] (test_tool) StderrLine: {'line': b'                 from \x1b[01m\x1b[K/home/maddy/iris_test_tool/src/test_tool/src/iris_tool/mainwindow.cpp:1\x1b[m\x1b[K:\n'}
[23.283225] (test_tool) StderrLine: {'line': b'/usr/include/x86_64-linux-gnu/qt6/QtCore/qobject.h: In instantiation of \xe2\x80\x98\x1b[01m\x1b[Kstatic QMetaObject::Connection QObject::connect(const typename QtPrivate::FunctionPointer<Func>::Object*, Func1, const typename QtPrivate::FunctionPointer<Func2>::Object*, Func2, Qt::ConnectionType) [with Func1 = void (Qtros::*)(const QString&, const QString&, int); Func2 = void (MainWindow::*)(std::shared_ptr<rcl_interfaces::msg::Log_<std::allocator<void> > >); typename QtPrivate::FunctionPointer<Func>::Object = Qtros; typename QtPrivate::FunctionPointer<Func2>::Object = MainWindow]\x1b[m\x1b[K\xe2\x80\x99:\n'}
[23.283459] (test_tool) StderrLine: {'line': b'\x1b[01m\x1b[K/home/maddy/iris_test_tool/src/test_tool/src/iris_tool/mainwindow.cpp:24:12:\x1b[m\x1b[K   required from here\n'}
[23.283808] (test_tool) StderrLine: {'line': b'\x1b[01m\x1b[K/usr/include/x86_64-linux-gnu/qt6/QtCore/qobject.h:230:123:\x1b[m\x1b[K \x1b[01;31m\x1b[Kerror: \x1b[m\x1b[Kstatic assertion failed: Signal and slot arguments are not compatible.\n'}
[23.284043] (test_tool) StderrLine: {'line': b'  230 |         static_assert(\x1b[01;31m\x1b[K(QtPrivate::CheckCompatibleArguments<typename SignalType::Arguments, typename SlotType::Arguments>::value)\x1b[m\x1b[K,\n'}
[23.284254] (test_tool) StderrLine: {'line': b'      |                       \x1b[01;31m\x1b[K~~~~~~~~~~~~~~~~~~~~~~~~~~~~~~~~~~~~~~~~~~~~~~~~~~~~~~~~~~~~~~~~~~~~~~~~~~~~~~~~~~~~~~~~~~~~~~~~~~~~^~~~~~\x1b[m\x1b[K\n'}
[23.284458] (test_tool) StderrLine: {'line': b'\x1b[01m\x1b[K/usr/include/x86_64-linux-gnu/qt6/QtCore/qobject.h:230:123:\x1b[m\x1b[K \x1b[01;36m\x1b[Knote: \x1b[m\x1b[K\xe2\x80\x98\x1b[01m\x1b[KQtPrivate::CheckCompatibleArguments<QtPrivate::List<const QString&, const QString&, int>, QtPrivate::List<std::shared_ptr<rcl_interfaces::msg::Log_<std::allocator<void> > > > >::value\x1b[m\x1b[K\xe2\x80\x99 evaluates to false\n'}
[23.284888] (test_tool) StderrLine: {'line': b'/usr/include/x86_64-linux-gnu/qt6/QtCore/qobject.h: In instantiation of \xe2\x80\x98\x1b[01m\x1b[Kstatic QMetaObject::Connection QObject::connect(const typename QtPrivate::FunctionPointer<Func>::Object*, Func1, const typename QtPrivate::FunctionPointer<Func2>::Object*, Func2, Qt::ConnectionType) [with Func1 = void (QListWidget::*)(QListWidgetItem*); Func2 = void (MainWindow::*)(QListWidgetItem*, std::shared_ptr<rcl_interfaces::msg::Log_<std::allocator<void> > >); typename QtPrivate::FunctionPointer<Func>::Object = QListWidget; typename QtPrivate::FunctionPointer<Func2>::Object = MainWindow]\x1b[m\x1b[K\xe2\x80\x99:\n'}
[23.285127] (test_tool) StderrLine: {'line': b'\x1b[01m\x1b[K/home/maddy/iris_test_tool/src/test_tool/src/iris_tool/mainwindow.cpp:27:12:\x1b[m\x1b[K   required from here\n'}
[23.285572] (test_tool) StderrLine: {'line': b'\x1b[01m\x1b[K/usr/include/x86_64-linux-gnu/qt6/QtCore/qobject.h:228:54:\x1b[m\x1b[K \x1b[01;31m\x1b[Kerror: \x1b[m\x1b[Kstatic assertion failed: The slot requires more arguments than the signal provides.\n'}
[23.287934] (test_tool) StderrLine: {'line': b'  228 |         static_assert(\x1b[01;31m\x1b[Kint(SignalType::ArgumentCount) >= int(SlotType::ArgumentCount)\x1b[m\x1b[K,\n'}
[23.288436] (test_tool) StderrLine: {'line': b'      |                       \x1b[01;31m\x1b[K~~~~~~~~~~~~~~~~~~~~~~~~~~~~~~~^~~~~~~~~~~~~~~~~~~~~~~~~~~~~~~\x1b[m\x1b[K\n'}
[23.288775] (test_tool) StderrLine: {'line': b'\x1b[01m\x1b[K/usr/include/x86_64-linux-gnu/qt6/QtCore/qobject.h:228:54:\x1b[m\x1b[K \x1b[01;36m\x1b[Knote: \x1b[m\x1b[K\xe2\x80\x98\x1b[01m\x1b[K(((int)QtPrivate::FunctionPointer<void (QListWidget::*)(QListWidgetItem*)>::ArgumentCount) >= ((int)QtPrivate::FunctionPointer<void (MainWindow::*)(QListWidgetItem*, std::shared_ptr<rcl_interfaces::msg::Log_<std::allocator<void> > >)>::ArgumentCount))\x1b[m\x1b[K\xe2\x80\x99 evaluates to false\n'}
[23.289094] (test_tool) StderrLine: {'line': b'\x1b[01m\x1b[K/usr/include/x86_64-linux-gnu/qt6/QtCore/qobject.h:230:123:\x1b[m\x1b[K \x1b[01;31m\x1b[Kerror: \x1b[m\x1b[Kstatic assertion failed: Signal and slot arguments are not compatible.\n'}
[23.289384] (test_tool) StderrLine: {'line': b'  230 |         static_assert(\x1b[01;31m\x1b[K(QtPrivate::CheckCompatibleArguments<typename SignalType::Arguments, typename SlotType::Arguments>::value)\x1b[m\x1b[K,\n'}
[23.290146] (test_tool) StderrLine: {'line': b'      |                       \x1b[01;31m\x1b[K~~~~~~~~~~~~~~~~~~~~~~~~~~~~~~~~~~~~~~~~~~~~~~~~~~~~~~~~~~~~~~~~~~~~~~~~~~~~~~~~~~~~~~~~~~~~~~~~~~~~^~~~~~\x1b[m\x1b[K\n'}
[23.290648] (test_tool) StderrLine: {'line': b'\x1b[01m\x1b[K/usr/include/x86_64-linux-gnu/qt6/QtCore/qobject.h:230:123:\x1b[m\x1b[K \x1b[01;36m\x1b[Knote: \x1b[m\x1b[K\xe2\x80\x98\x1b[01m\x1b[KQtPrivate::CheckCompatibleArguments<QtPrivate::List<QListWidgetItem*>, QtPrivate::List<QListWidgetItem*, std::shared_ptr<rcl_interfaces::msg::Log_<std::allocator<void> > > > >::value\x1b[m\x1b[K\xe2\x80\x99 evaluates to false\n'}
[23.290954] (test_tool) StderrLine: {'line': b'In file included from \x1b[01m\x1b[K/usr/include/x86_64-linux-gnu/qt6/QtCore/qobjectdefs.h:49\x1b[m\x1b[K,\n'}
[23.291270] (test_tool) StderrLine: {'line': b'                 from \x1b[01m\x1b[K/usr/include/x86_64-linux-gnu/qt6/QtGui/qwindowdefs.h:44\x1b[m\x1b[K,\n'}
[23.291537] (test_tool) StderrLine: {'line': b'                 from \x1b[01m\x1b[K/usr/include/x86_64-linux-gnu/qt6/QtWidgets/qwidget.h:44\x1b[m\x1b[K,\n'}
[23.291788] (test_tool) StderrLine: {'line': b'                 from \x1b[01m\x1b[K/usr/include/x86_64-linux-gnu/qt6/QtWidgets/qmainwindow.h:44\x1b[m\x1b[K,\n'}
[23.292088] (test_tool) StderrLine: {'line': b'                 from \x1b[01m\x1b[K/usr/include/x86_64-linux-gnu/qt6/QtWidgets/QMainWindow:1\x1b[m\x1b[K,\n'}
[23.292317] (test_tool) StderrLine: {'line': b'                 from \x1b[01m\x1b[K/home/maddy/iris_test_tool/src/test_tool/include/test_tool/mainwindow.h:4\x1b[m\x1b[K,\n'}
[23.292547] (test_tool) StderrLine: {'line': b'                 from \x1b[01m\x1b[K/home/maddy/iris_test_tool/src/test_tool/src/iris_tool/mainwindow.cpp:1\x1b[m\x1b[K:\n'}
[23.292770] (test_tool) StderrLine: {'line': b'/usr/include/x86_64-linux-gnu/qt6/QtCore/qobjectdefs_impl.h: In instantiation of \xe2\x80\x98\x1b[01m\x1b[Kstruct QtPrivate::List_Left<QtPrivate::List<>, 1>\x1b[m\x1b[K\xe2\x80\x99:\n'}
[23.292997] (test_tool) StderrLine: {'line': b'\x1b[01m\x1b[K/usr/include/x86_64-linux-gnu/qt6/QtCore/qobjectdefs_impl.h:72:118:\x1b[m\x1b[K   required from \xe2\x80\x98\x1b[01m\x1b[Kstruct QtPrivate::List_Left<QtPrivate::List<QListWidgetItem*>, 2>\x1b[m\x1b[K\xe2\x80\x99\n'}
[23.293216] (test_tool) StderrLine: {'line': b'\x1b[01m\x1b[K/usr/include/x86_64-linux-gnu/qt6/QtCore/qobject.h:241:28:\x1b[m\x1b[K   required from \xe2\x80\x98\x1b[01m\x1b[Kstatic QMetaObject::Connection QObject::connect(const typename QtPrivate::FunctionPointer<Func>::Object*, Func1, const typename QtPrivate::FunctionPointer<Func2>::Object*, Func2, Qt::ConnectionType) [with Func1 = void (QListWidget::*)(QListWidgetItem*); Func2 = void (MainWindow::*)(QListWidgetItem*, std::shared_ptr<rcl_interfaces::msg::Log_<std::allocator<void> > >); typename QtPrivate::FunctionPointer<Func>::Object = QListWidget; typename QtPrivate::FunctionPointer<Func2>::Object = MainWindow]\x1b[m\x1b[K\xe2\x80\x99\n'}
[23.293461] (test_tool) StderrLine: {'line': b'\x1b[01m\x1b[K/home/maddy/iris_test_tool/src/test_tool/src/iris_tool/mainwindow.cpp:27:12:\x1b[m\x1b[K   required from here\n'}
[23.293662] (test_tool) StderrLine: {'line': b'\x1b[01m\x1b[K/usr/include/x86_64-linux-gnu/qt6/QtCore/qobjectdefs_impl.h:72:118:\x1b[m\x1b[K \x1b[01;31m\x1b[Kerror: \x1b[m\x1b[Kno type named \xe2\x80\x98\x1b[01m\x1b[KCar\x1b[m\x1b[K\xe2\x80\x99 in \xe2\x80\x98\x1b[01m\x1b[Kstruct QtPrivate::List<>\x1b[m\x1b[K\xe2\x80\x99\n'}
[23.293890] (test_tool) StderrLine: {'line': b'   72 |         typedef typename List_Append<List<typename L::Car>,typename List_Left<typename L::Cdr, N - 1>::Value>::Value \x1b[01;31m\x1b[KValue\x1b[m\x1b[K;\n'}
[23.294136] (test_tool) StderrLine: {'line': b'      |                                                                                                                      \x1b[01;31m\x1b[K^~~~~\x1b[m\x1b[K\n'}
[23.358163] (-) TimerEvent: {}
[23.458740] (-) TimerEvent: {}
[23.559442] (-) TimerEvent: {}
[23.660054] (-) TimerEvent: {}
[23.760710] (-) TimerEvent: {}
[23.861642] (-) TimerEvent: {}
[23.962382] (-) TimerEvent: {}
[24.062936] (-) TimerEvent: {}
[24.163462] (-) TimerEvent: {}
[24.263993] (-) TimerEvent: {}
[24.364503] (-) TimerEvent: {}
[24.465243] (-) TimerEvent: {}
[24.511597] (test_tool) StderrLine: {'line': b'gmake[2]: *** [CMakeFiles/test_tool.dir/build.make:104: CMakeFiles/test_tool.dir/src/iris_tool/mainwindow.cpp.o] Error 1\n'}
[24.512127] (test_tool) StderrLine: {'line': b'gmake[1]: *** [CMakeFiles/Makefile2:144: CMakeFiles/test_tool.dir/all] Error 2\n'}
[24.512551] (test_tool) StderrLine: {'line': b'gmake: *** [Makefile:146: all] Error 2\n'}
[24.518217] (test_tool) CommandEnded: {'returncode': 2}
[24.534667] (test_tool) JobEnded: {'identifier': 'test_tool', 'rc': 2}
[24.546287] (-) EventReactorShutdown: {}
