[0.000000] (-) TimerEvent: {}
[0.000472] (test_tool) JobQueued: {'identifier': 'test_tool', 'dependencies': OrderedDict()}
[0.000572] (test_tool) JobStarted: {'identifier': 'test_tool'}
[0.010597] (test_tool) JobProgress: {'identifier': 'test_tool', 'progress': 'cmake'}
[0.011740] (test_tool) JobProgress: {'identifier': 'test_tool', 'progress': 'build'}
[0.012839] (test_tool) Command: {'cmd': ['/usr/bin/cmake', '--build', '/home/maddy/iris_test_tool/build/test_tool', '--', '-j8', '-l8'], 'cwd': '/home/maddy/iris_test_tool/build/test_tool', 'env': OrderedDict([('TMUX', '/tmp/tmux-1000/default,10035,0'), ('USER', 'maddy'), ('LD_LIBRARY_PATH', '/opt/ros/humble/opt/rviz_ogre_vendor/lib:/opt/ros/humble/lib/x86_64-linux-gnu:/opt/ros/humble/lib'), ('SHLVL', '2'), ('HOME', '/home/maddy'), ('LESS', '-R'), ('OLDPWD', '/home/maddy'), ('TERM_PROGRAM_VERSION', '3.2a'), ('LSCOLORS', 'Gxfxcxdxbxegedabagacad'), ('PAGER', 'less'), ('ROS_PYTHON_VERSION', '3'), ('GREP_COLORS', 'mt=1;33'), ('DBUS_SESSION_BUS_ADDRESS', 'unix:path=/run/user/1000/bus'), ('P9K_TTY', 'old'), ('WSL_DISTRO_NAME', 'Ubuntu-22.04'), ('ROS_DISTRO', 'humble'), ('WAYLAND_DISPLAY', 'wayland-0'), ('LOGNAME', 'maddy'), ('NAME', 'RMCCORPDE-DT024'), ('PULSE_SERVER', 'unix:/mnt/wslg/PulseServer'), ('WSL_INTEROP', '/run/WSL/7108_interop'), ('_', '/usr/bin/colcon'), ('_P9K_SSH_TTY', '/dev/pts/3'), ('ROS_VERSION', '2'), ('TERM', 'screen-256color'), ('ROS_LOCALHOST_ONLY', '0'), ('PATH', '/opt/ros/humble/bin:/usr/local/sbin:/usr/local/bin:/usr/sbin:/usr/bin:/sbin:/bin:/usr/games:/usr/local/games:/usr/lib/wsl/lib:/mnt/c/Program Files/Common Files/Oracle/Java/javapath:/mnt/c/Program Files/Eclipse Adoptium/jdk-17.0.15.6-hotspot/bin:/mnt/c/Program Files (x86)/Common Files/Oracle/Java/java8path:/mnt/c/Program Files (x86)/Common Files/Oracle/Java/javapath:/mnt/c/Windows/system32:/mnt/c/Windows:/mnt/c/Windows/System32/Wbem:/mnt/c/Windows/System32/WindowsPowerShell/v1.0/:/mnt/c/Windows/System32/OpenSSH/:/mnt/c/Program Files/dotnet/:/mnt/c/Program Files/Git/cmd:/mnt/c/Program Files (x86)/Microsoft SQL Server/160/Tools/Binn/:/mnt/c/Program Files/Microsoft SQL Server/160/Tools/Binn/:/mnt/c/Program Files/Microsoft SQL Server/Client SDK/ODBC/170/Tools/Binn/:/mnt/c/Program Files/Microsoft SQL Server/160/DTS/Binn/:/mnt/c/Program Files (x86)/Windows Kits/10/Windows Performance Toolkit/:/mnt/c/Program Files/PostgreSQL/17/bin:/mnt/c/sonar-scanner-7.1.0.4889-windows-x64/bin:/mnt/c/msys64/mingw64/bin:/mnt/c/Program Files/CMake/bin:/mnt/c/Users/RMCPDEDT024/AppData/Local/Programs/Python/Python313/Scripts/:/mnt/c/Users/RMCPDEDT024/AppData/Local/Programs/Python/Python313/:/mnt/c/Users/RMCPDEDT024/AppData/Local/Programs/Python/Launcher/:/mnt/c/Users/RMCPDEDT024/AppData/Local/Microsoft/WindowsApps:/mnt/c/Users/RMCPDEDT024/AppData/Local/Programs/Microsoft VS Code/bin:/mnt/c/Users/RMCPDEDT024/AppData/Local/Python/bin'), ('XDG_RUNTIME_DIR', '/run/user/1000/'), ('DISPLAY', ':0'), ('LANG', 'en_US.UTF-8'), ('LS_COLORS', 'di=34;40:ln=35;40:so=32;40:pi=33;40:ex=31;40:bd=34;46:cd=34;43:su=0;41:sg=0;46:tw=0;42:ow=0;43:'), ('TERM_PROGRAM', 'tmux'), ('AMENT_PREFIX_PATH', '/opt/ros/humble'), ('SHELL', '/usr/bin/zsh'), ('P9K_SSH', '0'), ('PWD', '/home/maddy/iris_test_tool/build/test_tool'), ('_P9K_TTY', '/dev/pts/3'), ('PYTHONPATH', '/opt/ros/humble/lib/python3.10/site-packages:/opt/ros/humble/local/lib/python3.10/dist-packages'), ('COLCON', '1'), ('HOSTTYPE', 'x86_64'), ('TMUX_PANE', '%0'), ('WSL2_GUI_APPS_ENABLED', '1'), ('WSLENV', ''), ('CMAKE_PREFIX_PATH', '/opt/ros/humble')]), 'shell': False}
[0.083910] (test_tool) StdoutLine: {'line': b'[  7%] \x1b[34m\x1b[1mAutomatic MOC and UIC for target dummy_test\x1b[0m\n'}
[0.088359] (test_tool) StdoutLine: {'line': b'[ 14%] \x1b[34m\x1b[1mAutomatic MOC and UIC for target test_tool\x1b[0m\n'}
[0.088987] (test_tool) StdoutLine: {'line': b'[ 21%] \x1b[34m\x1b[1mAutomatic MOC and UIC for target dummy_test_1\x1b[0m\n'}
[0.098485] (-) TimerEvent: {}
[0.118426] (test_tool) StdoutLine: {'line': b'[ 21%] Built target dummy_test_autogen\n'}
[0.121348] (test_tool) StdoutLine: {'line': b'[ 21%] Built target dummy_test_1_autogen\n'}
[0.161448] (test_tool) StdoutLine: {'line': b'[ 42%] Built target dummy_test\n'}
[0.164925] (test_tool) StdoutLine: {'line': b'[ 64%] Built target dummy_test_1\n'}
[0.198659] (-) TimerEvent: {}
[0.299291] (-) TimerEvent: {}
[0.399868] (-) TimerEvent: {}
[0.500482] (-) TimerEvent: {}
[0.601172] (-) TimerEvent: {}
[0.701784] (-) TimerEvent: {}
[0.766988] (test_tool) StdoutLine: {'line': b'[ 64%] Built target test_tool_autogen\n'}
[0.786096] (test_tool) StdoutLine: {'line': b'\x1b[35m\x1b[1mConsolidate compiler generated dependencies of target test_tool\x1b[0m\n'}
[0.801909] (-) TimerEvent: {}
[0.832713] (test_tool) StdoutLine: {'line': b'[ 71%] \x1b[32mBuilding CXX object CMakeFiles/test_tool.dir/test_tool_autogen/mocs_compilation.cpp.o\x1b[0m\n'}
[0.833621] (test_tool) StdoutLine: {'line': b'[ 78%] \x1b[32mBuilding CXX object CMakeFiles/test_tool.dir/src/iris_tool/qt_ros.cpp.o\x1b[0m\n'}
[0.834182] (test_tool) StdoutLine: {'line': b'[ 85%] \x1b[32mBuilding CXX object CMakeFiles/test_tool.dir/src/iris_tool/mainwindow.cpp.o\x1b[0m\n'}
[0.837693] (test_tool) StdoutLine: {'line': b'[ 92%] \x1b[32mBuilding CXX object CMakeFiles/test_tool.dir/src/iris_tool/main.cpp.o\x1b[0m\n'}
[0.902074] (-) TimerEvent: {}
[1.002589] (-) TimerEvent: {}
[1.103095] (-) TimerEvent: {}
[1.203583] (-) TimerEvent: {}
[1.304138] (-) TimerEvent: {}
[1.404708] (-) TimerEvent: {}
[1.505219] (-) TimerEvent: {}
[1.605784] (-) TimerEvent: {}
[1.706337] (-) TimerEvent: {}
[1.806866] (-) TimerEvent: {}
[1.907352] (-) TimerEvent: {}
[2.007922] (-) TimerEvent: {}
[2.108498] (-) TimerEvent: {}
[2.209063] (-) TimerEvent: {}
[2.309565] (-) TimerEvent: {}
[2.410178] (-) TimerEvent: {}
[2.510747] (-) TimerEvent: {}
[2.611305] (-) TimerEvent: {}
[2.711861] (-) TimerEvent: {}
[2.812305] (-) TimerEvent: {}
[2.912875] (-) TimerEvent: {}
[3.013437] (-) TimerEvent: {}
[3.114235] (-) TimerEvent: {}
[3.215101] (-) TimerEvent: {}
[3.315883] (-) TimerEvent: {}
[3.416800] (-) TimerEvent: {}
[3.517657] (-) TimerEvent: {}
[3.618454] (-) TimerEvent: {}
[3.719180] (-) TimerEvent: {}
[3.819873] (-) TimerEvent: {}
[3.920661] (-) TimerEvent: {}
[4.021484] (-) TimerEvent: {}
[4.122367] (-) TimerEvent: {}
[4.223262] (-) TimerEvent: {}
[4.324013] (-) TimerEvent: {}
[4.424782] (-) TimerEvent: {}
[4.525443] (-) TimerEvent: {}
[4.626078] (-) TimerEvent: {}
[4.726805] (-) TimerEvent: {}
[4.827477] (-) TimerEvent: {}
[4.928203] (-) TimerEvent: {}
[5.028808] (-) TimerEvent: {}
[5.129370] (-) TimerEvent: {}
[5.229959] (-) TimerEvent: {}
[5.330502] (-) TimerEvent: {}
[5.431062] (-) TimerEvent: {}
[5.531627] (-) TimerEvent: {}
[5.632236] (-) TimerEvent: {}
[5.732724] (-) TimerEvent: {}
[5.833190] (-) TimerEvent: {}
[5.933710] (-) TimerEvent: {}
[6.034322] (-) TimerEvent: {}
[6.134785] (-) TimerEvent: {}
[6.235347] (-) TimerEvent: {}
[6.335941] (-) TimerEvent: {}
[6.436456] (-) TimerEvent: {}
[6.537016] (-) TimerEvent: {}
[6.637731] (-) TimerEvent: {}
[6.738319] (-) TimerEvent: {}
[6.838908] (-) TimerEvent: {}
[6.939478] (-) TimerEvent: {}
[7.040018] (-) TimerEvent: {}
[7.140529] (-) TimerEvent: {}
[7.241085] (-) TimerEvent: {}
[7.341618] (-) TimerEvent: {}
[7.442140] (-) TimerEvent: {}
[7.544713] (-) TimerEvent: {}
[7.645273] (-) TimerEvent: {}
[7.745838] (-) TimerEvent: {}
[7.846920] (-) TimerEvent: {}
[7.947526] (-) TimerEvent: {}
[8.048103] (-) TimerEvent: {}
[8.148716] (-) TimerEvent: {}
[8.249249] (-) TimerEvent: {}
[8.349781] (-) TimerEvent: {}
[8.450306] (-) TimerEvent: {}
[8.550825] (-) TimerEvent: {}
[8.651416] (-) TimerEvent: {}
[8.752003] (-) TimerEvent: {}
[8.852660] (-) TimerEvent: {}
[8.953134] (-) TimerEvent: {}
[9.053645] (-) TimerEvent: {}
[9.154137] (-) TimerEvent: {}
[9.254659] (-) TimerEvent: {}
[9.355207] (-) TimerEvent: {}
[9.455768] (-) TimerEvent: {}
[9.556324] (-) TimerEvent: {}
[9.656808] (-) TimerEvent: {}
[9.757374] (-) TimerEvent: {}
[9.857898] (-) TimerEvent: {}
[9.958412] (-) TimerEvent: {}
[10.058902] (-) TimerEvent: {}
[10.159427] (-) TimerEvent: {}
[10.260174] (-) TimerEvent: {}
[10.360741] (-) TimerEvent: {}
[10.461362] (-) TimerEvent: {}
[10.561994] (-) TimerEvent: {}
[10.662596] (-) TimerEvent: {}
[10.763114] (-) TimerEvent: {}
[10.863607] (-) TimerEvent: {}
[10.964214] (-) TimerEvent: {}
[11.064818] (-) TimerEvent: {}
[11.165321] (-) TimerEvent: {}
[11.265765] (-) TimerEvent: {}
[11.366290] (-) TimerEvent: {}
[11.466796] (-) TimerEvent: {}
[11.567300] (-) TimerEvent: {}
[11.667814] (-) TimerEvent: {}
[11.768325] (-) TimerEvent: {}
[11.868885] (-) TimerEvent: {}
[11.969389] (-) TimerEvent: {}
[12.069894] (-) TimerEvent: {}
[12.170452] (-) TimerEvent: {}
[12.270993] (-) TimerEvent: {}
[12.371547] (-) TimerEvent: {}
[12.472075] (-) TimerEvent: {}
[12.572664] (-) TimerEvent: {}
[12.673221] (-) TimerEvent: {}
[12.773747] (-) TimerEvent: {}
[12.874278] (-) TimerEvent: {}
[12.974838] (-) TimerEvent: {}
[13.075365] (-) TimerEvent: {}
[13.175899] (-) TimerEvent: {}
[13.276393] (-) TimerEvent: {}
[13.376954] (-) TimerEvent: {}
[13.477419] (-) TimerEvent: {}
[13.577901] (-) TimerEvent: {}
[13.678400] (-) TimerEvent: {}
[13.779031] (-) TimerEvent: {}
[13.879601] (-) TimerEvent: {}
[13.980086] (-) TimerEvent: {}
[14.080651] (-) TimerEvent: {}
[14.181160] (-) TimerEvent: {}
[14.281667] (-) TimerEvent: {}
[14.382167] (-) TimerEvent: {}
[14.482644] (-) TimerEvent: {}
[14.583133] (-) TimerEvent: {}
[14.683630] (-) TimerEvent: {}
[14.784105] (-) TimerEvent: {}
[14.884641] (-) TimerEvent: {}
[14.985110] (-) TimerEvent: {}
[15.085590] (-) TimerEvent: {}
[15.186085] (-) TimerEvent: {}
[15.286701] (-) TimerEvent: {}
[15.387279] (-) TimerEvent: {}
[15.487878] (-) TimerEvent: {}
[15.588547] (-) TimerEvent: {}
[15.689118] (-) TimerEvent: {}
[15.789584] (-) TimerEvent: {}
[15.890070] (-) TimerEvent: {}
[15.990609] (-) TimerEvent: {}
[16.091101] (-) TimerEvent: {}
[16.191593] (-) TimerEvent: {}
[16.292203] (-) TimerEvent: {}
[16.392746] (-) TimerEvent: {}
[16.493273] (-) TimerEvent: {}
[16.593803] (-) TimerEvent: {}
[16.658752] (test_tool) StdoutLine: {'line': b'[100%] \x1b[32m\x1b[1mLinking CXX executable test_tool\x1b[0m\n'}
[16.693955] (-) TimerEvent: {}
[16.794388] (-) TimerEvent: {}
[16.895010] (-) TimerEvent: {}
[16.995530] (-) TimerEvent: {}
[17.096226] (-) TimerEvent: {}
[17.196813] (-) TimerEvent: {}
[17.297385] (-) TimerEvent: {}
[17.397945] (-) TimerEvent: {}
[17.498518] (-) TimerEvent: {}
[17.599117] (-) TimerEvent: {}
[17.699683] (-) TimerEvent: {}
[17.800305] (-) TimerEvent: {}
[17.901121] (-) TimerEvent: {}
[18.001807] (-) TimerEvent: {}
[18.102516] (-) TimerEvent: {}
[18.203183] (-) TimerEvent: {}
[18.303889] (-) TimerEvent: {}
[18.404398] (-) TimerEvent: {}
[18.505063] (-) TimerEvent: {}
[18.605699] (-) TimerEvent: {}
[18.706307] (-) TimerEvent: {}
[18.806931] (-) TimerEvent: {}
[18.907510] (-) TimerEvent: {}
[18.926327] (test_tool) StdoutLine: {'line': b'[100%] Built target test_tool\n'}
[18.945584] (test_tool) CommandEnded: {'returncode': 0}
[18.947097] (test_tool) JobProgress: {'identifier': 'test_tool', 'progress': 'install'}
[18.961047] (test_tool) Command: {'cmd': ['/usr/bin/cmake', '--install', '/home/maddy/iris_test_tool/build/test_tool'], 'cwd': '/home/maddy/iris_test_tool/build/test_tool', 'env': OrderedDict([('TMUX', '/tmp/tmux-1000/default,10035,0'), ('USER', 'maddy'), ('LD_LIBRARY_PATH', '/opt/ros/humble/opt/rviz_ogre_vendor/lib:/opt/ros/humble/lib/x86_64-linux-gnu:/opt/ros/humble/lib'), ('SHLVL', '2'), ('HOME', '/home/maddy'), ('LESS', '-R'), ('OLDPWD', '/home/maddy'), ('TERM_PROGRAM_VERSION', '3.2a'), ('LSCOLORS', 'Gxfxcxdxbxegedabagacad'), ('PAGER', 'less'), ('ROS_PYTHON_VERSION', '3'), ('GREP_COLORS', 'mt=1;33'), ('DBUS_SESSION_BUS_ADDRESS', 'unix:path=/run/user/1000/bus'), ('P9K_TTY', 'old'), ('WSL_DISTRO_NAME', 'Ubuntu-22.04'), ('ROS_DISTRO', 'humble'), ('WAYLAND_DISPLAY', 'wayland-0'), ('LOGNAME', 'maddy'), ('NAME', 'RMCCORPDE-DT024'), ('PULSE_SERVER', 'unix:/mnt/wslg/PulseServer'), ('WSL_INTEROP', '/run/WSL/7108_interop'), ('_', '/usr/bin/colcon'), ('_P9K_SSH_TTY', '/dev/pts/3'), ('ROS_VERSION', '2'), ('TERM', 'screen-256color'), ('ROS_LOCALHOST_ONLY', '0'), ('PATH', '/opt/ros/humble/bin:/usr/local/sbin:/usr/local/bin:/usr/sbin:/usr/bin:/sbin:/bin:/usr/games:/usr/local/games:/usr/lib/wsl/lib:/mnt/c/Program Files/Common Files/Oracle/Java/javapath:/mnt/c/Program Files/Eclipse Adoptium/jdk-17.0.15.6-hotspot/bin:/mnt/c/Program Files (x86)/Common Files/Oracle/Java/java8path:/mnt/c/Program Files (x86)/Common Files/Oracle/Java/javapath:/mnt/c/Windows/system32:/mnt/c/Windows:/mnt/c/Windows/System32/Wbem:/mnt/c/Windows/System32/WindowsPowerShell/v1.0/:/mnt/c/Windows/System32/OpenSSH/:/mnt/c/Program Files/dotnet/:/mnt/c/Program Files/Git/cmd:/mnt/c/Program Files (x86)/Microsoft SQL Server/160/Tools/Binn/:/mnt/c/Program Files/Microsoft SQL Server/160/Tools/Binn/:/mnt/c/Program Files/Microsoft SQL Server/Client SDK/ODBC/170/Tools/Binn/:/mnt/c/Program Files/Microsoft SQL Server/160/DTS/Binn/:/mnt/c/Program Files (x86)/Windows Kits/10/Windows Performance Toolkit/:/mnt/c/Program Files/PostgreSQL/17/bin:/mnt/c/sonar-scanner-7.1.0.4889-windows-x64/bin:/mnt/c/msys64/mingw64/bin:/mnt/c/Program Files/CMake/bin:/mnt/c/Users/RMCPDEDT024/AppData/Local/Programs/Python/Python313/Scripts/:/mnt/c/Users/RMCPDEDT024/AppData/Local/Programs/Python/Python313/:/mnt/c/Users/RMCPDEDT024/AppData/Local/Programs/Python/Launcher/:/mnt/c/Users/RMCPDEDT024/AppData/Local/Microsoft/WindowsApps:/mnt/c/Users/RMCPDEDT024/AppData/Local/Programs/Microsoft VS Code/bin:/mnt/c/Users/RMCPDEDT024/AppData/Local/Python/bin'), ('XDG_RUNTIME_DIR', '/run/user/1000/'), ('DISPLAY', ':0'), ('LANG', 'en_US.UTF-8'), ('LS_COLORS', 'di=34;40:ln=35;40:so=32;40:pi=33;40:ex=31;40:bd=34;46:cd=34;43:su=0;41:sg=0;46:tw=0;42:ow=0;43:'), ('TERM_PROGRAM', 'tmux'), ('AMENT_PREFIX_PATH', '/opt/ros/humble'), ('SHELL', '/usr/bin/zsh'), ('P9K_SSH', '0'), ('PWD', '/home/maddy/iris_test_tool/build/test_tool'), ('_P9K_TTY', '/dev/pts/3'), ('PYTHONPATH', '/opt/ros/humble/lib/python3.10/site-packages:/opt/ros/humble/local/lib/python3.10/dist-packages'), ('COLCON', '1'), ('HOSTTYPE', 'x86_64'), ('TMUX_PANE', '%0'), ('WSL2_GUI_APPS_ENABLED', '1'), ('WSLENV', ''), ('CMAKE_PREFIX_PATH', '/opt/ros/humble')]), 'shell': False}
[18.971757] (test_tool) StdoutLine: {'line': b'-- Install configuration: ""\n'}
[18.972738] (test_tool) StdoutLine: {'line': b'-- Installing: /home/maddy/iris_test_tool/install/test_tool/lib/test_tool/test_tool\n'}
[18.980127] (test_tool) StdoutLine: {'line': b'-- Set runtime path of "/home/maddy/iris_test_tool/install/test_tool/lib/test_tool/test_tool" to ""\n'}
[18.980361] (test_tool) StdoutLine: {'line': b'-- Installing: /home/maddy/iris_test_tool/install/test_tool/lib/test_tool/dummy_test\n'}
[18.998294] (test_tool) StdoutLine: {'line': b'-- Set runtime path of "/home/maddy/iris_test_tool/install/test_tool/lib/test_tool/dummy_test" to ""\n'}
[18.998608] (test_tool) StdoutLine: {'line': b'-- Installing: /home/maddy/iris_test_tool/install/test_tool/lib/test_tool/dummy_test_1\n'}
[19.007676] (-) TimerEvent: {}
[19.016321] (test_tool) StdoutLine: {'line': b'-- Set runtime path of "/home/maddy/iris_test_tool/install/test_tool/lib/test_tool/dummy_test_1" to ""\n'}
[19.017251] (test_tool) StdoutLine: {'line': b'-- Installing: /home/maddy/iris_test_tool/install/test_tool/share/ament_index/resource_index/package_run_dependencies/test_tool\n'}
[19.017753] (test_tool) StdoutLine: {'line': b'-- Installing: /home/maddy/iris_test_tool/install/test_tool/share/ament_index/resource_index/parent_prefix_path/test_tool\n'}
[19.018367] (test_tool) StdoutLine: {'line': b'-- Installing: /home/maddy/iris_test_tool/install/test_tool/share/test_tool/environment/ament_prefix_path.sh\n'}
[19.018744] (test_tool) StdoutLine: {'line': b'-- Installing: /home/maddy/iris_test_tool/install/test_tool/share/test_tool/environment/ament_prefix_path.dsv\n'}
[19.019070] (test_tool) StdoutLine: {'line': b'-- Installing: /home/maddy/iris_test_tool/install/test_tool/share/test_tool/environment/path.sh\n'}
[19.019428] (test_tool) StdoutLine: {'line': b'-- Installing: /home/maddy/iris_test_tool/install/test_tool/share/test_tool/environment/path.dsv\n'}
[19.019784] (test_tool) StdoutLine: {'line': b'-- Installing: /home/maddy/iris_test_tool/install/test_tool/share/test_tool/local_setup.bash\n'}
[19.020131] (test_tool) StdoutLine: {'line': b'-- Installing: /home/maddy/iris_test_tool/install/test_tool/share/test_tool/local_setup.sh\n'}
[19.020526] (test_tool) StdoutLine: {'line': b'-- Installing: /home/maddy/iris_test_tool/install/test_tool/share/test_tool/local_setup.zsh\n'}
[19.020822] (test_tool) StdoutLine: {'line': b'-- Installing: /home/maddy/iris_test_tool/install/test_tool/share/test_tool/local_setup.dsv\n'}
[19.021041] (test_tool) StdoutLine: {'line': b'-- Installing: /home/maddy/iris_test_tool/install/test_tool/share/test_tool/package.dsv\n'}
[19.021691] (test_tool) StdoutLine: {'line': b'-- Installing: /home/maddy/iris_test_tool/install/test_tool/share/ament_index/resource_index/packages/test_tool\n'}
[19.022170] (test_tool) StdoutLine: {'line': b'-- Installing: /home/maddy/iris_test_tool/install/test_tool/share/test_tool/cmake/test_toolConfig.cmake\n'}
[19.022461] (test_tool) StdoutLine: {'line': b'-- Installing: /home/maddy/iris_test_tool/install/test_tool/share/test_tool/cmake/test_toolConfig-version.cmake\n'}
[19.022797] (test_tool) StdoutLine: {'line': b'-- Installing: /home/maddy/iris_test_tool/install/test_tool/share/test_tool/package.xml\n'}
[19.025502] (test_tool) CommandEnded: {'returncode': 0}
[19.058283] (test_tool) JobEnded: {'identifier': 'test_tool', 'rc': 0}
[19.059877] (-) EventReactorShutdown: {}
