[0.000000] (-) TimerEvent: {}
[0.001294] (test_tool) JobQueued: {'identifier': 'test_tool', 'dependencies': OrderedDict()}
[0.001480] (test_tool) JobStarted: {'identifier': 'test_tool'}
[0.011008] (test_tool) JobProgress: {'identifier': 'test_tool', 'progress': 'cmake'}
[0.012939] (test_tool) Command: {'cmd': ['/usr/bin/cmake', '/home/maddy/iris_test_tool/src/test_tool', '-DCMAKE_INSTALL_PREFIX=/home/maddy/iris_test_tool/install/test_tool'], 'cwd': '/home/maddy/iris_test_tool/build/test_tool', 'env': OrderedDict([('USER', 'maddy'), ('SHLVL', '1'), ('LD_LIBRARY_PATH', '/opt/ros/humble/opt/rviz_ogre_vendor/lib:/opt/ros/humble/lib/x86_64-linux-gnu:/opt/ros/humble/lib'), ('HOME', '/home/maddy'), ('OLDPWD', '/home/maddy'), ('LESS', '-R'), ('ZSH', '/home/maddy/.oh-my-zsh'), ('LSCOLORS', 'exfxcxdxbxegedabagacad'), ('PAGER', 'less'), ('ROS_PYTHON_VERSION', '3'), ('GREP_COLORS', 'mt=1;33'), ('DBUS_SESSION_BUS_ADDRESS', 'unix:path=/run/user/1000/bus'), ('WSL_DISTRO_NAME', 'Ubuntu-22.04'), ('WAYLAND_DISPLAY', 'wayland-0'), ('ROS_DISTRO', 'humble'), ('LOGNAME', 'maddy'), ('PULSE_SERVER', 'unix:/mnt/wslg/PulseServer'), ('WSL_INTEROP', '/run/WSL/2387_interop'), ('NAME', 'RMCCORPDE-DT024'), ('_', '/usr/bin/colcon'), ('ROS_VERSION', '2'), ('TERM', 'xterm-256color'), ('ROS_LOCALHOST_ONLY', '0'), ('PATH', '/opt/ros/humble/bin:/usr/local/sbin:/usr/local/bin:/usr/sbin:/usr/bin:/sbin:/bin:/usr/games:/usr/local/games:/usr/lib/wsl/lib:/mnt/c/Program Files/Common Files/Oracle/Java/javapath:/mnt/c/Program Files/Eclipse Adoptium/jdk-17.0.15.6-hotspot/bin:/mnt/c/Program Files (x86)/Common Files/Oracle/Java/java8path:/mnt/c/Program Files (x86)/Common Files/Oracle/Java/javapath:/mnt/c/Windows/system32:/mnt/c/Windows:/mnt/c/Windows/System32/Wbem:/mnt/c/Windows/System32/WindowsPowerShell/v1.0/:/mnt/c/Windows/System32/OpenSSH/:/mnt/c/Program Files/dotnet/:/mnt/c/Program Files/Git/cmd:/mnt/c/Program Files (x86)/Microsoft SQL Server/160/Tools/Binn/:/mnt/c/Program Files/Microsoft SQL Server/160/Tools/Binn/:/mnt/c/Program Files/Microsoft SQL Server/Client SDK/ODBC/170/Tools/Binn/:/mnt/c/Program Files/Microsoft SQL Server/160/DTS/Binn/:/mnt/c/Program Files (x86)/Windows Kits/10/Windows Performance Toolkit/:/mnt/c/Program Files/PostgreSQL/17/bin:/mnt/c/sonar-scanner-7.1.0.4889-windows-x64/bin:/mnt/c/msys64/mingw64/bin:/mnt/c/Program Files/CMake/bin:/mnt/c/Users/RMCPDEDT024/AppData/Local/Programs/Python/Python313/Scripts/:/mnt/c/Users/RMCPDEDT024/AppData/Local/Programs/Python/Python313/:/mnt/c/Users/RMCPDEDT024/AppData/Local/Programs/Python/Launcher/:/mnt/c/Users/RMCPDEDT024/AppData/Local/Microsoft/WindowsApps:/mnt/c/Users/RMCPDEDT024/AppData/Local/Programs/Microsoft VS Code/bin:/mnt/c/Users/RMCPDEDT024/AppData/Local/Python/bin'), ('XDG_RUNTIME_DIR', '/run/user/1000/'), ('DISPLAY', ':0'), ('LANG', 'en_US.UTF-8'), ('LS_COLORS', 'di=34;40:ln=35;40:so=32;40:pi=33;40:ex=31;40:bd=34;46:cd=34;43:su=0;41:sg=0;46:tw=0;42:ow=0;43:'), ('AMENT_PREFIX_PATH', '/opt/ros/humble'), ('SHELL', '/usr/bin/zsh'), ('PWD', '/home/maddy/iris_test_tool/build/test_tool'), ('PYTHONPATH', '/opt/ros/humble/lib/python3.10/site-packages:/opt/ros/humble/local/lib/python3.10/dist-packages'), ('COLCON', '1'), ('HOSTTYPE', 'x86_64'), ('WSL2_GUI_APPS_ENABLED', '1'), ('WSLENV', ''), ('CMAKE_PREFIX_PATH', '/opt/ros/humble')]), 'shell': False}
[0.099613] (-) TimerEvent: {}
[0.200107] (-) TimerEvent: {}
[0.269425] (test_tool) StdoutLine: {'line': b'-- The CXX compiler identification is GNU 11.4.0\n'}
[0.300252] (-) TimerEvent: {}
[0.400702] (-) TimerEvent: {}
[0.501172] (-) TimerEvent: {}
[0.601660] (-) TimerEvent: {}
[0.702119] (-) TimerEvent: {}
[0.802681] (test_tool) StdoutLine: {'line': b'-- Detecting CXX compiler ABI info\n'}
[0.802938] (-) TimerEvent: {}
[0.903276] (-) TimerEvent: {}
[1.003825] (-) TimerEvent: {}
[1.027087] (test_tool) StdoutLine: {'line': b'-- Detecting CXX compiler ABI info - done\n'}
[1.037172] (test_tool) StdoutLine: {'line': b'-- Check for working CXX compiler: /usr/bin/c++ - skipped\n'}
[1.039163] (test_tool) StdoutLine: {'line': b'-- Detecting CXX compile features\n'}
[1.040232] (test_tool) StdoutLine: {'line': b'-- Detecting CXX compile features - done\n'}
[1.046612] (test_tool) StdoutLine: {'line': b'-- Found ament_cmake: 1.3.12 (/opt/ros/humble/share/ament_cmake/cmake)\n'}
[1.103949] (-) TimerEvent: {}
[1.204395] (-) TimerEvent: {}
[1.220308] (test_tool) StdoutLine: {'line': b'-- Found Python3: /usr/bin/python3 (found version "3.10.12") found components: Interpreter \n'}
[1.304568] (-) TimerEvent: {}
[1.324092] (test_tool) StdoutLine: {'line': b'-- Found rclcpp: 16.0.17 (/opt/ros/humble/share/rclcpp/cmake)\n'}
[1.404728] (-) TimerEvent: {}
[1.505208] (-) TimerEvent: {}
[1.540003] (test_tool) StdoutLine: {'line': b'-- Found rosidl_generator_c: 3.1.8 (/opt/ros/humble/share/rosidl_generator_c/cmake)\n'}
[1.546075] (test_tool) StdoutLine: {'line': b'-- Found rosidl_adapter: 3.1.8 (/opt/ros/humble/share/rosidl_adapter/cmake)\n'}
[1.556471] (test_tool) StdoutLine: {'line': b'-- Found rosidl_generator_cpp: 3.1.8 (/opt/ros/humble/share/rosidl_generator_cpp/cmake)\n'}
[1.572533] (test_tool) StdoutLine: {'line': b'-- Using all available rosidl_typesupport_c: rosidl_typesupport_fastrtps_c;rosidl_typesupport_introspection_c\n'}
[1.593205] (test_tool) StdoutLine: {'line': b'-- Using all available rosidl_typesupport_cpp: rosidl_typesupport_fastrtps_cpp;rosidl_typesupport_introspection_cpp\n'}
[1.605367] (-) TimerEvent: {}
[1.646817] (test_tool) StdoutLine: {'line': b'-- Found rmw_implementation_cmake: 6.1.2 (/opt/ros/humble/share/rmw_implementation_cmake/cmake)\n'}
[1.649524] (test_tool) StdoutLine: {'line': b'-- Found rmw_fastrtps_cpp: 6.2.9 (/opt/ros/humble/share/rmw_fastrtps_cpp/cmake)\n'}
[1.705556] (-) TimerEvent: {}
[1.806017] (-) TimerEvent: {}
[1.906515] (-) TimerEvent: {}
[2.007003] (-) TimerEvent: {}
[2.107549] (-) TimerEvent: {}
[2.208061] (-) TimerEvent: {}
[2.308662] (-) TimerEvent: {}
[2.409206] (-) TimerEvent: {}
[2.509746] (-) TimerEvent: {}
[2.610261] (-) TimerEvent: {}
[2.710769] (-) TimerEvent: {}
[2.811318] (-) TimerEvent: {}
[2.911851] (-) TimerEvent: {}
[3.012347] (-) TimerEvent: {}
[3.112913] (-) TimerEvent: {}
[3.213417] (-) TimerEvent: {}
[3.313993] (-) TimerEvent: {}
[3.414579] (-) TimerEvent: {}
[3.515121] (-) TimerEvent: {}
[3.518345] (test_tool) StdoutLine: {'line': b'-- Found OpenSSL: /usr/lib/x86_64-linux-gnu/libcrypto.so (found version "3.0.2")  \n'}
[3.615284] (-) TimerEvent: {}
[3.715811] (-) TimerEvent: {}
[3.816279] (-) TimerEvent: {}
[3.916758] (-) TimerEvent: {}
[4.017232] (-) TimerEvent: {}
[4.117725] (-) TimerEvent: {}
[4.218199] (-) TimerEvent: {}
[4.318700] (-) TimerEvent: {}
[4.419240] (-) TimerEvent: {}
[4.519733] (-) TimerEvent: {}
[4.620224] (-) TimerEvent: {}
[4.720698] (-) TimerEvent: {}
[4.821173] (-) TimerEvent: {}
[4.921634] (-) TimerEvent: {}
[5.022088] (-) TimerEvent: {}
[5.122537] (-) TimerEvent: {}
[5.223027] (-) TimerEvent: {}
[5.323581] (-) TimerEvent: {}
[5.424138] (-) TimerEvent: {}
[5.462083] (test_tool) StdoutLine: {'line': b'-- Found FastRTPS: /opt/ros/humble/include  \n'}
[5.524306] (-) TimerEvent: {}
[5.624784] (-) TimerEvent: {}
[5.725227] (-) TimerEvent: {}
[5.825689] (-) TimerEvent: {}
[5.926148] (-) TimerEvent: {}
[6.026618] (-) TimerEvent: {}
[6.127112] (-) TimerEvent: {}
[6.227612] (-) TimerEvent: {}
[6.328084] (-) TimerEvent: {}
[6.428539] (-) TimerEvent: {}
[6.529041] (-) TimerEvent: {}
[6.629529] (-) TimerEvent: {}
[6.730053] (-) TimerEvent: {}
[6.830536] (-) TimerEvent: {}
[6.931060] (-) TimerEvent: {}
[7.031657] (-) TimerEvent: {}
[7.132115] (-) TimerEvent: {}
[7.232638] (-) TimerEvent: {}
[7.333157] (-) TimerEvent: {}
[7.433811] (-) TimerEvent: {}
[7.534402] (-) TimerEvent: {}
[7.634942] (-) TimerEvent: {}
[7.735586] (-) TimerEvent: {}
[7.836085] (-) TimerEvent: {}
[7.936617] (-) TimerEvent: {}
[8.037106] (-) TimerEvent: {}
[8.137637] (-) TimerEvent: {}
[8.238123] (-) TimerEvent: {}
[8.338576] (-) TimerEvent: {}
[8.439069] (-) TimerEvent: {}
[8.539631] (-) TimerEvent: {}
[8.640117] (-) TimerEvent: {}
[8.740604] (-) TimerEvent: {}
[8.841075] (-) TimerEvent: {}
[8.941537] (-) TimerEvent: {}
[9.042015] (-) TimerEvent: {}
[9.124731] (test_tool) StdoutLine: {'line': b"-- Using RMW implementation 'rmw_fastrtps_cpp' as default\n"}
[9.135196] (test_tool) StdoutLine: {'line': b'-- Looking for C++ include pthread.h\n'}
[9.142159] (-) TimerEvent: {}
[9.242574] (-) TimerEvent: {}
[9.343063] (-) TimerEvent: {}
[9.362653] (test_tool) StdoutLine: {'line': b'-- Looking for C++ include pthread.h - found\n'}
[9.363158] (test_tool) StdoutLine: {'line': b'-- Performing Test CMAKE_HAVE_LIBC_PTHREAD\n'}
[9.443269] (-) TimerEvent: {}
[9.543815] (-) TimerEvent: {}
[9.586036] (test_tool) StdoutLine: {'line': b'-- Performing Test CMAKE_HAVE_LIBC_PTHREAD - Success\n'}
[9.587366] (test_tool) StdoutLine: {'line': b'-- Found Threads: TRUE  \n'}
[9.644083] (-) TimerEvent: {}
[9.650969] (test_tool) StdoutLine: {'line': b'-- Found sensor_msgs: 4.9.0 (/opt/ros/humble/share/sensor_msgs/cmake)\n'}
[9.732134] (test_tool) StdoutLine: {'line': b'-- Performing Test HAVE_STDATOMIC\n'}
[9.744227] (-) TimerEvent: {}
[9.844667] (-) TimerEvent: {}
[9.945179] (-) TimerEvent: {}
[9.993319] (test_tool) StdoutLine: {'line': b'-- Performing Test HAVE_STDATOMIC - Success\n'}
[9.994596] (test_tool) StdoutLine: {'line': b'-- Found WrapAtomic: TRUE  \n'}
[10.045324] (-) TimerEvent: {}
[10.145829] (-) TimerEvent: {}
[10.246280] (-) TimerEvent: {}
[10.346771] (-) TimerEvent: {}
[10.447248] (-) TimerEvent: {}
[10.547775] (-) TimerEvent: {}
[10.626454] (test_tool) StdoutLine: {'line': b'-- Found OpenGL: /usr/lib/x86_64-linux-gnu/libOpenGL.so   \n'}
[10.627701] (test_tool) StdoutLine: {'line': b'-- Found WrapOpenGL: TRUE  \n'}
[10.647939] (-) TimerEvent: {}
[10.746479] (test_tool) StdoutLine: {'line': b'-- Found XKB: /usr/lib/x86_64-linux-gnu/libxkbcommon.so (found suitable version "1.4.0", minimum required is "0.5.0") \n'}
[10.748060] (-) TimerEvent: {}
[10.848510] (-) TimerEvent: {}
[10.948974] (-) TimerEvent: {}
[11.049456] (-) TimerEvent: {}
[11.100621] (test_tool) StdoutLine: {'line': b'-- Found WrapVulkanHeaders: /usr/include  \n'}
[11.127612] (test_tool) StdoutLine: {'line': b'-- Found ament_lint_auto: 0.12.14 (/opt/ros/humble/share/ament_lint_auto/cmake)\n'}
[11.149635] (-) TimerEvent: {}
[11.216620] (test_tool) StdoutLine: {'line': b"-- Added test 'cppcheck' to perform static code analysis on C / C++ code\n"}
[11.217121] (test_tool) StdoutLine: {'line': b'-- Configured cppcheck include dirs: /home/maddy/iris_test_tool/src/test_tool/include/test_tool\n'}
[11.217268] (test_tool) StdoutLine: {'line': b'-- Configured cppcheck exclude dirs and/or files: \n'}
[11.218299] (test_tool) StdoutLine: {'line': b"-- Added test 'lint_cmake' to check CMake code style\n"}
[11.220492] (test_tool) StdoutLine: {'line': b"-- Added test 'uncrustify' to check C / C++ code style\n"}
[11.220675] (test_tool) StdoutLine: {'line': b'-- Configured uncrustify additional arguments: \n'}
[11.221324] (test_tool) StdoutLine: {'line': b"-- Added test 'xmllint' to check XML markup files\n"}
[11.223394] (test_tool) StdoutLine: {'line': b'-- Configuring done\n'}
[11.249835] (-) TimerEvent: {}
[11.279577] (test_tool) StdoutLine: {'line': b'-- Generating done\n'}
[11.290073] (test_tool) StdoutLine: {'line': b'-- Build files have been written to: /home/maddy/iris_test_tool/build/test_tool\n'}
[11.303925] (test_tool) CommandEnded: {'returncode': 0}
[11.305529] (test_tool) JobProgress: {'identifier': 'test_tool', 'progress': 'build'}
[11.307233] (test_tool) Command: {'cmd': ['/usr/bin/cmake', '--build', '/home/maddy/iris_test_tool/build/test_tool', '--', '-j8', '-l8'], 'cwd': '/home/maddy/iris_test_tool/build/test_tool', 'env': OrderedDict([('USER', 'maddy'), ('SHLVL', '1'), ('LD_LIBRARY_PATH', '/opt/ros/humble/opt/rviz_ogre_vendor/lib:/opt/ros/humble/lib/x86_64-linux-gnu:/opt/ros/humble/lib'), ('HOME', '/home/maddy'), ('OLDPWD', '/home/maddy'), ('LESS', '-R'), ('ZSH', '/home/maddy/.oh-my-zsh'), ('LSCOLORS', 'exfxcxdxbxegedabagacad'), ('PAGER', 'less'), ('ROS_PYTHON_VERSION', '3'), ('GREP_COLORS', 'mt=1;33'), ('DBUS_SESSION_BUS_ADDRESS', 'unix:path=/run/user/1000/bus'), ('WSL_DISTRO_NAME', 'Ubuntu-22.04'), ('WAYLAND_DISPLAY', 'wayland-0'), ('ROS_DISTRO', 'humble'), ('LOGNAME', 'maddy'), ('PULSE_SERVER', 'unix:/mnt/wslg/PulseServer'), ('WSL_INTEROP', '/run/WSL/2387_interop'), ('NAME', 'RMCCORPDE-DT024'), ('_', '/usr/bin/colcon'), ('ROS_VERSION', '2'), ('TERM', 'xterm-256color'), ('ROS_LOCALHOST_ONLY', '0'), ('PATH', '/opt/ros/humble/bin:/usr/local/sbin:/usr/local/bin:/usr/sbin:/usr/bin:/sbin:/bin:/usr/games:/usr/local/games:/usr/lib/wsl/lib:/mnt/c/Program Files/Common Files/Oracle/Java/javapath:/mnt/c/Program Files/Eclipse Adoptium/jdk-17.0.15.6-hotspot/bin:/mnt/c/Program Files (x86)/Common Files/Oracle/Java/java8path:/mnt/c/Program Files (x86)/Common Files/Oracle/Java/javapath:/mnt/c/Windows/system32:/mnt/c/Windows:/mnt/c/Windows/System32/Wbem:/mnt/c/Windows/System32/WindowsPowerShell/v1.0/:/mnt/c/Windows/System32/OpenSSH/:/mnt/c/Program Files/dotnet/:/mnt/c/Program Files/Git/cmd:/mnt/c/Program Files (x86)/Microsoft SQL Server/160/Tools/Binn/:/mnt/c/Program Files/Microsoft SQL Server/160/Tools/Binn/:/mnt/c/Program Files/Microsoft SQL Server/Client SDK/ODBC/170/Tools/Binn/:/mnt/c/Program Files/Microsoft SQL Server/160/DTS/Binn/:/mnt/c/Program Files (x86)/Windows Kits/10/Windows Performance Toolkit/:/mnt/c/Program Files/PostgreSQL/17/bin:/mnt/c/sonar-scanner-7.1.0.4889-windows-x64/bin:/mnt/c/msys64/mingw64/bin:/mnt/c/Program Files/CMake/bin:/mnt/c/Users/RMCPDEDT024/AppData/Local/Programs/Python/Python313/Scripts/:/mnt/c/Users/RMCPDEDT024/AppData/Local/Programs/Python/Python313/:/mnt/c/Users/RMCPDEDT024/AppData/Local/Programs/Python/Launcher/:/mnt/c/Users/RMCPDEDT024/AppData/Local/Microsoft/WindowsApps:/mnt/c/Users/RMCPDEDT024/AppData/Local/Programs/Microsoft VS Code/bin:/mnt/c/Users/RMCPDEDT024/AppData/Local/Python/bin'), ('XDG_RUNTIME_DIR', '/run/user/1000/'), ('DISPLAY', ':0'), ('LANG', 'en_US.UTF-8'), ('LS_COLORS', 'di=34;40:ln=35;40:so=32;40:pi=33;40:ex=31;40:bd=34;46:cd=34;43:su=0;41:sg=0;46:tw=0;42:ow=0;43:'), ('AMENT_PREFIX_PATH', '/opt/ros/humble'), ('SHELL', '/usr/bin/zsh'), ('PWD', '/home/maddy/iris_test_tool/build/test_tool'), ('PYTHONPATH', '/opt/ros/humble/lib/python3.10/site-packages:/opt/ros/humble/local/lib/python3.10/dist-packages'), ('COLCON', '1'), ('HOSTTYPE', 'x86_64'), ('WSL2_GUI_APPS_ENABLED', '1'), ('WSLENV', ''), ('CMAKE_PREFIX_PATH', '/opt/ros/humble')]), 'shell': False}
[11.350045] (-) TimerEvent: {}
[11.370866] (test_tool) StdoutLine: {'line': b'[  7%] \x1b[34m\x1b[1mAutomatic MOC and UIC for target dummy_test\x1b[0m\n'}
[11.373539] (test_tool) StdoutLine: {'line': b'[ 15%] \x1b[34m\x1b[1mAutomatic MOC and UIC for target test_tool\x1b[0m\n'}
[11.374113] (test_tool) StdoutLine: {'line': b'[ 23%] \x1b[34m\x1b[1mAutomatic MOC and UIC for target dummy_test_1\x1b[0m\n'}
[11.415035] (test_tool) StdoutLine: {'line': b'[ 23%] Built target dummy_test_autogen\n'}
[11.416144] (test_tool) StdoutLine: {'line': b'[ 23%] Built target dummy_test_1_autogen\n'}
[11.447166] (test_tool) StdoutLine: {'line': b'[ 38%] \x1b[32mBuilding CXX object CMakeFiles/dummy_test.dir/dummy_test_autogen/mocs_compilation.cpp.o\x1b[0m\n'}
[11.447546] (test_tool) StdoutLine: {'line': b'[ 38%] \x1b[32mBuilding CXX object CMakeFiles/dummy_test_1.dir/dummy_test_1_autogen/mocs_compilation.cpp.o\x1b[0m\n'}
[11.447942] (test_tool) StdoutLine: {'line': b'[ 46%] \x1b[32mBuilding CXX object CMakeFiles/dummy_test.dir/src/dummy_test.cpp.o\x1b[0m\n'}
[11.449727] (test_tool) StdoutLine: {'line': b'[ 53%] \x1b[32mBuilding CXX object CMakeFiles/dummy_test_1.dir/src/dummy_test_1.cpp.o\x1b[0m\n'}
[11.450149] (-) TimerEvent: {}
[11.550623] (-) TimerEvent: {}
[11.651235] (-) TimerEvent: {}
[11.751754] (-) TimerEvent: {}
[11.852337] (-) TimerEvent: {}
[11.941022] (test_tool) StdoutLine: {'line': b'[ 53%] Built target test_tool_autogen\n'}
[11.952480] (-) TimerEvent: {}
[11.967215] (test_tool) StdoutLine: {'line': b'[ 69%] \x1b[32mBuilding CXX object CMakeFiles/test_tool.dir/src/iris_tool/main.cpp.o\x1b[0m\n'}
[11.967548] (test_tool) StdoutLine: {'line': b'[ 69%] \x1b[32mBuilding CXX object CMakeFiles/test_tool.dir/test_tool_autogen/mocs_compilation.cpp.o\x1b[0m\n'}
[11.973732] (test_tool) StdoutLine: {'line': b'[ 76%] \x1b[32mBuilding CXX object CMakeFiles/test_tool.dir/src/iris_tool/mainwindow.cpp.o\x1b[0m\n'}
[12.052667] (-) TimerEvent: {}
[12.153203] (-) TimerEvent: {}
[12.253715] (-) TimerEvent: {}
[12.354317] (-) TimerEvent: {}
[12.454838] (-) TimerEvent: {}
[12.555368] (-) TimerEvent: {}
[12.655918] (-) TimerEvent: {}
[12.756486] (-) TimerEvent: {}
[12.857084] (-) TimerEvent: {}
[12.957632] (-) TimerEvent: {}
[13.058200] (-) TimerEvent: {}
[13.158777] (-) TimerEvent: {}
[13.259410] (-) TimerEvent: {}
[13.360082] (-) TimerEvent: {}
[13.460660] (-) TimerEvent: {}
[13.561240] (-) TimerEvent: {}
[13.661809] (-) TimerEvent: {}
[13.762295] (-) TimerEvent: {}
[13.862900] (-) TimerEvent: {}
[13.963476] (-) TimerEvent: {}
[14.063999] (-) TimerEvent: {}
[14.164528] (-) TimerEvent: {}
[14.267694] (-) TimerEvent: {}
[14.368157] (-) TimerEvent: {}
[14.468691] (-) TimerEvent: {}
[14.569273] (-) TimerEvent: {}
[14.669862] (-) TimerEvent: {}
[14.770470] (-) TimerEvent: {}
[14.871093] (-) TimerEvent: {}
[14.971658] (-) TimerEvent: {}
[15.072183] (-) TimerEvent: {}
[15.172700] (-) TimerEvent: {}
[15.273323] (-) TimerEvent: {}
[15.373901] (-) TimerEvent: {}
[15.474440] (-) TimerEvent: {}
[15.575009] (-) TimerEvent: {}
[15.675621] (-) TimerEvent: {}
[15.776202] (-) TimerEvent: {}
[15.876737] (-) TimerEvent: {}
[15.977329] (-) TimerEvent: {}
[16.077935] (-) TimerEvent: {}
[16.178473] (-) TimerEvent: {}
[16.279028] (-) TimerEvent: {}
[16.379638] (-) TimerEvent: {}
[16.480191] (-) TimerEvent: {}
[16.580786] (-) TimerEvent: {}
[16.681302] (-) TimerEvent: {}
[16.781836] (-) TimerEvent: {}
[16.882522] (-) TimerEvent: {}
[16.983100] (-) TimerEvent: {}
[17.083629] (-) TimerEvent: {}
[17.184148] (-) TimerEvent: {}
[17.284634] (-) TimerEvent: {}
[17.385205] (-) TimerEvent: {}
[17.485767] (-) TimerEvent: {}
[17.586400] (-) TimerEvent: {}
[17.687055] (-) TimerEvent: {}
[17.787655] (-) TimerEvent: {}
[17.888118] (-) TimerEvent: {}
[17.988621] (-) TimerEvent: {}
[18.089090] (-) TimerEvent: {}
[18.189641] (-) TimerEvent: {}
[18.290181] (-) TimerEvent: {}
[18.390648] (-) TimerEvent: {}
[18.491269] (-) TimerEvent: {}
[18.591790] (-) TimerEvent: {}
[18.692352] (-) TimerEvent: {}
[18.792885] (-) TimerEvent: {}
[18.893356] (-) TimerEvent: {}
[18.993813] (-) TimerEvent: {}
[19.094357] (-) TimerEvent: {}
[19.194852] (-) TimerEvent: {}
[19.295377] (-) TimerEvent: {}
[19.395977] (-) TimerEvent: {}
[19.496566] (-) TimerEvent: {}
[19.597157] (-) TimerEvent: {}
[19.697733] (-) TimerEvent: {}
[19.798194] (-) TimerEvent: {}
[19.898844] (-) TimerEvent: {}
[19.999622] (-) TimerEvent: {}
[20.100251] (-) TimerEvent: {}
[20.200889] (-) TimerEvent: {}
[20.216325] (test_tool) StderrLine: {'line': b'In file included from \x1b[01m\x1b[K/home/maddy/iris_test_tool/src/test_tool/src/iris_tool/mainwindow.cpp:1\x1b[m\x1b[K:\n'}
[20.216941] (test_tool) StderrLine: {'line': b'\x1b[01m\x1b[K/home/maddy/iris_test_tool/src/test_tool/include/test_tool/mainwindow.h:\x1b[m\x1b[K In constructor \xe2\x80\x98\x1b[01m\x1b[KMainWindow::MainWindow(QWidget*)\x1b[m\x1b[K\xe2\x80\x99:\n'}
[20.217161] (test_tool) StderrLine: {'line': b'\x1b[01m\x1b[K/home/maddy/iris_test_tool/src/test_tool/include/test_tool/mainwindow.h:28:21:\x1b[m\x1b[K \x1b[01;35m\x1b[Kwarning: \x1b[m\x1b[K\xe2\x80\x98\x1b[01m\x1b[KMainWindow::ui\x1b[m\x1b[K\xe2\x80\x99 will be initialized after [\x1b[01;35m\x1b[K\x1b]8;;https://gcc.gnu.org/onlinedocs/gcc/Warning-Options.html#index-Wreorder\x07-Wreorder\x1b]8;;\x07\x1b[m\x1b[K]\n'}
[20.217379] (test_tool) StderrLine: {'line': b'   28 |     Ui::MainWindow *\x1b[01;35m\x1b[Kui\x1b[m\x1b[K;\n'}
[20.217561] (test_tool) StderrLine: {'line': b'      |                     \x1b[01;35m\x1b[K^~\x1b[m\x1b[K\n'}
[20.217733] (test_tool) StderrLine: {'line': b'\x1b[01m\x1b[K/home/maddy/iris_test_tool/src/test_tool/src/iris_tool/mainwindow.cpp:14:47:\x1b[m\x1b[K \x1b[01;35m\x1b[Kwarning: \x1b[m\x1b[K  base \xe2\x80\x98\x1b[01m\x1b[Krclcpp::Node\x1b[m\x1b[K\xe2\x80\x99 [\x1b[01;35m\x1b[K\x1b]8;;https://gcc.gnu.org/onlinedocs/gcc/Warning-Options.html#index-Wreorder\x07-Wreorder\x1b]8;;\x07\x1b[m\x1b[K]\n'}
[20.217916] (test_tool) StderrLine: {'line': b'   14 |     , ui(new Ui::MainWindow) ,Node("iris_tool"\x1b[01;35m\x1b[K)\x1b[m\x1b[K\n'}
[20.218079] (test_tool) StderrLine: {'line': b'      |                                               \x1b[01;35m\x1b[K^\x1b[m\x1b[K\n'}
[20.218238] (test_tool) StderrLine: {'line': b'\x1b[01m\x1b[K/home/maddy/iris_test_tool/src/test_tool/src/iris_tool/mainwindow.cpp:12:1:\x1b[m\x1b[K \x1b[01;35m\x1b[Kwarning: \x1b[m\x1b[K  when initialized here [\x1b[01;35m\x1b[K\x1b]8;;https://gcc.gnu.org/onlinedocs/gcc/Warning-Options.html#index-Wreorder\x07-Wreorder\x1b]8;;\x07\x1b[m\x1b[K]\n'}
[20.218397] (test_tool) StderrLine: {'line': b'   12 | \x1b[01;35m\x1b[KMainWindow\x1b[m\x1b[K::MainWindow(QWidget *parent)\n'}
[20.218553] (test_tool) StderrLine: {'line': b'      | \x1b[01;35m\x1b[K^~~~~~~~~~\x1b[m\x1b[K\n'}
[20.219483] (test_tool) StderrLine: {'line': b'\x1b[01m\x1b[K/home/maddy/iris_test_tool/src/test_tool/src/iris_tool/mainwindow.cpp:27:40:\x1b[m\x1b[K \x1b[01;31m\x1b[Kerror: \x1b[m\x1b[Kinvalid use of non-static member function \xe2\x80\x98\x1b[01m\x1b[Kvoid QListWidget::itemChanged(QListWidgetItem*)\x1b[m\x1b[K\xe2\x80\x99\n'}
[20.219731] (test_tool) StderrLine: {'line': b'   27 |     connect(ui->node_list,QListWidget::\x1b[01;31m\x1b[KitemChanged\x1b[m\x1b[K,this,&MainWindow::onItemChanged);\n'}
[20.219902] (test_tool) StderrLine: {'line': b'      |                                        \x1b[01;31m\x1b[K^~~~~~~~~~~\x1b[m\x1b[K\n'}
[20.235591] (test_tool) StderrLine: {'line': b'\x1b[01m\x1b[K/home/maddy/iris_test_tool/src/test_tool/src/iris_tool/mainwindow.cpp:\x1b[m\x1b[K In member function \xe2\x80\x98\x1b[01m\x1b[Kvoid MainWindow::onItemChanged(QListWidgetItem*, rcl_interfaces::msg::Log_<std::allocator<void> >::SharedPtr)\x1b[m\x1b[K\xe2\x80\x99:\n'}
[20.236019] (test_tool) StderrLine: {'line': b'\x1b[01m\x1b[K/home/maddy/iris_test_tool/src/test_tool/src/iris_tool/mainwindow.cpp:108:5:\x1b[m\x1b[K \x1b[01;31m\x1b[Kerror: \x1b[m\x1b[Kexpected initializer before \xe2\x80\x98\x1b[01m\x1b[Kif\x1b[m\x1b[K\xe2\x80\x99\n'}
[20.236174] (test_tool) StderrLine: {'line': b'  108 |     \x1b[01;31m\x1b[Kif\x1b[m\x1b[K (item->checkState() == Qt::Checked) {\n'}
[20.236299] (test_tool) StderrLine: {'line': b'      |     \x1b[01;31m\x1b[K^~\x1b[m\x1b[K\n'}
[20.236415] (test_tool) StderrLine: {'line': b'\x1b[01m\x1b[K/home/maddy/iris_test_tool/src/test_tool/src/iris_tool/mainwindow.cpp:115:6:\x1b[m\x1b[K \x1b[01;31m\x1b[Kerror: \x1b[m\x1b[K\xe2\x80\x98\x1b[01m\x1b[Kelse\x1b[m\x1b[K\xe2\x80\x99 without a previous \xe2\x80\x98\x1b[01m\x1b[Kif\x1b[m\x1b[K\xe2\x80\x99\n'}
[20.236527] (test_tool) StderrLine: {'line': b'  115 |     }\x1b[01;31m\x1b[Kelse\x1b[m\x1b[K {\n'}
[20.236635] (test_tool) StderrLine: {'line': b'      |      \x1b[01;31m\x1b[K^~~~\x1b[m\x1b[K\n'}
[20.236740] (test_tool) StderrLine: {'line': b'\x1b[01m\x1b[K/home/maddy/iris_test_tool/src/test_tool/src/iris_tool/mainwindow.cpp:117:44:\x1b[m\x1b[K \x1b[01;31m\x1b[Kerror: \x1b[m\x1b[Koverloaded function with no contextual type information\n'}
[20.236846] (test_tool) StderrLine: {'line': b'  117 |             index = ui->node_list->row(item\x1b[01;31m\x1b[K)\x1b[m\x1b[K;\n'}
[20.236949] (test_tool) StderrLine: {'line': b'      |                                            \x1b[01;31m\x1b[K^\x1b[m\x1b[K\n'}
[20.237052] (test_tool) StderrLine: {'line': b'\x1b[01m\x1b[K/home/maddy/iris_test_tool/src/test_tool/src/iris_tool/mainwindow.cpp:118:47:\x1b[m\x1b[K \x1b[01;31m\x1b[Kerror: \x1b[m\x1b[Kno matching function for call to \xe2\x80\x98\x1b[01m\x1b[KQListWidgetItem::text(<unresolved overloaded function type>)\x1b[m\x1b[K\xe2\x80\x99\n'}
[20.237157] (test_tool) StderrLine: {'line': b'  118 |             QString unselected_node=\x1b[01;31m\x1b[Kitem->text(index)\x1b[m\x1b[K;\n'}
[20.237267] (test_tool) StderrLine: {'line': b'      |                                     \x1b[01;31m\x1b[K~~~~~~~~~~^~~~~~~\x1b[m\x1b[K\n'}
[20.237635] (test_tool) StderrLine: {'line': b'In file included from \x1b[01m\x1b[K/usr/include/x86_64-linux-gnu/qt6/QtWidgets/QListWidget:1\x1b[m\x1b[K,\n'}
[20.237762] (test_tool) StderrLine: {'line': b'                 from \x1b[01m\x1b[K/home/maddy/iris_test_tool/src/test_tool/include/test_tool/mainwindow.h:5\x1b[m\x1b[K,\n'}
[20.237864] (test_tool) StderrLine: {'line': b'                 from \x1b[01m\x1b[K/home/maddy/iris_test_tool/src/test_tool/src/iris_tool/mainwindow.cpp:1\x1b[m\x1b[K:\n'}
[20.237966] (test_tool) StderrLine: {'line': b'\x1b[01m\x1b[K/usr/include/x86_64-linux-gnu/qt6/QtWidgets/qlistwidget.h:84:20:\x1b[m\x1b[K \x1b[01;36m\x1b[Knote: \x1b[m\x1b[Kcandidate: \xe2\x80\x98\x1b[01m\x1b[KQString QListWidgetItem::text() const\x1b[m\x1b[K\xe2\x80\x99\n'}
[20.238068] (test_tool) StderrLine: {'line': b'   84 |     inline QString \x1b[01;36m\x1b[Ktext\x1b[m\x1b[K() const\n'}
[20.238167] (test_tool) StderrLine: {'line': b'      |                    \x1b[01;36m\x1b[K^~~~\x1b[m\x1b[K\n'}
[20.238268] (test_tool) StderrLine: {'line': b'\x1b[01m\x1b[K/usr/include/x86_64-linux-gnu/qt6/QtWidgets/qlistwidget.h:84:20:\x1b[m\x1b[K \x1b[01;36m\x1b[Knote: \x1b[m\x1b[K  candidate expects 0 arguments, 1 provided\n'}
[20.238368] (test_tool) StderrLine: {'line': b'\x1b[01m\x1b[K/home/maddy/iris_test_tool/src/test_tool/src/iris_tool/mainwindow.cpp:105:97:\x1b[m\x1b[K \x1b[01;35m\x1b[Kwarning: \x1b[m\x1b[Kunused parameter \xe2\x80\x98\x1b[01m\x1b[Kmsg\x1b[m\x1b[K\xe2\x80\x99 [\x1b[01;35m\x1b[K\x1b]8;;https://gcc.gnu.org/onlinedocs/gcc/Warning-Options.html#index-Wunused-parameter\x07-Wunused-parameter\x1b]8;;\x07\x1b[m\x1b[K]\n'}
[20.238486] (test_tool) StderrLine: {'line': b'  105 | void MainWindow::onItemChanged(QListWidgetItem *item, \x1b[01;35m\x1b[Kconst rcl_interfaces::msg::Log::SharedPtr msg\x1b[m\x1b[K)\n'}
[20.238587] (test_tool) StderrLine: {'line': b'      |                                                       \x1b[01;35m\x1b[K~~~~~~~~~~~~~~~~~~~~~~~~~~~~~~~~~~~~~~~~~~^~~\x1b[m\x1b[K\n'}
[20.301082] (-) TimerEvent: {}
[20.401649] (-) TimerEvent: {}
[20.502151] (-) TimerEvent: {}
[20.536710] (test_tool) StdoutLine: {'line': b'[ 84%] \x1b[32m\x1b[1mLinking CXX executable dummy_test\x1b[0m\n'}
[20.602332] (-) TimerEvent: {}
[20.660130] (test_tool) StderrLine: {'line': b'In file included from \x1b[01m\x1b[K/usr/include/x86_64-linux-gnu/qt6/QtWidgets/qwidget.h:45\x1b[m\x1b[K,\n'}
[20.660560] (test_tool) StderrLine: {'line': b'                 from \x1b[01m\x1b[K/usr/include/x86_64-linux-gnu/qt6/QtWidgets/qmainwindow.h:44\x1b[m\x1b[K,\n'}
[20.660773] (test_tool) StderrLine: {'line': b'                 from \x1b[01m\x1b[K/usr/include/x86_64-linux-gnu/qt6/QtWidgets/QMainWindow:1\x1b[m\x1b[K,\n'}
[20.660992] (test_tool) StderrLine: {'line': b'                 from \x1b[01m\x1b[K/home/maddy/iris_test_tool/src/test_tool/include/test_tool/mainwindow.h:4\x1b[m\x1b[K,\n'}
[20.661198] (test_tool) StderrLine: {'line': b'                 from \x1b[01m\x1b[K/home/maddy/iris_test_tool/src/test_tool/src/iris_tool/mainwindow.cpp:1\x1b[m\x1b[K:\n'}
[20.661408] (test_tool) StderrLine: {'line': b'/usr/include/x86_64-linux-gnu/qt6/QtCore/qobject.h: In instantiation of \xe2\x80\x98\x1b[01m\x1b[Kstatic QMetaObject::Connection QObject::connect(const typename QtPrivate::FunctionPointer<Func>::Object*, Func1, const typename QtPrivate::FunctionPointer<Func2>::Object*, Func2, Qt::ConnectionType) [with Func1 = void (Qtros::*)(const QString&, const QString&, int); Func2 = void (MainWindow::*)(std::shared_ptr<rcl_interfaces::msg::Log_<std::allocator<void> > >); typename QtPrivate::FunctionPointer<Func>::Object = Qtros; typename QtPrivate::FunctionPointer<Func2>::Object = MainWindow]\x1b[m\x1b[K\xe2\x80\x99:\n'}
[20.661623] (test_tool) StderrLine: {'line': b'\x1b[01m\x1b[K/home/maddy/iris_test_tool/src/test_tool/src/iris_tool/mainwindow.cpp:24:12:\x1b[m\x1b[K   required from here\n'}
[20.661828] (test_tool) StderrLine: {'line': b'\x1b[01m\x1b[K/usr/include/x86_64-linux-gnu/qt6/QtCore/qobject.h:230:123:\x1b[m\x1b[K \x1b[01;31m\x1b[Kerror: \x1b[m\x1b[Kstatic assertion failed: Signal and slot arguments are not compatible.\n'}
[20.662039] (test_tool) StderrLine: {'line': b'  230 |         static_assert(\x1b[01;31m\x1b[K(QtPrivate::CheckCompatibleArguments<typename SignalType::Arguments, typename SlotType::Arguments>::value)\x1b[m\x1b[K,\n'}
[20.662264] (test_tool) StderrLine: {'line': b'      |                       \x1b[01;31m\x1b[K~~~~~~~~~~~~~~~~~~~~~~~~~~~~~~~~~~~~~~~~~~~~~~~~~~~~~~~~~~~~~~~~~~~~~~~~~~~~~~~~~~~~~~~~~~~~~~~~~~~~^~~~~~\x1b[m\x1b[K\n'}
[20.662472] (test_tool) StderrLine: {'line': b'\x1b[01m\x1b[K/usr/include/x86_64-linux-gnu/qt6/QtCore/qobject.h:230:123:\x1b[m\x1b[K \x1b[01;36m\x1b[Knote: \x1b[m\x1b[K\xe2\x80\x98\x1b[01m\x1b[KQtPrivate::CheckCompatibleArguments<QtPrivate::List<const QString&, const QString&, int>, QtPrivate::List<std::shared_ptr<rcl_interfaces::msg::Log_<std::allocator<void> > > > >::value\x1b[m\x1b[K\xe2\x80\x99 evaluates to false\n'}
[20.702516] (-) TimerEvent: {}
[20.727367] (test_tool) StdoutLine: {'line': b'[ 92%] \x1b[32m\x1b[1mLinking CXX executable dummy_test_1\x1b[0m\n'}
[20.802694] (-) TimerEvent: {}
[20.904248] (-) TimerEvent: {}
[21.004879] (-) TimerEvent: {}
[21.105578] (-) TimerEvent: {}
[21.206102] (-) TimerEvent: {}
[21.306617] (-) TimerEvent: {}
[21.407091] (-) TimerEvent: {}
[21.409605] (test_tool) StdoutLine: {'line': b'[ 92%] Built target dummy_test_1\n'}
[21.443128] (test_tool) StdoutLine: {'line': b'[ 92%] Built target dummy_test\n'}
[21.507275] (-) TimerEvent: {}
[21.607800] (-) TimerEvent: {}
[21.659134] (test_tool) StderrLine: {'line': b'gmake[2]: *** [CMakeFiles/test_tool.dir/build.make:104: CMakeFiles/test_tool.dir/src/iris_tool/mainwindow.cpp.o] Error 1\n'}
[21.659807] (test_tool) StderrLine: {'line': b'gmake[1]: *** [CMakeFiles/Makefile2:144: CMakeFiles/test_tool.dir/all] Error 2\n'}
[21.660176] (test_tool) StderrLine: {'line': b'gmake: *** [Makefile:146: all] Error 2\n'}
[21.663443] (test_tool) CommandEnded: {'returncode': 2}
[21.676586] (test_tool) JobEnded: {'identifier': 'test_tool', 'rc': 2}
[21.687688] (-) EventReactorShutdown: {}
