[0.000000] (-) TimerEvent: {}
[0.001291] (test_tool) JobQueued: {'identifier': 'test_tool', 'dependencies': OrderedDict()}
[0.001743] (test_tool) JobStarted: {'identifier': 'test_tool'}
[0.011255] (test_tool) JobProgress: {'identifier': 'test_tool', 'progress': 'cmake'}
[0.012498] (test_tool) JobProgress: {'identifier': 'test_tool', 'progress': 'build'}
[0.013578] (test_tool) Command: {'cmd': ['/usr/bin/cmake', '--build', '/home/maddy/iris_test_tool/build/test_tool', '--', '-j8', '-l8'], 'cwd': '/home/maddy/iris_test_tool/build/test_tool', 'env': OrderedDict([('USER', 'maddy'), ('SHLVL', '1'), ('LD_LIBRARY_PATH', '/opt/ros/humble/opt/rviz_ogre_vendor/lib:/opt/ros/humble/lib/x86_64-linux-gnu:/opt/ros/humble/lib'), ('HOME', '/home/maddy'), ('OLDPWD', '/home/maddy'), ('LESS', '-R'), ('ZSH', '/home/maddy/.oh-my-zsh'), ('LSCOLORS', 'exfxcxdxbxegedabagacad'), ('PAGER', 'less'), ('ROS_PYTHON_VERSION', '3'), ('GREP_COLORS', 'mt=1;33'), ('DBUS_SESSION_BUS_ADDRESS', 'unix:path=/run/user/1000/bus'), ('WSL_DISTRO_NAME', 'Ubuntu-22.04'), ('WAYLAND_DISPLAY', 'wayland-0'), ('ROS_DISTRO', 'humble'), ('LOGNAME', 'maddy'), ('PULSE_SERVER', 'unix:/mnt/wslg/PulseServer'), ('WSL_INTEROP', '/run/WSL/2387_interop'), ('NAME', 'RMCCORPDE-DT024'), ('_', '/usr/bin/colcon'), ('ROS_VERSION', '2'), ('TERM', 'xterm-256color'), ('ROS_LOCALHOST_ONLY', '0'), ('PATH', '/opt/ros/humble/bin:/usr/local/sbin:/usr/local/bin:/usr/sbin:/usr/bin:/sbin:/bin:/usr/games:/usr/local/games:/usr/lib/wsl/lib:/mnt/c/Program Files/Common Files/Oracle/Java/javapath:/mnt/c/Program Files/Eclipse Adoptium/jdk-17.0.15.6-hotspot/bin:/mnt/c/Program Files (x86)/Common Files/Oracle/Java/java8path:/mnt/c/Program Files (x86)/Common Files/Oracle/Java/javapath:/mnt/c/Windows/system32:/mnt/c/Windows:/mnt/c/Windows/System32/Wbem:/mnt/c/Windows/System32/WindowsPowerShell/v1.0/:/mnt/c/Windows/System32/OpenSSH/:/mnt/c/Program Files/dotnet/:/mnt/c/Program Files/Git/cmd:/mnt/c/Program Files (x86)/Microsoft SQL Server/160/Tools/Binn/:/mnt/c/Program Files/Microsoft SQL Server/160/Tools/Binn/:/mnt/c/Program Files/Microsoft SQL Server/Client SDK/ODBC/170/Tools/Binn/:/mnt/c/Program Files/Microsoft SQL Server/160/DTS/Binn/:/mnt/c/Program Files (x86)/Windows Kits/10/Windows Performance Toolkit/:/mnt/c/Program Files/PostgreSQL/17/bin:/mnt/c/sonar-scanner-7.1.0.4889-windows-x64/bin:/mnt/c/msys64/mingw64/bin:/mnt/c/Program Files/CMake/bin:/mnt/c/Users/RMCPDEDT024/AppData/Local/Programs/Python/Python313/Scripts/:/mnt/c/Users/RMCPDEDT024/AppData/Local/Programs/Python/Python313/:/mnt/c/Users/RMCPDEDT024/AppData/Local/Programs/Python/Launcher/:/mnt/c/Users/RMCPDEDT024/AppData/Local/Microsoft/WindowsApps:/mnt/c/Users/RMCPDEDT024/AppData/Local/Programs/Microsoft VS Code/bin:/mnt/c/Users/RMCPDEDT024/AppData/Local/Python/bin'), ('XDG_RUNTIME_DIR', '/run/user/1000/'), ('DISPLAY', ':0'), ('LANG', 'en_US.UTF-8'), ('LS_COLORS', 'di=34;40:ln=35;40:so=32;40:pi=33;40:ex=31;40:bd=34;46:cd=34;43:su=0;41:sg=0;46:tw=0;42:ow=0;43:'), ('AMENT_PREFIX_PATH', '/opt/ros/humble'), ('SHELL', '/usr/bin/zsh'), ('PWD', '/home/maddy/iris_test_tool/build/test_tool'), ('PYTHONPATH', '/opt/ros/humble/lib/python3.10/site-packages:/opt/ros/humble/local/lib/python3.10/dist-packages'), ('COLCON', '1'), ('HOSTTYPE', 'x86_64'), ('WSL2_GUI_APPS_ENABLED', '1'), ('WSLENV', ''), ('CMAKE_PREFIX_PATH', '/opt/ros/humble')]), 'shell': False}
[0.085680] (test_tool) StdoutLine: {'line': b'[  7%] \x1b[34m\x1b[1mAutomatic MOC and UIC for target dummy_test_1\x1b[0m\n'}
[0.088202] (test_tool) StdoutLine: {'line': b'[ 15%] \x1b[34m\x1b[1mAutomatic MOC and UIC for target dummy_test\x1b[0m\n'}
[0.088667] (test_tool) StdoutLine: {'line': b'[ 23%] \x1b[34m\x1b[1mAutomatic MOC and UIC for target test_tool\x1b[0m\n'}
[0.099569] (-) TimerEvent: {}
[0.115286] (test_tool) StdoutLine: {'line': b'[ 23%] Built target dummy_test_1_autogen\n'}
[0.115608] (test_tool) StdoutLine: {'line': b'[ 23%] Built target dummy_test_autogen\n'}
[0.118131] (test_tool) StdoutLine: {'line': b'[ 23%] Built target test_tool_autogen\n'}
[0.136519] (test_tool) StdoutLine: {'line': b'\x1b[35m\x1b[1mConsolidate compiler generated dependencies of target test_tool\x1b[0m\n'}
[0.151310] (test_tool) StdoutLine: {'line': b'[ 46%] Built target dummy_test\n'}
[0.154569] (test_tool) StdoutLine: {'line': b'[ 69%] Built target dummy_test_1\n'}
[0.174142] (test_tool) StdoutLine: {'line': b'[ 76%] \x1b[32mBuilding CXX object CMakeFiles/test_tool.dir/src/iris_tool/mainwindow.cpp.o\x1b[0m\n'}
[0.199757] (-) TimerEvent: {}
[0.300407] (-) TimerEvent: {}
[0.400922] (-) TimerEvent: {}
[0.501395] (-) TimerEvent: {}
[0.601923] (-) TimerEvent: {}
[0.702406] (-) TimerEvent: {}
[0.802916] (-) TimerEvent: {}
[0.903433] (-) TimerEvent: {}
[1.003944] (-) TimerEvent: {}
[1.104466] (-) TimerEvent: {}
[1.205043] (-) TimerEvent: {}
[1.305630] (-) TimerEvent: {}
[1.406126] (-) TimerEvent: {}
[1.506617] (-) TimerEvent: {}
[1.607182] (-) TimerEvent: {}
[1.707674] (-) TimerEvent: {}
[1.808193] (-) TimerEvent: {}
[1.908678] (-) TimerEvent: {}
[2.009167] (-) TimerEvent: {}
[2.109744] (-) TimerEvent: {}
[2.210274] (-) TimerEvent: {}
[2.310770] (-) TimerEvent: {}
[2.411272] (-) TimerEvent: {}
[2.511795] (-) TimerEvent: {}
[2.612360] (-) TimerEvent: {}
[2.712862] (-) TimerEvent: {}
[2.813360] (-) TimerEvent: {}
[2.913885] (-) TimerEvent: {}
[3.014386] (-) TimerEvent: {}
[3.114886] (-) TimerEvent: {}
[3.215386] (-) TimerEvent: {}
[3.315896] (-) TimerEvent: {}
[3.416400] (-) TimerEvent: {}
[3.516897] (-) TimerEvent: {}
[3.617415] (-) TimerEvent: {}
[3.717986] (-) TimerEvent: {}
[3.818483] (-) TimerEvent: {}
[3.918981] (-) TimerEvent: {}
[4.019474] (-) TimerEvent: {}
[4.119967] (-) TimerEvent: {}
[4.220465] (-) TimerEvent: {}
[4.320982] (-) TimerEvent: {}
[4.421502] (-) TimerEvent: {}
[4.522063] (-) TimerEvent: {}
[4.622671] (-) TimerEvent: {}
[4.723177] (-) TimerEvent: {}
[4.823692] (-) TimerEvent: {}
[4.924197] (-) TimerEvent: {}
[5.024722] (-) TimerEvent: {}
[5.125236] (-) TimerEvent: {}
[5.225780] (-) TimerEvent: {}
[5.326282] (-) TimerEvent: {}
[5.426756] (-) TimerEvent: {}
[5.527333] (-) TimerEvent: {}
[5.619659] (test_tool) StderrLine: {'line': b'\x1b[01m\x1b[K/home/maddy/iris_test_tool/src/test_tool/src/iris_tool/mainwindow.cpp:\x1b[m\x1b[K In member function \xe2\x80\x98\x1b[01m\x1b[Kvoid MainWindow::onItemChanged(QListWidgetItem*, rcl_interfaces::msg::Log_<std::allocator<void> >::SharedPtr)\x1b[m\x1b[K\xe2\x80\x99:\n'}
[5.620013] (test_tool) StderrLine: {'line': b'\x1b[01m\x1b[K/home/maddy/iris_test_tool/src/test_tool/src/iris_tool/mainwindow.cpp:110:41:\x1b[m\x1b[K \x1b[01;31m\x1b[Kerror: \x1b[m\x1b[K\xe2\x80\x98\x1b[01m\x1b[Kbegin\x1b[m\x1b[K\xe2\x80\x99 was not declared in this scope; did you mean \xe2\x80\x98\x1b[01m\x1b[Kstd::begin\x1b[m\x1b[K\xe2\x80\x99?\n'}
[5.620183] (test_tool) StderrLine: {'line': b'  110 |     for (const QString &selected_node : \x1b[01;31m\x1b[Knodes\x1b[m\x1b[K) {\n'}
[5.620327] (test_tool) StderrLine: {'line': b'      |                                         \x1b[01;31m\x1b[K^~~~~\x1b[m\x1b[K\n'}
[5.620457] (test_tool) StderrLine: {'line': b'      |                                         \x1b[32m\x1b[Kstd::begin\x1b[m\x1b[K\n'}
[5.620586] (test_tool) StderrLine: {'line': b'In file included from \x1b[01m\x1b[K/usr/include/c++/11/array:41\x1b[m\x1b[K,\n'}
[5.621111] (test_tool) StderrLine: {'line': b'                 from \x1b[01m\x1b[K/usr/include/c++/11/tuple:39\x1b[m\x1b[K,\n'}
[5.621233] (test_tool) StderrLine: {'line': b'                 from \x1b[01m\x1b[K/usr/include/c++/11/functional:54\x1b[m\x1b[K,\n'}
[5.621347] (test_tool) StderrLine: {'line': b'                 from \x1b[01m\x1b[K/usr/include/c++/11/pstl/glue_algorithm_defs.h:13\x1b[m\x1b[K,\n'}
[5.621461] (test_tool) StderrLine: {'line': b'                 from \x1b[01m\x1b[K/usr/include/c++/11/algorithm:74\x1b[m\x1b[K,\n'}
[5.621611] (test_tool) StderrLine: {'line': b'                 from \x1b[01m\x1b[K/usr/include/x86_64-linux-gnu/qt6/QtCore/qglobal.h:137\x1b[m\x1b[K,\n'}
[5.621736] (test_tool) StderrLine: {'line': b'                 from \x1b[01m\x1b[K/usr/include/x86_64-linux-gnu/qt6/QtGui/qtguiglobal.h:43\x1b[m\x1b[K,\n'}
[5.621880] (test_tool) StderrLine: {'line': b'                 from \x1b[01m\x1b[K/usr/include/x86_64-linux-gnu/qt6/QtWidgets/qtwidgetsglobal.h:43\x1b[m\x1b[K,\n'}
[5.622171] (test_tool) StderrLine: {'line': b'                 from \x1b[01m\x1b[K/usr/include/x86_64-linux-gnu/qt6/QtWidgets/qmainwindow.h:43\x1b[m\x1b[K,\n'}
[5.622282] (test_tool) StderrLine: {'line': b'                 from \x1b[01m\x1b[K/usr/include/x86_64-linux-gnu/qt6/QtWidgets/QMainWindow:1\x1b[m\x1b[K,\n'}
[5.622389] (test_tool) StderrLine: {'line': b'                 from \x1b[01m\x1b[K/home/maddy/iris_test_tool/src/test_tool/include/test_tool/mainwindow.h:4\x1b[m\x1b[K,\n'}
[5.622496] (test_tool) StderrLine: {'line': b'                 from \x1b[01m\x1b[K/home/maddy/iris_test_tool/src/test_tool/src/iris_tool/mainwindow.cpp:1\x1b[m\x1b[K:\n'}
[5.622603] (test_tool) StderrLine: {'line': b'\x1b[01m\x1b[K/usr/include/c++/11/bits/range_access.h:108:37:\x1b[m\x1b[K \x1b[01;36m\x1b[Knote: \x1b[m\x1b[K\xe2\x80\x98\x1b[01m\x1b[Kstd::begin\x1b[m\x1b[K\xe2\x80\x99 declared here\n'}
[5.622732] (test_tool) StderrLine: {'line': b'  108 |   template<typename _Tp> const _Tp* \x1b[01;36m\x1b[Kbegin\x1b[m\x1b[K(const valarray<_Tp>&) noexcept;\n'}
[5.622842] (test_tool) StderrLine: {'line': b'      |                                     \x1b[01;36m\x1b[K^~~~~\x1b[m\x1b[K\n'}
[5.622948] (test_tool) StderrLine: {'line': b'\x1b[01m\x1b[K/home/maddy/iris_test_tool/src/test_tool/src/iris_tool/mainwindow.cpp:110:41:\x1b[m\x1b[K \x1b[01;31m\x1b[Kerror: \x1b[m\x1b[K\xe2\x80\x98\x1b[01m\x1b[Kend\x1b[m\x1b[K\xe2\x80\x99 was not declared in this scope; did you mean \xe2\x80\x98\x1b[01m\x1b[Kstd::end\x1b[m\x1b[K\xe2\x80\x99?\n'}
[5.623056] (test_tool) StderrLine: {'line': b'  110 |     for (const QString &selected_node : \x1b[01;31m\x1b[Knodes\x1b[m\x1b[K) {\n'}
[5.623162] (test_tool) StderrLine: {'line': b'      |                                         \x1b[01;31m\x1b[K^~~~~\x1b[m\x1b[K\n'}
[5.623267] (test_tool) StderrLine: {'line': b'      |                                         \x1b[32m\x1b[Kstd::end\x1b[m\x1b[K\n'}
[5.623373] (test_tool) StderrLine: {'line': b'In file included from \x1b[01m\x1b[K/usr/include/c++/11/array:41\x1b[m\x1b[K,\n'}
[5.623478] (test_tool) StderrLine: {'line': b'                 from \x1b[01m\x1b[K/usr/include/c++/11/tuple:39\x1b[m\x1b[K,\n'}
[5.623583] (test_tool) StderrLine: {'line': b'                 from \x1b[01m\x1b[K/usr/include/c++/11/functional:54\x1b[m\x1b[K,\n'}
[5.623689] (test_tool) StderrLine: {'line': b'                 from \x1b[01m\x1b[K/usr/include/c++/11/pstl/glue_algorithm_defs.h:13\x1b[m\x1b[K,\n'}
[5.623795] (test_tool) StderrLine: {'line': b'                 from \x1b[01m\x1b[K/usr/include/c++/11/algorithm:74\x1b[m\x1b[K,\n'}
[5.623900] (test_tool) StderrLine: {'line': b'                 from \x1b[01m\x1b[K/usr/include/x86_64-linux-gnu/qt6/QtCore/qglobal.h:137\x1b[m\x1b[K,\n'}
[5.624005] (test_tool) StderrLine: {'line': b'                 from \x1b[01m\x1b[K/usr/include/x86_64-linux-gnu/qt6/QtGui/qtguiglobal.h:43\x1b[m\x1b[K,\n'}
[5.624120] (test_tool) StderrLine: {'line': b'                 from \x1b[01m\x1b[K/usr/include/x86_64-linux-gnu/qt6/QtWidgets/qtwidgetsglobal.h:43\x1b[m\x1b[K,\n'}
[5.624224] (test_tool) StderrLine: {'line': b'                 from \x1b[01m\x1b[K/usr/include/x86_64-linux-gnu/qt6/QtWidgets/qmainwindow.h:43\x1b[m\x1b[K,\n'}
[5.624328] (test_tool) StderrLine: {'line': b'                 from \x1b[01m\x1b[K/usr/include/x86_64-linux-gnu/qt6/QtWidgets/QMainWindow:1\x1b[m\x1b[K,\n'}
[5.624532] (test_tool) StderrLine: {'line': b'                 from \x1b[01m\x1b[K/home/maddy/iris_test_tool/src/test_tool/include/test_tool/mainwindow.h:4\x1b[m\x1b[K,\n'}
[5.624710] (test_tool) StderrLine: {'line': b'                 from \x1b[01m\x1b[K/home/maddy/iris_test_tool/src/test_tool/src/iris_tool/mainwindow.cpp:1\x1b[m\x1b[K:\n'}
[5.624817] (test_tool) StderrLine: {'line': b'\x1b[01m\x1b[K/usr/include/c++/11/bits/range_access.h:110:37:\x1b[m\x1b[K \x1b[01;36m\x1b[Knote: \x1b[m\x1b[K\xe2\x80\x98\x1b[01m\x1b[Kstd::end\x1b[m\x1b[K\xe2\x80\x99 declared here\n'}
[5.624937] (test_tool) StderrLine: {'line': b'  110 |   template<typename _Tp> const _Tp* \x1b[01;36m\x1b[Kend\x1b[m\x1b[K(const valarray<_Tp>&) noexcept;\n'}
[5.625036] (test_tool) StderrLine: {'line': b'      |                                     \x1b[01;36m\x1b[K^~~\x1b[m\x1b[K\n'}
[5.625133] (test_tool) StderrLine: {'line': b'\x1b[01m\x1b[K/home/maddy/iris_test_tool/src/test_tool/src/iris_tool/mainwindow.cpp:112:63:\x1b[m\x1b[K \x1b[01;31m\x1b[Kerror: \x1b[m\x1b[Krequest for member \xe2\x80\x98\x1b[01m\x1b[KindexOf\x1b[m\x1b[K\xe2\x80\x99 in \xe2\x80\x98\x1b[01m\x1b[K((MainWindow*)this)->MainWindow::nodes\x1b[m\x1b[K\xe2\x80\x99, which is of pointer type \xe2\x80\x98\x1b[01m\x1b[KQStringList*\x1b[m\x1b[K\xe2\x80\x99 {aka \xe2\x80\x98\x1b[01m\x1b[KQList<QString>*\x1b[m\x1b[K\xe2\x80\x99} (maybe you meant to use \xe2\x80\x98\x1b[01m\x1b[K->\x1b[m\x1b[K\xe2\x80\x99 ?)\n'}
[5.625247] (test_tool) StderrLine: {'line': b'  112 |         QListWidgetItem *listItem = ui->node_list->item(nodes.\x1b[01;31m\x1b[KindexOf\x1b[m\x1b[K(selected_node));\n'}
[5.625346] (test_tool) StderrLine: {'line': b'      |                                                               \x1b[01;31m\x1b[K^~~~~~~\x1b[m\x1b[K\n'}
[5.625444] (test_tool) StderrLine: {'line': b'\x1b[01m\x1b[K/home/maddy/iris_test_tool/src/test_tool/src/iris_tool/mainwindow.cpp:107:9:\x1b[m\x1b[K \x1b[01;35m\x1b[Kwarning: \x1b[m\x1b[Kunused variable \xe2\x80\x98\x1b[01m\x1b[Kindex\x1b[m\x1b[K\xe2\x80\x99 [\x1b[01;35m\x1b[K\x1b]8;;https://gcc.gnu.org/onlinedocs/gcc/Warning-Options.html#index-Wunused-variable\x07-Wunused-variable\x1b]8;;\x07\x1b[m\x1b[K]\n'}
[5.625546] (test_tool) StderrLine: {'line': b'  107 |     int \x1b[01;35m\x1b[Kindex\x1b[m\x1b[K ;\n'}
[5.625696] (test_tool) StderrLine: {'line': b'      |         \x1b[01;35m\x1b[K^~~~~\x1b[m\x1b[K\n'}
[5.627429] (-) TimerEvent: {}
[5.727803] (-) TimerEvent: {}
[5.828287] (-) TimerEvent: {}
[5.928809] (-) TimerEvent: {}
[5.953279] (test_tool) StderrLine: {'line': b'In file included from \x1b[01m\x1b[K/usr/include/x86_64-linux-gnu/qt6/QtWidgets/qwidget.h:45\x1b[m\x1b[K,\n'}
[5.953607] (test_tool) StderrLine: {'line': b'                 from \x1b[01m\x1b[K/usr/include/x86_64-linux-gnu/qt6/QtWidgets/qmainwindow.h:44\x1b[m\x1b[K,\n'}
[5.953782] (test_tool) StderrLine: {'line': b'                 from \x1b[01m\x1b[K/usr/include/x86_64-linux-gnu/qt6/QtWidgets/QMainWindow:1\x1b[m\x1b[K,\n'}
[5.954134] (test_tool) StderrLine: {'line': b'                 from \x1b[01m\x1b[K/home/maddy/iris_test_tool/src/test_tool/include/test_tool/mainwindow.h:4\x1b[m\x1b[K,\n'}
[5.954440] (test_tool) StderrLine: {'line': b'                 from \x1b[01m\x1b[K/home/maddy/iris_test_tool/src/test_tool/src/iris_tool/mainwindow.cpp:1\x1b[m\x1b[K:\n'}
[5.954575] (test_tool) StderrLine: {'line': b'/usr/include/x86_64-linux-gnu/qt6/QtCore/qobject.h: In instantiation of \xe2\x80\x98\x1b[01m\x1b[Kstatic QMetaObject::Connection QObject::connect(const typename QtPrivate::FunctionPointer<Func>::Object*, Func1, const typename QtPrivate::FunctionPointer<Func2>::Object*, Func2, Qt::ConnectionType) [with Func1 = void (Qtros::*)(const QString&, const QString&, int); Func2 = void (MainWindow::*)(std::shared_ptr<rcl_interfaces::msg::Log_<std::allocator<void> > >); typename QtPrivate::FunctionPointer<Func>::Object = Qtros; typename QtPrivate::FunctionPointer<Func2>::Object = MainWindow]\x1b[m\x1b[K\xe2\x80\x99:\n'}
[5.954697] (test_tool) StderrLine: {'line': b'\x1b[01m\x1b[K/home/maddy/iris_test_tool/src/test_tool/src/iris_tool/mainwindow.cpp:24:12:\x1b[m\x1b[K   required from here\n'}
[5.954820] (test_tool) StderrLine: {'line': b'\x1b[01m\x1b[K/usr/include/x86_64-linux-gnu/qt6/QtCore/qobject.h:230:123:\x1b[m\x1b[K \x1b[01;31m\x1b[Kerror: \x1b[m\x1b[Kstatic assertion failed: Signal and slot arguments are not compatible.\n'}
[5.954935] (test_tool) StderrLine: {'line': b'  230 |         static_assert(\x1b[01;31m\x1b[K(QtPrivate::CheckCompatibleArguments<typename SignalType::Arguments, typename SlotType::Arguments>::value)\x1b[m\x1b[K,\n'}
[5.955058] (test_tool) StderrLine: {'line': b'      |                       \x1b[01;31m\x1b[K~~~~~~~~~~~~~~~~~~~~~~~~~~~~~~~~~~~~~~~~~~~~~~~~~~~~~~~~~~~~~~~~~~~~~~~~~~~~~~~~~~~~~~~~~~~~~~~~~~~~^~~~~~\x1b[m\x1b[K\n'}
[5.955454] (test_tool) StderrLine: {'line': b'\x1b[01m\x1b[K/usr/include/x86_64-linux-gnu/qt6/QtCore/qobject.h:230:123:\x1b[m\x1b[K \x1b[01;36m\x1b[Knote: \x1b[m\x1b[K\xe2\x80\x98\x1b[01m\x1b[KQtPrivate::CheckCompatibleArguments<QtPrivate::List<const QString&, const QString&, int>, QtPrivate::List<std::shared_ptr<rcl_interfaces::msg::Log_<std::allocator<void> > > > >::value\x1b[m\x1b[K\xe2\x80\x99 evaluates to false\n'}
[5.955566] (test_tool) StderrLine: {'line': b'/usr/include/x86_64-linux-gnu/qt6/QtCore/qobject.h: In instantiation of \xe2\x80\x98\x1b[01m\x1b[Kstatic QMetaObject::Connection QObject::connect(const typename QtPrivate::FunctionPointer<Func>::Object*, Func1, const typename QtPrivate::FunctionPointer<Func2>::Object*, Func2, Qt::ConnectionType) [with Func1 = void (QListWidget::*)(QListWidgetItem*); Func2 = void (MainWindow::*)(QListWidgetItem*, std::shared_ptr<rcl_interfaces::msg::Log_<std::allocator<void> > >); typename QtPrivate::FunctionPointer<Func>::Object = QListWidget; typename QtPrivate::FunctionPointer<Func2>::Object = MainWindow]\x1b[m\x1b[K\xe2\x80\x99:\n'}
[5.955682] (test_tool) StderrLine: {'line': b'\x1b[01m\x1b[K/home/maddy/iris_test_tool/src/test_tool/src/iris_tool/mainwindow.cpp:27:12:\x1b[m\x1b[K   required from here\n'}
[5.955783] (test_tool) StderrLine: {'line': b'\x1b[01m\x1b[K/usr/include/x86_64-linux-gnu/qt6/QtCore/qobject.h:228:54:\x1b[m\x1b[K \x1b[01;31m\x1b[Kerror: \x1b[m\x1b[Kstatic assertion failed: The slot requires more arguments than the signal provides.\n'}
[5.955893] (test_tool) StderrLine: {'line': b'  228 |         static_assert(\x1b[01;31m\x1b[Kint(SignalType::ArgumentCount) >= int(SlotType::ArgumentCount)\x1b[m\x1b[K,\n'}
[5.956002] (test_tool) StderrLine: {'line': b'      |                       \x1b[01;31m\x1b[K~~~~~~~~~~~~~~~~~~~~~~~~~~~~~~~^~~~~~~~~~~~~~~~~~~~~~~~~~~~~~~\x1b[m\x1b[K\n'}
[5.956101] (test_tool) StderrLine: {'line': b'\x1b[01m\x1b[K/usr/include/x86_64-linux-gnu/qt6/QtCore/qobject.h:228:54:\x1b[m\x1b[K \x1b[01;36m\x1b[Knote: \x1b[m\x1b[K\xe2\x80\x98\x1b[01m\x1b[K(((int)QtPrivate::FunctionPointer<void (QListWidget::*)(QListWidgetItem*)>::ArgumentCount) >= ((int)QtPrivate::FunctionPointer<void (MainWindow::*)(QListWidgetItem*, std::shared_ptr<rcl_interfaces::msg::Log_<std::allocator<void> > >)>::ArgumentCount))\x1b[m\x1b[K\xe2\x80\x99 evaluates to false\n'}
[5.956213] (test_tool) StderrLine: {'line': b'\x1b[01m\x1b[K/usr/include/x86_64-linux-gnu/qt6/QtCore/qobject.h:230:123:\x1b[m\x1b[K \x1b[01;31m\x1b[Kerror: \x1b[m\x1b[Kstatic assertion failed: Signal and slot arguments are not compatible.\n'}
[5.956314] (test_tool) StderrLine: {'line': b'  230 |         static_assert(\x1b[01;31m\x1b[K(QtPrivate::CheckCompatibleArguments<typename SignalType::Arguments, typename SlotType::Arguments>::value)\x1b[m\x1b[K,\n'}
[5.956414] (test_tool) StderrLine: {'line': b'      |                       \x1b[01;31m\x1b[K~~~~~~~~~~~~~~~~~~~~~~~~~~~~~~~~~~~~~~~~~~~~~~~~~~~~~~~~~~~~~~~~~~~~~~~~~~~~~~~~~~~~~~~~~~~~~~~~~~~~^~~~~~\x1b[m\x1b[K\n'}
[5.956514] (test_tool) StderrLine: {'line': b'\x1b[01m\x1b[K/usr/include/x86_64-linux-gnu/qt6/QtCore/qobject.h:230:123:\x1b[m\x1b[K \x1b[01;36m\x1b[Knote: \x1b[m\x1b[K\xe2\x80\x98\x1b[01m\x1b[KQtPrivate::CheckCompatibleArguments<QtPrivate::List<QListWidgetItem*>, QtPrivate::List<QListWidgetItem*, std::shared_ptr<rcl_interfaces::msg::Log_<std::allocator<void> > > > >::value\x1b[m\x1b[K\xe2\x80\x99 evaluates to false\n'}
[5.956617] (test_tool) StderrLine: {'line': b'In file included from \x1b[01m\x1b[K/usr/include/x86_64-linux-gnu/qt6/QtCore/qobjectdefs.h:49\x1b[m\x1b[K,\n'}
[5.956716] (test_tool) StderrLine: {'line': b'                 from \x1b[01m\x1b[K/usr/include/x86_64-linux-gnu/qt6/QtGui/qwindowdefs.h:44\x1b[m\x1b[K,\n'}
[5.956816] (test_tool) StderrLine: {'line': b'                 from \x1b[01m\x1b[K/usr/include/x86_64-linux-gnu/qt6/QtWidgets/qwidget.h:44\x1b[m\x1b[K,\n'}
[5.956922] (test_tool) StderrLine: {'line': b'                 from \x1b[01m\x1b[K/usr/include/x86_64-linux-gnu/qt6/QtWidgets/qmainwindow.h:44\x1b[m\x1b[K,\n'}
[5.957020] (test_tool) StderrLine: {'line': b'                 from \x1b[01m\x1b[K/usr/include/x86_64-linux-gnu/qt6/QtWidgets/QMainWindow:1\x1b[m\x1b[K,\n'}
[5.957118] (test_tool) StderrLine: {'line': b'                 from \x1b[01m\x1b[K/home/maddy/iris_test_tool/src/test_tool/include/test_tool/mainwindow.h:4\x1b[m\x1b[K,\n'}
[5.957216] (test_tool) StderrLine: {'line': b'                 from \x1b[01m\x1b[K/home/maddy/iris_test_tool/src/test_tool/src/iris_tool/mainwindow.cpp:1\x1b[m\x1b[K:\n'}
[5.957321] (test_tool) StderrLine: {'line': b'/usr/include/x86_64-linux-gnu/qt6/QtCore/qobjectdefs_impl.h: In instantiation of \xe2\x80\x98\x1b[01m\x1b[Kstruct QtPrivate::List_Left<QtPrivate::List<>, 1>\x1b[m\x1b[K\xe2\x80\x99:\n'}
[5.957421] (test_tool) StderrLine: {'line': b'\x1b[01m\x1b[K/usr/include/x86_64-linux-gnu/qt6/QtCore/qobjectdefs_impl.h:72:118:\x1b[m\x1b[K   required from \xe2\x80\x98\x1b[01m\x1b[Kstruct QtPrivate::List_Left<QtPrivate::List<QListWidgetItem*>, 2>\x1b[m\x1b[K\xe2\x80\x99\n'}
[5.957520] (test_tool) StderrLine: {'line': b'\x1b[01m\x1b[K/usr/include/x86_64-linux-gnu/qt6/QtCore/qobject.h:241:28:\x1b[m\x1b[K   required from \xe2\x80\x98\x1b[01m\x1b[Kstatic QMetaObject::Connection QObject::connect(const typename QtPrivate::FunctionPointer<Func>::Object*, Func1, const typename QtPrivate::FunctionPointer<Func2>::Object*, Func2, Qt::ConnectionType) [with Func1 = void (QListWidget::*)(QListWidgetItem*); Func2 = void (MainWindow::*)(QListWidgetItem*, std::shared_ptr<rcl_interfaces::msg::Log_<std::allocator<void> > >); typename QtPrivate::FunctionPointer<Func>::Object = QListWidget; typename QtPrivate::FunctionPointer<Func2>::Object = MainWindow]\x1b[m\x1b[K\xe2\x80\x99\n'}
[5.957660] (test_tool) StderrLine: {'line': b'\x1b[01m\x1b[K/home/maddy/iris_test_tool/src/test_tool/src/iris_tool/mainwindow.cpp:27:12:\x1b[m\x1b[K   required from here\n'}
[5.957773] (test_tool) StderrLine: {'line': b'\x1b[01m\x1b[K/usr/include/x86_64-linux-gnu/qt6/QtCore/qobjectdefs_impl.h:72:118:\x1b[m\x1b[K \x1b[01;31m\x1b[Kerror: \x1b[m\x1b[Kno type named \xe2\x80\x98\x1b[01m\x1b[KCar\x1b[m\x1b[K\xe2\x80\x99 in \xe2\x80\x98\x1b[01m\x1b[Kstruct QtPrivate::List<>\x1b[m\x1b[K\xe2\x80\x99\n'}
[5.957875] (test_tool) StderrLine: {'line': b'   72 |         typedef typename List_Append<List<typename L::Car>,typename List_Left<typename L::Cdr, N - 1>::Value>::Value \x1b[01;31m\x1b[KValue\x1b[m\x1b[K;\n'}
[5.957974] (test_tool) StderrLine: {'line': b'      |                                                                                                                      \x1b[01;31m\x1b[K^~~~~\x1b[m\x1b[K\n'}
[6.028970] (-) TimerEvent: {}
[6.129481] (-) TimerEvent: {}
[6.230020] (-) TimerEvent: {}
[6.330512] (-) TimerEvent: {}
[6.430980] (-) TimerEvent: {}
[6.531510] (-) TimerEvent: {}
[6.632020] (-) TimerEvent: {}
[6.680901] (test_tool) StderrLine: {'line': b'gmake[2]: *** [CMakeFiles/test_tool.dir/build.make:104: CMakeFiles/test_tool.dir/src/iris_tool/mainwindow.cpp.o] Error 1\n'}
[6.681343] (test_tool) StderrLine: {'line': b'gmake[1]: *** [CMakeFiles/Makefile2:144: CMakeFiles/test_tool.dir/all] Error 2\n'}
[6.681765] (test_tool) StderrLine: {'line': b'gmake: *** [Makefile:146: all] Error 2\n'}
[6.684660] (test_tool) CommandEnded: {'returncode': 2}
[6.696510] (test_tool) JobEnded: {'identifier': 'test_tool', 'rc': 2}
[6.707637] (-) EventReactorShutdown: {}
