[0.000000] (-) TimerEvent: {}
[0.001002] (test_tool) JobQueued: {'identifier': 'test_tool', 'dependencies': OrderedDict()}
[0.001092] (test_tool) JobStarted: {'identifier': 'test_tool'}
[0.019229] (test_tool) JobProgress: {'identifier': 'test_tool', 'progress': 'cmake'}
[0.020744] (test_tool) JobProgress: {'identifier': 'test_tool', 'progress': 'build'}
[0.021810] (test_tool) Command: {'cmd': ['/usr/bin/cmake', '--build', '/home/maddy/iris_test_tool/build/test_tool', '--', '-j8', '-l8'], 'cwd': '/home/maddy/iris_test_tool/build/test_tool', 'env': OrderedDict([('USER', 'maddy'), ('SHLVL', '1'), ('LD_LIBRARY_PATH', '/opt/ros/humble/opt/rviz_ogre_vendor/lib:/opt/ros/humble/lib/x86_64-linux-gnu:/opt/ros/humble/lib'), ('HOME', '/home/maddy'), ('OLDPWD', '/home/maddy'), ('LESS', '-R'), ('LSCOLORS', 'Gxfxcxdxbxegedabagacad'), ('PAGER', 'less'), ('ROS_PYTHON_VERSION', '3'), ('GREP_COLORS', 'mt=1;33'), ('DBUS_SESSION_BUS_ADDRESS', 'unix:path=/run/user/1000/bus'), ('P9K_TTY', 'old'), ('WSL_DISTRO_NAME', 'Ubuntu-22.04'), ('WAYLAND_DISPLAY', 'wayland-0'), ('ROS_DISTRO', 'humble'), ('LOGNAME', 'maddy'), ('PULSE_SERVER', 'unix:/mnt/wslg/PulseServer'), ('WSL_INTEROP', '/run/WSL/7108_interop'), ('NAME', 'RMCCORPDE-DT024'), ('_P9K_SSH_TTY', '/dev/pts/0'), ('_', '/usr/bin/colcon'), ('ROS_VERSION', '2'), ('TERM', 'xterm-256color'), ('ROS_LOCALHOST_ONLY', '0'), ('PATH', '/opt/ros/humble/bin:/usr/local/sbin:/usr/local/bin:/usr/sbin:/usr/bin:/sbin:/bin:/usr/games:/usr/local/games:/usr/lib/wsl/lib:/mnt/c/Program Files/Common Files/Oracle/Java/javapath:/mnt/c/Program Files/Eclipse Adoptium/jdk-17.0.15.6-hotspot/bin:/mnt/c/Program Files (x86)/Common Files/Oracle/Java/java8path:/mnt/c/Program Files (x86)/Common Files/Oracle/Java/javapath:/mnt/c/Windows/system32:/mnt/c/Windows:/mnt/c/Windows/System32/Wbem:/mnt/c/Windows/System32/WindowsPowerShell/v1.0/:/mnt/c/Windows/System32/OpenSSH/:/mnt/c/Program Files/dotnet/:/mnt/c/Program Files/Git/cmd:/mnt/c/Program Files (x86)/Microsoft SQL Server/160/Tools/Binn/:/mnt/c/Program Files/Microsoft SQL Server/160/Tools/Binn/:/mnt/c/Program Files/Microsoft SQL Server/Client SDK/ODBC/170/Tools/Binn/:/mnt/c/Program Files/Microsoft SQL Server/160/DTS/Binn/:/mnt/c/Program Files (x86)/Windows Kits/10/Windows Performance Toolkit/:/mnt/c/Program Files/PostgreSQL/17/bin:/mnt/c/sonar-scanner-7.1.0.4889-windows-x64/bin:/mnt/c/msys64/mingw64/bin:/mnt/c/Program Files/CMake/bin:/mnt/c/Users/RMCPDEDT024/AppData/Local/Programs/Python/Python313/Scripts/:/mnt/c/Users/RMCPDEDT024/AppData/Local/Programs/Python/Python313/:/mnt/c/Users/RMCPDEDT024/AppData/Local/Programs/Python/Launcher/:/mnt/c/Users/RMCPDEDT024/AppData/Local/Microsoft/WindowsApps:/mnt/c/Users/RMCPDEDT024/AppData/Local/Programs/Microsoft VS Code/bin:/mnt/c/Users/RMCPDEDT024/AppData/Local/Python/bin'), ('XDG_RUNTIME_DIR', '/run/user/1000/'), ('DISPLAY', ':0'), ('LANG', 'en_US.UTF-8'), ('LS_COLORS', 'di=34;40:ln=35;40:so=32;40:pi=33;40:ex=31;40:bd=34;46:cd=34;43:su=0;41:sg=0;46:tw=0;42:ow=0;43:'), ('AMENT_PREFIX_PATH', '/opt/ros/humble'), ('SHELL', '/usr/bin/zsh'), ('P9K_SSH', '0'), ('PWD', '/home/maddy/iris_test_tool/build/test_tool'), ('_P9K_TTY', '/dev/pts/0'), ('PYTHONPATH', '/opt/ros/humble/lib/python3.10/site-packages:/opt/ros/humble/local/lib/python3.10/dist-packages'), ('COLCON', '1'), ('HOSTTYPE', 'x86_64'), ('WSL2_GUI_APPS_ENABLED', '1'), ('WSLENV', ''), ('CMAKE_PREFIX_PATH', '/opt/ros/humble')]), 'shell': False}
[0.098685] (-) TimerEvent: {}
[0.199117] (test_tool) StdoutLine: {'line': b'[ 15%] \x1b[34m\x1b[1mAutomatic MOC and UIC for target test_tool\x1b[0m\n'}
[0.199504] (-) TimerEvent: {}
[0.199720] (test_tool) StdoutLine: {'line': b'[ 15%] \x1b[34m\x1b[1mAutomatic MOC and UIC for target dummy_test\x1b[0m\n'}
[0.201946] (test_tool) StdoutLine: {'line': b'[ 23%] \x1b[34m\x1b[1mAutomatic MOC and UIC for target dummy_test_1\x1b[0m\n'}
[0.233468] (test_tool) StdoutLine: {'line': b'[ 23%] Built target dummy_test_autogen\n'}
[0.233956] (test_tool) StdoutLine: {'line': b'[ 23%] Built target dummy_test_1_autogen\n'}
[0.234187] (test_tool) StdoutLine: {'line': b'[ 23%] Built target test_tool_autogen\n'}
[0.256483] (test_tool) StdoutLine: {'line': b'\x1b[35m\x1b[1mConsolidate compiler generated dependencies of target test_tool\x1b[0m\n'}
[0.274276] (test_tool) StdoutLine: {'line': b'[ 46%] Built target dummy_test\n'}
[0.277350] (test_tool) StdoutLine: {'line': b'[ 69%] Built target dummy_test_1\n'}
[0.295174] (test_tool) StdoutLine: {'line': b'[ 76%] \x1b[32mBuilding CXX object CMakeFiles/test_tool.dir/src/iris_tool/mainwindow.cpp.o\x1b[0m\n'}
[0.299632] (-) TimerEvent: {}
[0.400067] (-) TimerEvent: {}
[0.500591] (-) TimerEvent: {}
[0.601077] (-) TimerEvent: {}
[0.701582] (-) TimerEvent: {}
[0.802175] (-) TimerEvent: {}
[0.902764] (-) TimerEvent: {}
[1.003362] (-) TimerEvent: {}
[1.103821] (-) TimerEvent: {}
[1.204306] (-) TimerEvent: {}
[1.304829] (-) TimerEvent: {}
[1.405313] (-) TimerEvent: {}
[1.505839] (-) TimerEvent: {}
[1.606421] (-) TimerEvent: {}
[1.706931] (-) TimerEvent: {}
[1.807448] (-) TimerEvent: {}
[1.907947] (-) TimerEvent: {}
[2.008451] (-) TimerEvent: {}
[2.109024] (-) TimerEvent: {}
[2.209663] (-) TimerEvent: {}
[2.310141] (-) TimerEvent: {}
[2.410707] (-) TimerEvent: {}
[2.511179] (-) TimerEvent: {}
[2.611734] (-) TimerEvent: {}
[2.712217] (-) TimerEvent: {}
[2.812677] (-) TimerEvent: {}
[2.913161] (-) TimerEvent: {}
[3.013716] (-) TimerEvent: {}
[3.114297] (-) TimerEvent: {}
[3.214812] (-) TimerEvent: {}
[3.315341] (-) TimerEvent: {}
[3.415949] (-) TimerEvent: {}
[3.516502] (-) TimerEvent: {}
[3.617045] (-) TimerEvent: {}
[3.717705] (-) TimerEvent: {}
[3.818446] (-) TimerEvent: {}
[3.919102] (-) TimerEvent: {}
[4.019723] (-) TimerEvent: {}
[4.120253] (-) TimerEvent: {}
[4.220862] (-) TimerEvent: {}
[4.321418] (-) TimerEvent: {}
[4.422103] (-) TimerEvent: {}
[4.522858] (-) TimerEvent: {}
[4.623741] (-) TimerEvent: {}
[4.724357] (-) TimerEvent: {}
[4.824933] (-) TimerEvent: {}
[4.925504] (-) TimerEvent: {}
[5.026020] (-) TimerEvent: {}
[5.126536] (-) TimerEvent: {}
[5.227053] (-) TimerEvent: {}
[5.327515] (-) TimerEvent: {}
[5.428018] (-) TimerEvent: {}
[5.528604] (-) TimerEvent: {}
[5.629299] (-) TimerEvent: {}
[5.729995] (-) TimerEvent: {}
[5.830631] (-) TimerEvent: {}
[5.931384] (-) TimerEvent: {}
[6.032138] (-) TimerEvent: {}
[6.132686] (-) TimerEvent: {}
[6.233398] (-) TimerEvent: {}
[6.334027] (-) TimerEvent: {}
[6.434595] (-) TimerEvent: {}
[6.535125] (-) TimerEvent: {}
[6.635655] (-) TimerEvent: {}
[6.736187] (-) TimerEvent: {}
[6.836708] (-) TimerEvent: {}
[6.937169] (-) TimerEvent: {}
[6.995622] (test_tool) StderrLine: {'line': b'\x1b[01m\x1b[K/home/maddy/iris_test_tool/src/test_tool/src/iris_tool/mainwindow.cpp:\x1b[m\x1b[K In member function \xe2\x80\x98\x1b[01m\x1b[Kvoid MainWindow::onItemChanged(QListWidgetItem*, rcl_interfaces::msg::Log_<std::allocator<void> >::SharedPtr)\x1b[m\x1b[K\xe2\x80\x99:\n'}
[6.996133] (test_tool) StderrLine: {'line': b'\x1b[01m\x1b[K/home/maddy/iris_test_tool/src/test_tool/src/iris_tool/mainwindow.cpp:107:9:\x1b[m\x1b[K \x1b[01;35m\x1b[Kwarning: \x1b[m\x1b[Kunused variable \xe2\x80\x98\x1b[01m\x1b[Kindex\x1b[m\x1b[K\xe2\x80\x99 [\x1b[01;35m\x1b[K\x1b]8;;https://gcc.gnu.org/onlinedocs/gcc/Warning-Options.html#index-Wunused-variable\x07-Wunused-variable\x1b]8;;\x07\x1b[m\x1b[K]\n'}
[6.996256] (test_tool) StderrLine: {'line': b'  107 |     int \x1b[01;35m\x1b[Kindex\x1b[m\x1b[K ;\n'}
[6.996365] (test_tool) StderrLine: {'line': b'      |         \x1b[01;35m\x1b[K^~~~~\x1b[m\x1b[K\n'}
[7.037340] (-) TimerEvent: {}
[7.137865] (-) TimerEvent: {}
[7.238431] (-) TimerEvent: {}
[7.286528] (test_tool) StderrLine: {'line': b'In file included from \x1b[01m\x1b[K/usr/include/x86_64-linux-gnu/qt6/QtWidgets/qwidget.h:45\x1b[m\x1b[K,\n'}
[7.286823] (test_tool) StderrLine: {'line': b'                 from \x1b[01m\x1b[K/usr/include/x86_64-linux-gnu/qt6/QtWidgets/qmainwindow.h:44\x1b[m\x1b[K,\n'}
[7.286933] (test_tool) StderrLine: {'line': b'                 from \x1b[01m\x1b[K/usr/include/x86_64-linux-gnu/qt6/QtWidgets/QMainWindow:1\x1b[m\x1b[K,\n'}
[7.287276] (test_tool) StderrLine: {'line': b'                 from \x1b[01m\x1b[K/home/maddy/iris_test_tool/src/test_tool/include/test_tool/mainwindow.h:4\x1b[m\x1b[K,\n'}
[7.287419] (test_tool) StderrLine: {'line': b'                 from \x1b[01m\x1b[K/home/maddy/iris_test_tool/src/test_tool/src/iris_tool/mainwindow.cpp:1\x1b[m\x1b[K:\n'}
[7.287653] (test_tool) StderrLine: {'line': b'/usr/include/x86_64-linux-gnu/qt6/QtCore/qobject.h: In instantiation of \xe2\x80\x98\x1b[01m\x1b[Kstatic QMetaObject::Connection QObject::connect(const typename QtPrivate::FunctionPointer<Func>::Object*, Func1, const typename QtPrivate::FunctionPointer<Func2>::Object*, Func2, Qt::ConnectionType) [with Func1 = void (Qtros::*)(const QString&, const QString&, int); Func2 = void (MainWindow::*)(std::shared_ptr<rcl_interfaces::msg::Log_<std::allocator<void> > >); typename QtPrivate::FunctionPointer<Func>::Object = Qtros; typename QtPrivate::FunctionPointer<Func2>::Object = MainWindow]\x1b[m\x1b[K\xe2\x80\x99:\n'}
[7.287865] (test_tool) StderrLine: {'line': b'\x1b[01m\x1b[K/home/maddy/iris_test_tool/src/test_tool/src/iris_tool/mainwindow.cpp:24:12:\x1b[m\x1b[K   required from here\n'}
[7.288318] (test_tool) StderrLine: {'line': b'\x1b[01m\x1b[K/usr/include/x86_64-linux-gnu/qt6/QtCore/qobject.h:230:123:\x1b[m\x1b[K \x1b[01;31m\x1b[Kerror: \x1b[m\x1b[Kstatic assertion failed: Signal and slot arguments are not compatible.\n'}
[7.288546] (test_tool) StderrLine: {'line': b'  230 |         static_assert(\x1b[01;31m\x1b[K(QtPrivate::CheckCompatibleArguments<typename SignalType::Arguments, typename SlotType::Arguments>::value)\x1b[m\x1b[K,\n'}
[7.288752] (test_tool) StderrLine: {'line': b'      |                       \x1b[01;31m\x1b[K~~~~~~~~~~~~~~~~~~~~~~~~~~~~~~~~~~~~~~~~~~~~~~~~~~~~~~~~~~~~~~~~~~~~~~~~~~~~~~~~~~~~~~~~~~~~~~~~~~~~^~~~~~\x1b[m\x1b[K\n'}
[7.288967] (test_tool) StderrLine: {'line': b'\x1b[01m\x1b[K/usr/include/x86_64-linux-gnu/qt6/QtCore/qobject.h:230:123:\x1b[m\x1b[K \x1b[01;36m\x1b[Knote: \x1b[m\x1b[K\xe2\x80\x98\x1b[01m\x1b[KQtPrivate::CheckCompatibleArguments<QtPrivate::List<const QString&, const QString&, int>, QtPrivate::List<std::shared_ptr<rcl_interfaces::msg::Log_<std::allocator<void> > > > >::value\x1b[m\x1b[K\xe2\x80\x99 evaluates to false\n'}
[7.289209] (test_tool) StderrLine: {'line': b'/usr/include/x86_64-linux-gnu/qt6/QtCore/qobject.h: In instantiation of \xe2\x80\x98\x1b[01m\x1b[Kstatic QMetaObject::Connection QObject::connect(const typename QtPrivate::FunctionPointer<Func>::Object*, Func1, const typename QtPrivate::FunctionPointer<Func2>::Object*, Func2, Qt::ConnectionType) [with Func1 = void (QListWidget::*)(QListWidgetItem*); Func2 = void (MainWindow::*)(QListWidgetItem*, std::shared_ptr<rcl_interfaces::msg::Log_<std::allocator<void> > >); typename QtPrivate::FunctionPointer<Func>::Object = QListWidget; typename QtPrivate::FunctionPointer<Func2>::Object = MainWindow]\x1b[m\x1b[K\xe2\x80\x99:\n'}
[7.289693] (test_tool) StderrLine: {'line': b'\x1b[01m\x1b[K/home/maddy/iris_test_tool/src/test_tool/src/iris_tool/mainwindow.cpp:27:12:\x1b[m\x1b[K   required from here\n'}
[7.289823] (test_tool) StderrLine: {'line': b'\x1b[01m\x1b[K/usr/include/x86_64-linux-gnu/qt6/QtCore/qobject.h:228:54:\x1b[m\x1b[K \x1b[01;31m\x1b[Kerror: \x1b[m\x1b[Kstatic assertion failed: The slot requires more arguments than the signal provides.\n'}
[7.289932] (test_tool) StderrLine: {'line': b'  228 |         static_assert(\x1b[01;31m\x1b[Kint(SignalType::ArgumentCount) >= int(SlotType::ArgumentCount)\x1b[m\x1b[K,\n'}
[7.290094] (test_tool) StderrLine: {'line': b'      |                       \x1b[01;31m\x1b[K~~~~~~~~~~~~~~~~~~~~~~~~~~~~~~~^~~~~~~~~~~~~~~~~~~~~~~~~~~~~~~\x1b[m\x1b[K\n'}
[7.290221] (test_tool) StderrLine: {'line': b'\x1b[01m\x1b[K/usr/include/x86_64-linux-gnu/qt6/QtCore/qobject.h:228:54:\x1b[m\x1b[K \x1b[01;36m\x1b[Knote: \x1b[m\x1b[K\xe2\x80\x98\x1b[01m\x1b[K(((int)QtPrivate::FunctionPointer<void (QListWidget::*)(QListWidgetItem*)>::ArgumentCount) >= ((int)QtPrivate::FunctionPointer<void (MainWindow::*)(QListWidgetItem*, std::shared_ptr<rcl_interfaces::msg::Log_<std::allocator<void> > >)>::ArgumentCount))\x1b[m\x1b[K\xe2\x80\x99 evaluates to false\n'}
[7.290338] (test_tool) StderrLine: {'line': b'\x1b[01m\x1b[K/usr/include/x86_64-linux-gnu/qt6/QtCore/qobject.h:230:123:\x1b[m\x1b[K \x1b[01;31m\x1b[Kerror: \x1b[m\x1b[Kstatic assertion failed: Signal and slot arguments are not compatible.\n'}
[7.290449] (test_tool) StderrLine: {'line': b'  230 |         static_assert(\x1b[01;31m\x1b[K(QtPrivate::CheckCompatibleArguments<typename SignalType::Arguments, typename SlotType::Arguments>::value)\x1b[m\x1b[K,\n'}
[7.290552] (test_tool) StderrLine: {'line': b'      |                       \x1b[01;31m\x1b[K~~~~~~~~~~~~~~~~~~~~~~~~~~~~~~~~~~~~~~~~~~~~~~~~~~~~~~~~~~~~~~~~~~~~~~~~~~~~~~~~~~~~~~~~~~~~~~~~~~~~^~~~~~\x1b[m\x1b[K\n'}
[7.290654] (test_tool) StderrLine: {'line': b'\x1b[01m\x1b[K/usr/include/x86_64-linux-gnu/qt6/QtCore/qobject.h:230:123:\x1b[m\x1b[K \x1b[01;36m\x1b[Knote: \x1b[m\x1b[K\xe2\x80\x98\x1b[01m\x1b[KQtPrivate::CheckCompatibleArguments<QtPrivate::List<QListWidgetItem*>, QtPrivate::List<QListWidgetItem*, std::shared_ptr<rcl_interfaces::msg::Log_<std::allocator<void> > > > >::value\x1b[m\x1b[K\xe2\x80\x99 evaluates to false\n'}
[7.290759] (test_tool) StderrLine: {'line': b'In file included from \x1b[01m\x1b[K/usr/include/x86_64-linux-gnu/qt6/QtCore/qobjectdefs.h:49\x1b[m\x1b[K,\n'}
[7.290860] (test_tool) StderrLine: {'line': b'                 from \x1b[01m\x1b[K/usr/include/x86_64-linux-gnu/qt6/QtGui/qwindowdefs.h:44\x1b[m\x1b[K,\n'}
[7.290960] (test_tool) StderrLine: {'line': b'                 from \x1b[01m\x1b[K/usr/include/x86_64-linux-gnu/qt6/QtWidgets/qwidget.h:44\x1b[m\x1b[K,\n'}
[7.291060] (test_tool) StderrLine: {'line': b'                 from \x1b[01m\x1b[K/usr/include/x86_64-linux-gnu/qt6/QtWidgets/qmainwindow.h:44\x1b[m\x1b[K,\n'}
[7.291160] (test_tool) StderrLine: {'line': b'                 from \x1b[01m\x1b[K/usr/include/x86_64-linux-gnu/qt6/QtWidgets/QMainWindow:1\x1b[m\x1b[K,\n'}
[7.291259] (test_tool) StderrLine: {'line': b'                 from \x1b[01m\x1b[K/home/maddy/iris_test_tool/src/test_tool/include/test_tool/mainwindow.h:4\x1b[m\x1b[K,\n'}
[7.291360] (test_tool) StderrLine: {'line': b'                 from \x1b[01m\x1b[K/home/maddy/iris_test_tool/src/test_tool/src/iris_tool/mainwindow.cpp:1\x1b[m\x1b[K:\n'}
[7.291459] (test_tool) StderrLine: {'line': b'/usr/include/x86_64-linux-gnu/qt6/QtCore/qobjectdefs_impl.h: In instantiation of \xe2\x80\x98\x1b[01m\x1b[Kstruct QtPrivate::List_Left<QtPrivate::List<>, 1>\x1b[m\x1b[K\xe2\x80\x99:\n'}
[7.291559] (test_tool) StderrLine: {'line': b'\x1b[01m\x1b[K/usr/include/x86_64-linux-gnu/qt6/QtCore/qobjectdefs_impl.h:72:118:\x1b[m\x1b[K   required from \xe2\x80\x98\x1b[01m\x1b[Kstruct QtPrivate::List_Left<QtPrivate::List<QListWidgetItem*>, 2>\x1b[m\x1b[K\xe2\x80\x99\n'}
[7.291660] (test_tool) StderrLine: {'line': b'\x1b[01m\x1b[K/usr/include/x86_64-linux-gnu/qt6/QtCore/qobject.h:241:28:\x1b[m\x1b[K   required from \xe2\x80\x98\x1b[01m\x1b[Kstatic QMetaObject::Connection QObject::connect(const typename QtPrivate::FunctionPointer<Func>::Object*, Func1, const typename QtPrivate::FunctionPointer<Func2>::Object*, Func2, Qt::ConnectionType) [with Func1 = void (QListWidget::*)(QListWidgetItem*); Func2 = void (MainWindow::*)(QListWidgetItem*, std::shared_ptr<rcl_interfaces::msg::Log_<std::allocator<void> > >); typename QtPrivate::FunctionPointer<Func>::Object = QListWidget; typename QtPrivate::FunctionPointer<Func2>::Object = MainWindow]\x1b[m\x1b[K\xe2\x80\x99\n'}
[7.291766] (test_tool) StderrLine: {'line': b'\x1b[01m\x1b[K/home/maddy/iris_test_tool/src/test_tool/src/iris_tool/mainwindow.cpp:27:12:\x1b[m\x1b[K   required from here\n'}
[7.291865] (test_tool) StderrLine: {'line': b'\x1b[01m\x1b[K/usr/include/x86_64-linux-gnu/qt6/QtCore/qobjectdefs_impl.h:72:118:\x1b[m\x1b[K \x1b[01;31m\x1b[Kerror: \x1b[m\x1b[Kno type named \xe2\x80\x98\x1b[01m\x1b[KCar\x1b[m\x1b[K\xe2\x80\x99 in \xe2\x80\x98\x1b[01m\x1b[Kstruct QtPrivate::List<>\x1b[m\x1b[K\xe2\x80\x99\n'}
[7.291966] (test_tool) StderrLine: {'line': b'   72 |         typedef typename List_Append<List<typename L::Car>,typename List_Left<typename L::Cdr, N - 1>::Value>::Value \x1b[01;31m\x1b[KValue\x1b[m\x1b[K;\n'}
[7.292074] (test_tool) StderrLine: {'line': b'      |                                                                                                                      \x1b[01;31m\x1b[K^~~~~\x1b[m\x1b[K\n'}
[7.338620] (-) TimerEvent: {}
[7.439111] (-) TimerEvent: {}
[7.539622] (-) TimerEvent: {}
[7.640129] (-) TimerEvent: {}
[7.740650] (-) TimerEvent: {}
[7.841181] (-) TimerEvent: {}
[7.941698] (-) TimerEvent: {}
[8.010665] (test_tool) StderrLine: {'line': b'gmake[2]: *** [CMakeFiles/test_tool.dir/build.make:104: CMakeFiles/test_tool.dir/src/iris_tool/mainwindow.cpp.o] Error 1\n'}
[8.012046] (test_tool) StderrLine: {'line': b'gmake[1]: *** [CMakeFiles/Makefile2:144: CMakeFiles/test_tool.dir/all] Error 2\n'}
[8.012178] (test_tool) StderrLine: {'line': b'gmake: *** [Makefile:146: all] Error 2\n'}
[8.016120] (test_tool) CommandEnded: {'returncode': 2}
[8.038916] (test_tool) JobEnded: {'identifier': 'test_tool', 'rc': 2}
[8.040956] (-) EventReactorShutdown: {}
