[0.000000] (-) TimerEvent: {}
[0.001007] (test_tool) JobQueued: {'identifier': 'test_tool', 'dependencies': OrderedDict()}
[0.001424] (test_tool) JobStarted: {'identifier': 'test_tool'}
[0.010962] (test_tool) JobProgress: {'identifier': 'test_tool', 'progress': 'cmake'}
[0.012000] (test_tool) JobProgress: {'identifier': 'test_tool', 'progress': 'build'}
[0.012992] (test_tool) Command: {'cmd': ['/usr/bin/cmake', '--build', '/home/maddy/iris_test_tool/build/test_tool', '--', '-j8', '-l8'], 'cwd': '/home/maddy/iris_test_tool/build/test_tool', 'env': OrderedDict([('USER', 'maddy'), ('SHLVL', '1'), ('LD_LIBRARY_PATH', '/opt/ros/humble/opt/rviz_ogre_vendor/lib:/opt/ros/humble/lib/x86_64-linux-gnu:/opt/ros/humble/lib'), ('HOME', '/home/maddy'), ('OLDPWD', '/home/maddy'), ('LESS', '-R'), ('ZSH', '/home/maddy/.oh-my-zsh'), ('LSCOLORS', 'exfxcxdxbxegedabagacad'), ('PAGER', 'less'), ('ROS_PYTHON_VERSION', '3'), ('GREP_COLORS', 'mt=1;33'), ('DBUS_SESSION_BUS_ADDRESS', 'unix:path=/run/user/1000/bus'), ('WSL_DISTRO_NAME', 'Ubuntu-22.04'), ('WAYLAND_DISPLAY', 'wayland-0'), ('ROS_DISTRO', 'humble'), ('LOGNAME', 'maddy'), ('PULSE_SERVER', 'unix:/mnt/wslg/PulseServer'), ('WSL_INTEROP', '/run/WSL/2387_interop'), ('NAME', 'RMCCORPDE-DT024'), ('_', '/usr/bin/colcon'), ('ROS_VERSION', '2'), ('TERM', 'xterm-256color'), ('ROS_LOCALHOST_ONLY', '0'), ('PATH', '/opt/ros/humble/bin:/usr/local/sbin:/usr/local/bin:/usr/sbin:/usr/bin:/sbin:/bin:/usr/games:/usr/local/games:/usr/lib/wsl/lib:/mnt/c/Program Files/Common Files/Oracle/Java/javapath:/mnt/c/Program Files/Eclipse Adoptium/jdk-17.0.15.6-hotspot/bin:/mnt/c/Program Files (x86)/Common Files/Oracle/Java/java8path:/mnt/c/Program Files (x86)/Common Files/Oracle/Java/javapath:/mnt/c/Windows/system32:/mnt/c/Windows:/mnt/c/Windows/System32/Wbem:/mnt/c/Windows/System32/WindowsPowerShell/v1.0/:/mnt/c/Windows/System32/OpenSSH/:/mnt/c/Program Files/dotnet/:/mnt/c/Program Files/Git/cmd:/mnt/c/Program Files (x86)/Microsoft SQL Server/160/Tools/Binn/:/mnt/c/Program Files/Microsoft SQL Server/160/Tools/Binn/:/mnt/c/Program Files/Microsoft SQL Server/Client SDK/ODBC/170/Tools/Binn/:/mnt/c/Program Files/Microsoft SQL Server/160/DTS/Binn/:/mnt/c/Program Files (x86)/Windows Kits/10/Windows Performance Toolkit/:/mnt/c/Program Files/PostgreSQL/17/bin:/mnt/c/sonar-scanner-7.1.0.4889-windows-x64/bin:/mnt/c/msys64/mingw64/bin:/mnt/c/Program Files/CMake/bin:/mnt/c/Users/RMCPDEDT024/AppData/Local/Programs/Python/Python313/Scripts/:/mnt/c/Users/RMCPDEDT024/AppData/Local/Programs/Python/Python313/:/mnt/c/Users/RMCPDEDT024/AppData/Local/Programs/Python/Launcher/:/mnt/c/Users/RMCPDEDT024/AppData/Local/Microsoft/WindowsApps:/mnt/c/Users/RMCPDEDT024/AppData/Local/Programs/Microsoft VS Code/bin:/mnt/c/Users/RMCPDEDT024/AppData/Local/Python/bin'), ('XDG_RUNTIME_DIR', '/run/user/1000/'), ('DISPLAY', ':0'), ('LANG', 'en_US.UTF-8'), ('LS_COLORS', 'di=34;40:ln=35;40:so=32;40:pi=33;40:ex=31;40:bd=34;46:cd=34;43:su=0;41:sg=0;46:tw=0;42:ow=0;43:'), ('AMENT_PREFIX_PATH', '/opt/ros/humble'), ('SHELL', '/usr/bin/zsh'), ('PWD', '/home/maddy/iris_test_tool/build/test_tool'), ('PYTHONPATH', '/opt/ros/humble/lib/python3.10/site-packages:/opt/ros/humble/local/lib/python3.10/dist-packages'), ('COLCON', '1'), ('HOSTTYPE', 'x86_64'), ('WSL2_GUI_APPS_ENABLED', '1'), ('WSLENV', ''), ('CMAKE_PREFIX_PATH', '/opt/ros/humble')]), 'shell': False}
[0.090705] (test_tool) StdoutLine: {'line': b'[  7%] \x1b[34m\x1b[1mAutomatic MOC and UIC for target dummy_test_1\x1b[0m\n'}
[0.093557] (test_tool) StdoutLine: {'line': b'[ 15%] \x1b[34m\x1b[1mAutomatic MOC and UIC for target dummy_test\x1b[0m\n'}
[0.094173] (test_tool) StdoutLine: {'line': b'[ 23%] \x1b[34m\x1b[1mAutomatic MOC and UIC for target test_tool\x1b[0m\n'}
[0.098596] (-) TimerEvent: {}
[0.121581] (test_tool) StdoutLine: {'line': b'[ 23%] Built target dummy_test_1_autogen\n'}
[0.122283] (test_tool) StdoutLine: {'line': b'[ 23%] Built target dummy_test_autogen\n'}
[0.131037] (test_tool) StdoutLine: {'line': b'[ 23%] Built target test_tool_autogen\n'}
[0.154546] (test_tool) StdoutLine: {'line': b'\x1b[35m\x1b[1mConsolidate compiler generated dependencies of target test_tool\x1b[0m\n'}
[0.167486] (test_tool) StdoutLine: {'line': b'[ 69%] Built target dummy_test\n'}
[0.167862] (test_tool) StdoutLine: {'line': b'[ 69%] Built target dummy_test_1\n'}
[0.195997] (test_tool) StdoutLine: {'line': b'[ 76%] \x1b[32mBuilding CXX object CMakeFiles/test_tool.dir/src/iris_tool/mainwindow.cpp.o\x1b[0m\n'}
[0.198692] (-) TimerEvent: {}
[0.299074] (-) TimerEvent: {}
[0.399560] (-) TimerEvent: {}
[0.500063] (-) TimerEvent: {}
[0.600554] (-) TimerEvent: {}
[0.701066] (-) TimerEvent: {}
[0.801551] (-) TimerEvent: {}
[0.902143] (-) TimerEvent: {}
[1.002642] (-) TimerEvent: {}
[1.103138] (-) TimerEvent: {}
[1.203642] (-) TimerEvent: {}
[1.304180] (-) TimerEvent: {}
[1.404687] (-) TimerEvent: {}
[1.505196] (-) TimerEvent: {}
[1.605733] (-) TimerEvent: {}
[1.706232] (-) TimerEvent: {}
[1.806759] (-) TimerEvent: {}
[1.907248] (-) TimerEvent: {}
[2.007906] (-) TimerEvent: {}
[2.108407] (-) TimerEvent: {}
[2.208884] (-) TimerEvent: {}
[2.309415] (-) TimerEvent: {}
[2.409951] (-) TimerEvent: {}
[2.510482] (-) TimerEvent: {}
[2.611004] (-) TimerEvent: {}
[2.711559] (-) TimerEvent: {}
[2.812062] (-) TimerEvent: {}
[2.912614] (-) TimerEvent: {}
[3.013106] (-) TimerEvent: {}
[3.113745] (-) TimerEvent: {}
[3.214260] (-) TimerEvent: {}
[3.314768] (-) TimerEvent: {}
[3.415281] (-) TimerEvent: {}
[3.515869] (-) TimerEvent: {}
[3.616432] (-) TimerEvent: {}
[3.716953] (-) TimerEvent: {}
[3.817468] (-) TimerEvent: {}
[3.918127] (-) TimerEvent: {}
[4.018633] (-) TimerEvent: {}
[4.119261] (-) TimerEvent: {}
[4.219780] (-) TimerEvent: {}
[4.320279] (-) TimerEvent: {}
[4.420775] (-) TimerEvent: {}
[4.521300] (-) TimerEvent: {}
[4.621853] (-) TimerEvent: {}
[4.722366] (-) TimerEvent: {}
[4.822863] (-) TimerEvent: {}
[4.923389] (-) TimerEvent: {}
[5.023912] (-) TimerEvent: {}
[5.124499] (-) TimerEvent: {}
[5.225035] (-) TimerEvent: {}
[5.325559] (-) TimerEvent: {}
[5.426104] (-) TimerEvent: {}
[5.512852] (test_tool) StderrLine: {'line': b'In file included from \x1b[01m\x1b[K/home/maddy/iris_test_tool/src/test_tool/src/iris_tool/mainwindow.cpp:1\x1b[m\x1b[K:\n'}
[5.513459] (test_tool) StderrLine: {'line': b'\x1b[01m\x1b[K/home/maddy/iris_test_tool/src/test_tool/include/test_tool/mainwindow.h:\x1b[m\x1b[K In constructor \xe2\x80\x98\x1b[01m\x1b[KMainWindow::MainWindow(QWidget*)\x1b[m\x1b[K\xe2\x80\x99:\n'}
[5.513574] (test_tool) StderrLine: {'line': b'\x1b[01m\x1b[K/home/maddy/iris_test_tool/src/test_tool/include/test_tool/mainwindow.h:28:21:\x1b[m\x1b[K \x1b[01;35m\x1b[Kwarning: \x1b[m\x1b[K\xe2\x80\x98\x1b[01m\x1b[KMainWindow::ui\x1b[m\x1b[K\xe2\x80\x99 will be initialized after [\x1b[01;35m\x1b[K\x1b]8;;https://gcc.gnu.org/onlinedocs/gcc/Warning-Options.html#index-Wreorder\x07-Wreorder\x1b]8;;\x07\x1b[m\x1b[K]\n'}
[5.513736] (test_tool) StderrLine: {'line': b'   28 |     Ui::MainWindow *\x1b[01;35m\x1b[Kui\x1b[m\x1b[K;\n'}
[5.513839] (test_tool) StderrLine: {'line': b'      |                     \x1b[01;35m\x1b[K^~\x1b[m\x1b[K\n'}
[5.513937] (test_tool) StderrLine: {'line': b'\x1b[01m\x1b[K/home/maddy/iris_test_tool/src/test_tool/src/iris_tool/mainwindow.cpp:14:47:\x1b[m\x1b[K \x1b[01;35m\x1b[Kwarning: \x1b[m\x1b[K  base \xe2\x80\x98\x1b[01m\x1b[Krclcpp::Node\x1b[m\x1b[K\xe2\x80\x99 [\x1b[01;35m\x1b[K\x1b]8;;https://gcc.gnu.org/onlinedocs/gcc/Warning-Options.html#index-Wreorder\x07-Wreorder\x1b]8;;\x07\x1b[m\x1b[K]\n'}
[5.514042] (test_tool) StderrLine: {'line': b'   14 |     , ui(new Ui::MainWindow) ,Node("iris_tool"\x1b[01;35m\x1b[K)\x1b[m\x1b[K\n'}
[5.514138] (test_tool) StderrLine: {'line': b'      |                                               \x1b[01;35m\x1b[K^\x1b[m\x1b[K\n'}
[5.514233] (test_tool) StderrLine: {'line': b'\x1b[01m\x1b[K/home/maddy/iris_test_tool/src/test_tool/src/iris_tool/mainwindow.cpp:12:1:\x1b[m\x1b[K \x1b[01;35m\x1b[Kwarning: \x1b[m\x1b[K  when initialized here [\x1b[01;35m\x1b[K\x1b]8;;https://gcc.gnu.org/onlinedocs/gcc/Warning-Options.html#index-Wreorder\x07-Wreorder\x1b]8;;\x07\x1b[m\x1b[K]\n'}
[5.514334] (test_tool) StderrLine: {'line': b'   12 | \x1b[01;35m\x1b[KMainWindow\x1b[m\x1b[K::MainWindow(QWidget *parent)\n'}
[5.514444] (test_tool) StderrLine: {'line': b'      | \x1b[01;35m\x1b[K^~~~~~~~~~\x1b[m\x1b[K\n'}
[5.514723] (test_tool) StderrLine: {'line': b'\x1b[01m\x1b[K/home/maddy/iris_test_tool/src/test_tool/src/iris_tool/mainwindow.cpp:27:40:\x1b[m\x1b[K \x1b[01;31m\x1b[Kerror: \x1b[m\x1b[Kinvalid use of non-static member function \xe2\x80\x98\x1b[01m\x1b[Kvoid QListWidget::itemChanged(QListWidgetItem*)\x1b[m\x1b[K\xe2\x80\x99\n'}
[5.514865] (test_tool) StderrLine: {'line': b'   27 |     connect(ui->node_list,QListWidget::\x1b[01;31m\x1b[KitemChanged\x1b[m\x1b[K,this,&MainWindow::onItemChanged);\n'}
[5.514968] (test_tool) StderrLine: {'line': b'      |                                        \x1b[01;31m\x1b[K^~~~~~~~~~~\x1b[m\x1b[K\n'}
[5.522809] (test_tool) StderrLine: {'line': b'\x1b[01m\x1b[K/home/maddy/iris_test_tool/src/test_tool/src/iris_tool/mainwindow.cpp:\x1b[m\x1b[K In member function \xe2\x80\x98\x1b[01m\x1b[Kvoid MainWindow::onItemChanged(QListWidgetItem*, rcl_interfaces::msg::Log_<std::allocator<void> >::SharedPtr)\x1b[m\x1b[K\xe2\x80\x99:\n'}
[5.523459] (test_tool) StderrLine: {'line': b'\x1b[01m\x1b[K/home/maddy/iris_test_tool/src/test_tool/src/iris_tool/mainwindow.cpp:108:5:\x1b[m\x1b[K \x1b[01;31m\x1b[Kerror: \x1b[m\x1b[Kexpected initializer before \xe2\x80\x98\x1b[01m\x1b[Kif\x1b[m\x1b[K\xe2\x80\x99\n'}
[5.523577] (test_tool) StderrLine: {'line': b'  108 |     \x1b[01;31m\x1b[Kif\x1b[m\x1b[K (item->checkState() == Qt::Checked) {\n'}
[5.523790] (test_tool) StderrLine: {'line': b'      |     \x1b[01;31m\x1b[K^~\x1b[m\x1b[K\n'}
[5.523907] (test_tool) StderrLine: {'line': b'\x1b[01m\x1b[K/home/maddy/iris_test_tool/src/test_tool/src/iris_tool/mainwindow.cpp:115:6:\x1b[m\x1b[K \x1b[01;31m\x1b[Kerror: \x1b[m\x1b[K\xe2\x80\x98\x1b[01m\x1b[Kelse\x1b[m\x1b[K\xe2\x80\x99 without a previous \xe2\x80\x98\x1b[01m\x1b[Kif\x1b[m\x1b[K\xe2\x80\x99\n'}
[5.524009] (test_tool) StderrLine: {'line': b'  115 |     }\x1b[01;31m\x1b[Kelse\x1b[m\x1b[K {\n'}
[5.524106] (test_tool) StderrLine: {'line': b'      |      \x1b[01;31m\x1b[K^~~~\x1b[m\x1b[K\n'}
[5.524212] (test_tool) StderrLine: {'line': b'\x1b[01m\x1b[K/home/maddy/iris_test_tool/src/test_tool/src/iris_tool/mainwindow.cpp:117:44:\x1b[m\x1b[K \x1b[01;31m\x1b[Kerror: \x1b[m\x1b[Koverloaded function with no contextual type information\n'}
[5.524312] (test_tool) StderrLine: {'line': b'  117 |             index = ui->node_list->row(item\x1b[01;31m\x1b[K)\x1b[m\x1b[K;\n'}
[5.524411] (test_tool) StderrLine: {'line': b'      |                                            \x1b[01;31m\x1b[K^\x1b[m\x1b[K\n'}
[5.524509] (test_tool) StderrLine: {'line': b'\x1b[01m\x1b[K/home/maddy/iris_test_tool/src/test_tool/src/iris_tool/mainwindow.cpp:118:47:\x1b[m\x1b[K \x1b[01;31m\x1b[Kerror: \x1b[m\x1b[Kno matching function for call to \xe2\x80\x98\x1b[01m\x1b[KQListWidgetItem::text(<unresolved overloaded function type>)\x1b[m\x1b[K\xe2\x80\x99\n'}
[5.524626] (test_tool) StderrLine: {'line': b'  118 |             QString unselected_node=\x1b[01;31m\x1b[Kitem->text(index)\x1b[m\x1b[K;\n'}
[5.524729] (test_tool) StderrLine: {'line': b'      |                                     \x1b[01;31m\x1b[K~~~~~~~~~~^~~~~~~\x1b[m\x1b[K\n'}
[5.524827] (test_tool) StderrLine: {'line': b'In file included from \x1b[01m\x1b[K/usr/include/x86_64-linux-gnu/qt6/QtWidgets/QListWidget:1\x1b[m\x1b[K,\n'}
[5.524925] (test_tool) StderrLine: {'line': b'                 from \x1b[01m\x1b[K/home/maddy/iris_test_tool/src/test_tool/include/test_tool/mainwindow.h:5\x1b[m\x1b[K,\n'}
[5.525024] (test_tool) StderrLine: {'line': b'                 from \x1b[01m\x1b[K/home/maddy/iris_test_tool/src/test_tool/src/iris_tool/mainwindow.cpp:1\x1b[m\x1b[K:\n'}
[5.525130] (test_tool) StderrLine: {'line': b'\x1b[01m\x1b[K/usr/include/x86_64-linux-gnu/qt6/QtWidgets/qlistwidget.h:84:20:\x1b[m\x1b[K \x1b[01;36m\x1b[Knote: \x1b[m\x1b[Kcandidate: \xe2\x80\x98\x1b[01m\x1b[KQString QListWidgetItem::text() const\x1b[m\x1b[K\xe2\x80\x99\n'}
[5.525229] (test_tool) StderrLine: {'line': b'   84 |     inline QString \x1b[01;36m\x1b[Ktext\x1b[m\x1b[K() const\n'}
[5.525335] (test_tool) StderrLine: {'line': b'      |                    \x1b[01;36m\x1b[K^~~~\x1b[m\x1b[K\n'}
[5.525432] (test_tool) StderrLine: {'line': b'\x1b[01m\x1b[K/usr/include/x86_64-linux-gnu/qt6/QtWidgets/qlistwidget.h:84:20:\x1b[m\x1b[K \x1b[01;36m\x1b[Knote: \x1b[m\x1b[K  candidate expects 0 arguments, 1 provided\n'}
[5.525531] (test_tool) StderrLine: {'line': b'\x1b[01m\x1b[K/home/maddy/iris_test_tool/src/test_tool/src/iris_tool/mainwindow.cpp:105:97:\x1b[m\x1b[K \x1b[01;35m\x1b[Kwarning: \x1b[m\x1b[Kunused parameter \xe2\x80\x98\x1b[01m\x1b[Kmsg\x1b[m\x1b[K\xe2\x80\x99 [\x1b[01;35m\x1b[K\x1b]8;;https://gcc.gnu.org/onlinedocs/gcc/Warning-Options.html#index-Wunused-parameter\x07-Wunused-parameter\x1b]8;;\x07\x1b[m\x1b[K]\n'}
[5.525671] (test_tool) StderrLine: {'line': b'  105 | void MainWindow::onItemChanged(QListWidgetItem *item, \x1b[01;35m\x1b[Kconst rcl_interfaces::msg::Log::SharedPtr msg\x1b[m\x1b[K)\n'}
[5.525780] (test_tool) StderrLine: {'line': b'      |                                                       \x1b[01;35m\x1b[K~~~~~~~~~~~~~~~~~~~~~~~~~~~~~~~~~~~~~~~~~~^~~\x1b[m\x1b[K\n'}
[5.526209] (-) TimerEvent: {}
[5.626615] (-) TimerEvent: {}
[5.727347] (-) TimerEvent: {}
[5.824801] (test_tool) StderrLine: {'line': b'In file included from \x1b[01m\x1b[K/usr/include/x86_64-linux-gnu/qt6/QtWidgets/qwidget.h:45\x1b[m\x1b[K,\n'}
[5.825086] (test_tool) StderrLine: {'line': b'                 from \x1b[01m\x1b[K/usr/include/x86_64-linux-gnu/qt6/QtWidgets/qmainwindow.h:44\x1b[m\x1b[K,\n'}
[5.825194] (test_tool) StderrLine: {'line': b'                 from \x1b[01m\x1b[K/usr/include/x86_64-linux-gnu/qt6/QtWidgets/QMainWindow:1\x1b[m\x1b[K,\n'}
[5.825298] (test_tool) StderrLine: {'line': b'                 from \x1b[01m\x1b[K/home/maddy/iris_test_tool/src/test_tool/include/test_tool/mainwindow.h:4\x1b[m\x1b[K,\n'}
[5.825401] (test_tool) StderrLine: {'line': b'                 from \x1b[01m\x1b[K/home/maddy/iris_test_tool/src/test_tool/src/iris_tool/mainwindow.cpp:1\x1b[m\x1b[K:\n'}
[5.825501] (test_tool) StderrLine: {'line': b'/usr/include/x86_64-linux-gnu/qt6/QtCore/qobject.h: In instantiation of \xe2\x80\x98\x1b[01m\x1b[Kstatic QMetaObject::Connection QObject::connect(const typename QtPrivate::FunctionPointer<Func>::Object*, Func1, const typename QtPrivate::FunctionPointer<Func2>::Object*, Func2, Qt::ConnectionType) [with Func1 = void (Qtros::*)(const QString&, const QString&, int); Func2 = void (MainWindow::*)(std::shared_ptr<rcl_interfaces::msg::Log_<std::allocator<void> > >); typename QtPrivate::FunctionPointer<Func>::Object = Qtros; typename QtPrivate::FunctionPointer<Func2>::Object = MainWindow]\x1b[m\x1b[K\xe2\x80\x99:\n'}
[5.825657] (test_tool) StderrLine: {'line': b'\x1b[01m\x1b[K/home/maddy/iris_test_tool/src/test_tool/src/iris_tool/mainwindow.cpp:24:12:\x1b[m\x1b[K   required from here\n'}
[5.825778] (test_tool) StderrLine: {'line': b'\x1b[01m\x1b[K/usr/include/x86_64-linux-gnu/qt6/QtCore/qobject.h:230:123:\x1b[m\x1b[K \x1b[01;31m\x1b[Kerror: \x1b[m\x1b[Kstatic assertion failed: Signal and slot arguments are not compatible.\n'}
[5.825880] (test_tool) StderrLine: {'line': b'  230 |         static_assert(\x1b[01;31m\x1b[K(QtPrivate::CheckCompatibleArguments<typename SignalType::Arguments, typename SlotType::Arguments>::value)\x1b[m\x1b[K,\n'}
[5.825980] (test_tool) StderrLine: {'line': b'      |                       \x1b[01;31m\x1b[K~~~~~~~~~~~~~~~~~~~~~~~~~~~~~~~~~~~~~~~~~~~~~~~~~~~~~~~~~~~~~~~~~~~~~~~~~~~~~~~~~~~~~~~~~~~~~~~~~~~~^~~~~~\x1b[m\x1b[K\n'}
[5.826079] (test_tool) StderrLine: {'line': b'\x1b[01m\x1b[K/usr/include/x86_64-linux-gnu/qt6/QtCore/qobject.h:230:123:\x1b[m\x1b[K \x1b[01;36m\x1b[Knote: \x1b[m\x1b[K\xe2\x80\x98\x1b[01m\x1b[KQtPrivate::CheckCompatibleArguments<QtPrivate::List<const QString&, const QString&, int>, QtPrivate::List<std::shared_ptr<rcl_interfaces::msg::Log_<std::allocator<void> > > > >::value\x1b[m\x1b[K\xe2\x80\x99 evaluates to false\n'}
[5.827458] (-) TimerEvent: {}
[5.927825] (-) TimerEvent: {}
[6.028343] (-) TimerEvent: {}
[6.128840] (-) TimerEvent: {}
[6.229376] (-) TimerEvent: {}
[6.329890] (-) TimerEvent: {}
[6.430427] (-) TimerEvent: {}
[6.530976] (-) TimerEvent: {}
[6.550620] (test_tool) StderrLine: {'line': b'gmake[2]: *** [CMakeFiles/test_tool.dir/build.make:104: CMakeFiles/test_tool.dir/src/iris_tool/mainwindow.cpp.o] Error 1\n'}
[6.551130] (test_tool) StderrLine: {'line': b'gmake[1]: *** [CMakeFiles/Makefile2:144: CMakeFiles/test_tool.dir/all] Error 2\n'}
[6.551463] (test_tool) StderrLine: {'line': b'gmake: *** [Makefile:146: all] Error 2\n'}
[6.554763] (test_tool) CommandEnded: {'returncode': 2}
[6.566804] (test_tool) JobEnded: {'identifier': 'test_tool', 'rc': 2}
[6.577757] (-) EventReactorShutdown: {}
