[0.000000] (-) TimerEvent: {}
[0.001091] (test_tool) JobQueued: {'identifier': 'test_tool', 'dependencies': OrderedDict()}
[0.001197] (test_tool) JobStarted: {'identifier': 'test_tool'}
[0.011975] (test_tool) JobProgress: {'identifier': 'test_tool', 'progress': 'cmake'}
[0.013418] (test_tool) JobProgress: {'identifier': 'test_tool', 'progress': 'build'}
[0.014575] (test_tool) Command: {'cmd': ['/usr/bin/cmake', '--build', '/home/maddy/iris_test_tool/build/test_tool', '--', '-j8', '-l8'], 'cwd': '/home/maddy/iris_test_tool/build/test_tool', 'env': OrderedDict([('TMUX', '/tmp/tmux-1000/default,10035,0'), ('USER', 'maddy'), ('LD_LIBRARY_PATH', '/opt/ros/humble/opt/rviz_ogre_vendor/lib:/opt/ros/humble/lib/x86_64-linux-gnu:/opt/ros/humble/lib'), ('SHLVL', '2'), ('HOME', '/home/maddy'), ('LESS', '-R'), ('OLDPWD', '/home/maddy/iris_test_tool'), ('TERM_PROGRAM_VERSION', '3.2a'), ('LSCOLORS', 'Gxfxcxdxbxegedabagacad'), ('PAGER', 'less'), ('ROS_PYTHON_VERSION', '3'), ('GREP_COLORS', 'mt=1;33'), ('DBUS_SESSION_BUS_ADDRESS', 'unix:path=/run/user/1000/bus'), ('P9K_TTY', 'old'), ('WSL_DISTRO_NAME', 'Ubuntu-22.04'), ('ROS_DISTRO', 'humble'), ('WAYLAND_DISPLAY', 'wayland-0'), ('LOGNAME', 'maddy'), ('NAME', 'RMCCORPDE-DT024'), ('PULSE_SERVER', 'unix:/mnt/wslg/PulseServer'), ('WSL_INTEROP', '/run/WSL/7108_interop'), ('_', '/usr/bin/colcon'), ('_P9K_SSH_TTY', '/dev/pts/6'), ('ROS_VERSION', '2'), ('TERM', 'screen-256color'), ('ROS_LOCALHOST_ONLY', '0'), ('PATH', '/opt/ros/humble/bin:/usr/local/sbin:/usr/local/bin:/usr/sbin:/usr/bin:/sbin:/bin:/usr/games:/usr/local/games:/usr/lib/wsl/lib:/mnt/c/Program Files/Common Files/Oracle/Java/javapath:/mnt/c/Program Files/Eclipse Adoptium/jdk-17.0.15.6-hotspot/bin:/mnt/c/Program Files (x86)/Common Files/Oracle/Java/java8path:/mnt/c/Program Files (x86)/Common Files/Oracle/Java/javapath:/mnt/c/Windows/system32:/mnt/c/Windows:/mnt/c/Windows/System32/Wbem:/mnt/c/Windows/System32/WindowsPowerShell/v1.0/:/mnt/c/Windows/System32/OpenSSH/:/mnt/c/Program Files/dotnet/:/mnt/c/Program Files/Git/cmd:/mnt/c/Program Files (x86)/Microsoft SQL Server/160/Tools/Binn/:/mnt/c/Program Files/Microsoft SQL Server/160/Tools/Binn/:/mnt/c/Program Files/Microsoft SQL Server/Client SDK/ODBC/170/Tools/Binn/:/mnt/c/Program Files/Microsoft SQL Server/160/DTS/Binn/:/mnt/c/Program Files (x86)/Windows Kits/10/Windows Performance Toolkit/:/mnt/c/Program Files/PostgreSQL/17/bin:/mnt/c/sonar-scanner-7.1.0.4889-windows-x64/bin:/mnt/c/msys64/mingw64/bin:/mnt/c/Program Files/CMake/bin:/mnt/c/Users/RMCPDEDT024/AppData/Local/Programs/Python/Python313/Scripts/:/mnt/c/Users/RMCPDEDT024/AppData/Local/Programs/Python/Python313/:/mnt/c/Users/RMCPDEDT024/AppData/Local/Programs/Python/Launcher/:/mnt/c/Users/RMCPDEDT024/AppData/Local/Microsoft/WindowsApps:/mnt/c/Users/RMCPDEDT024/AppData/Local/Programs/Microsoft VS Code/bin:/mnt/c/Users/RMCPDEDT024/AppData/Local/Python/bin'), ('XDG_RUNTIME_DIR', '/run/user/1000/'), ('DISPLAY', ':0'), ('LANG', 'en_US.UTF-8'), ('LS_COLORS', 'di=34;40:ln=35;40:so=32;40:pi=33;40:ex=31;40:bd=34;46:cd=34;43:su=0;41:sg=0;46:tw=0;42:ow=0;43:'), ('TERM_PROGRAM', 'tmux'), ('AMENT_PREFIX_PATH', '/opt/ros/humble'), ('SHELL', '/usr/bin/zsh'), ('P9K_SSH', '0'), ('PWD', '/home/maddy/iris_test_tool/build/test_tool'), ('_P9K_TTY', '/dev/pts/6'), ('PYTHONPATH', '/opt/ros/humble/lib/python3.10/site-packages:/opt/ros/humble/local/lib/python3.10/dist-packages'), ('COLCON', '1'), ('HOSTTYPE', 'x86_64'), ('TMUX_PANE', '%3'), ('WSL2_GUI_APPS_ENABLED', '1'), ('WSLENV', ''), ('CMAKE_PREFIX_PATH', '/opt/ros/humble')]), 'shell': False}
[0.098002] (test_tool) StdoutLine: {'line': b'[  7%] \x1b[34m\x1b[1mAutomatic MOC and UIC for target dummy_test_1\x1b[0m\n'}
[0.099009] (-) TimerEvent: {}
[0.100915] (test_tool) StdoutLine: {'line': b'[ 14%] \x1b[34m\x1b[1mAutomatic MOC and UIC for target dummy_test\x1b[0m\n'}
[0.106580] (test_tool) StdoutLine: {'line': b'[ 21%] \x1b[34m\x1b[1mAutomatic MOC and UIC for target test_tool\x1b[0m\n'}
[0.129066] (test_tool) StdoutLine: {'line': b'[ 21%] Built target dummy_test_1_autogen\n'}
[0.136969] (test_tool) StdoutLine: {'line': b'[ 21%] Built target dummy_test_autogen\n'}
[0.147031] (test_tool) StdoutLine: {'line': b'[ 21%] Built target test_tool_autogen\n'}
[0.172417] (test_tool) StdoutLine: {'line': b'[ 42%] Built target dummy_test_1\n'}
[0.177384] (test_tool) StdoutLine: {'line': b'\x1b[35m\x1b[1mConsolidate compiler generated dependencies of target test_tool\x1b[0m\n'}
[0.179933] (test_tool) StdoutLine: {'line': b'[ 64%] Built target dummy_test\n'}
[0.199185] (-) TimerEvent: {}
[0.219753] (test_tool) StdoutLine: {'line': b'[ 71%] \x1b[32mBuilding CXX object CMakeFiles/test_tool.dir/src/iris_tool/mainwindow.cpp.o\x1b[0m\n'}
[0.299359] (-) TimerEvent: {}
[0.399861] (-) TimerEvent: {}
[0.500335] (-) TimerEvent: {}
[0.600830] (-) TimerEvent: {}
[0.701312] (-) TimerEvent: {}
[0.801790] (-) TimerEvent: {}
[0.902205] (-) TimerEvent: {}
[1.002638] (-) TimerEvent: {}
[1.103111] (-) TimerEvent: {}
[1.203593] (-) TimerEvent: {}
[1.304105] (-) TimerEvent: {}
[1.404546] (-) TimerEvent: {}
[1.504959] (-) TimerEvent: {}
[1.605417] (-) TimerEvent: {}
[1.705850] (-) TimerEvent: {}
[1.806377] (-) TimerEvent: {}
[1.906869] (-) TimerEvent: {}
[2.007283] (-) TimerEvent: {}
[2.107714] (-) TimerEvent: {}
[2.208224] (-) TimerEvent: {}
[2.308734] (-) TimerEvent: {}
[2.409138] (-) TimerEvent: {}
[2.509562] (-) TimerEvent: {}
[2.610066] (-) TimerEvent: {}
[2.710571] (-) TimerEvent: {}
[2.811023] (-) TimerEvent: {}
[2.911500] (-) TimerEvent: {}
[3.012014] (-) TimerEvent: {}
[3.112491] (-) TimerEvent: {}
[3.212958] (-) TimerEvent: {}
[3.313439] (-) TimerEvent: {}
[3.413899] (-) TimerEvent: {}
[3.514391] (-) TimerEvent: {}
[3.614920] (-) TimerEvent: {}
[3.716131] (-) TimerEvent: {}
[3.816636] (-) TimerEvent: {}
[3.917173] (-) TimerEvent: {}
[4.017660] (-) TimerEvent: {}
[4.118084] (-) TimerEvent: {}
[4.218554] (-) TimerEvent: {}
[4.319075] (-) TimerEvent: {}
[4.419623] (-) TimerEvent: {}
[4.520263] (-) TimerEvent: {}
[4.621122] (-) TimerEvent: {}
[4.721637] (-) TimerEvent: {}
[4.822137] (-) TimerEvent: {}
[4.922648] (-) TimerEvent: {}
[5.023231] (-) TimerEvent: {}
[5.123749] (-) TimerEvent: {}
[5.224271] (-) TimerEvent: {}
[5.324711] (-) TimerEvent: {}
[5.425297] (-) TimerEvent: {}
[5.525827] (-) TimerEvent: {}
[5.626379] (-) TimerEvent: {}
[5.726957] (-) TimerEvent: {}
[5.827421] (-) TimerEvent: {}
[5.927861] (-) TimerEvent: {}
[6.028315] (-) TimerEvent: {}
[6.128712] (-) TimerEvent: {}
[6.229187] (-) TimerEvent: {}
[6.329694] (-) TimerEvent: {}
[6.430279] (-) TimerEvent: {}
[6.530784] (-) TimerEvent: {}
[6.631242] (-) TimerEvent: {}
[6.731825] (-) TimerEvent: {}
[6.832312] (-) TimerEvent: {}
[6.932803] (-) TimerEvent: {}
[7.033308] (-) TimerEvent: {}
[7.133911] (-) TimerEvent: {}
[7.234388] (-) TimerEvent: {}
[7.334828] (-) TimerEvent: {}
[7.435265] (-) TimerEvent: {}
[7.535747] (-) TimerEvent: {}
[7.636259] (-) TimerEvent: {}
[7.736865] (-) TimerEvent: {}
[7.837339] (-) TimerEvent: {}
[7.937890] (-) TimerEvent: {}
[8.038344] (-) TimerEvent: {}
[8.138798] (-) TimerEvent: {}
[8.239305] (-) TimerEvent: {}
[8.339787] (-) TimerEvent: {}
[8.440305] (-) TimerEvent: {}
[8.540822] (-) TimerEvent: {}
[8.567337] (test_tool) StdoutLine: {'line': b'[ 78%] \x1b[32m\x1b[1mLinking CXX executable test_tool\x1b[0m\n'}
[8.640951] (-) TimerEvent: {}
[8.741425] (-) TimerEvent: {}
[8.841919] (-) TimerEvent: {}
[8.942389] (-) TimerEvent: {}
[9.042883] (-) TimerEvent: {}
[9.143379] (-) TimerEvent: {}
[9.243887] (-) TimerEvent: {}
[9.344401] (-) TimerEvent: {}
[9.444870] (-) TimerEvent: {}
[9.545433] (-) TimerEvent: {}
[9.646005] (-) TimerEvent: {}
[9.746499] (-) TimerEvent: {}
[9.847107] (-) TimerEvent: {}
[9.947687] (-) TimerEvent: {}
[10.048153] (-) TimerEvent: {}
[10.148670] (-) TimerEvent: {}
[10.249133] (-) TimerEvent: {}
[10.349574] (-) TimerEvent: {}
[10.450049] (-) TimerEvent: {}
[10.550507] (-) TimerEvent: {}
[10.650937] (-) TimerEvent: {}
[10.751427] (-) TimerEvent: {}
[10.851912] (-) TimerEvent: {}
[10.909337] (test_tool) StdoutLine: {'line': b'[100%] Built target test_tool\n'}
[10.924977] (test_tool) CommandEnded: {'returncode': 0}
[10.925817] (test_tool) JobProgress: {'identifier': 'test_tool', 'progress': 'install'}
[10.937123] (test_tool) Command: {'cmd': ['/usr/bin/cmake', '--install', '/home/maddy/iris_test_tool/build/test_tool'], 'cwd': '/home/maddy/iris_test_tool/build/test_tool', 'env': OrderedDict([('TMUX', '/tmp/tmux-1000/default,10035,0'), ('USER', 'maddy'), ('LD_LIBRARY_PATH', '/opt/ros/humble/opt/rviz_ogre_vendor/lib:/opt/ros/humble/lib/x86_64-linux-gnu:/opt/ros/humble/lib'), ('SHLVL', '2'), ('HOME', '/home/maddy'), ('LESS', '-R'), ('OLDPWD', '/home/maddy/iris_test_tool'), ('TERM_PROGRAM_VERSION', '3.2a'), ('LSCOLORS', 'Gxfxcxdxbxegedabagacad'), ('PAGER', 'less'), ('ROS_PYTHON_VERSION', '3'), ('GREP_COLORS', 'mt=1;33'), ('DBUS_SESSION_BUS_ADDRESS', 'unix:path=/run/user/1000/bus'), ('P9K_TTY', 'old'), ('WSL_DISTRO_NAME', 'Ubuntu-22.04'), ('ROS_DISTRO', 'humble'), ('WAYLAND_DISPLAY', 'wayland-0'), ('LOGNAME', 'maddy'), ('NAME', 'RMCCORPDE-DT024'), ('PULSE_SERVER', 'unix:/mnt/wslg/PulseServer'), ('WSL_INTEROP', '/run/WSL/7108_interop'), ('_', '/usr/bin/colcon'), ('_P9K_SSH_TTY', '/dev/pts/6'), ('ROS_VERSION', '2'), ('TERM', 'screen-256color'), ('ROS_LOCALHOST_ONLY', '0'), ('PATH', '/opt/ros/humble/bin:/usr/local/sbin:/usr/local/bin:/usr/sbin:/usr/bin:/sbin:/bin:/usr/games:/usr/local/games:/usr/lib/wsl/lib:/mnt/c/Program Files/Common Files/Oracle/Java/javapath:/mnt/c/Program Files/Eclipse Adoptium/jdk-17.0.15.6-hotspot/bin:/mnt/c/Program Files (x86)/Common Files/Oracle/Java/java8path:/mnt/c/Program Files (x86)/Common Files/Oracle/Java/javapath:/mnt/c/Windows/system32:/mnt/c/Windows:/mnt/c/Windows/System32/Wbem:/mnt/c/Windows/System32/WindowsPowerShell/v1.0/:/mnt/c/Windows/System32/OpenSSH/:/mnt/c/Program Files/dotnet/:/mnt/c/Program Files/Git/cmd:/mnt/c/Program Files (x86)/Microsoft SQL Server/160/Tools/Binn/:/mnt/c/Program Files/Microsoft SQL Server/160/Tools/Binn/:/mnt/c/Program Files/Microsoft SQL Server/Client SDK/ODBC/170/Tools/Binn/:/mnt/c/Program Files/Microsoft SQL Server/160/DTS/Binn/:/mnt/c/Program Files (x86)/Windows Kits/10/Windows Performance Toolkit/:/mnt/c/Program Files/PostgreSQL/17/bin:/mnt/c/sonar-scanner-7.1.0.4889-windows-x64/bin:/mnt/c/msys64/mingw64/bin:/mnt/c/Program Files/CMake/bin:/mnt/c/Users/RMCPDEDT024/AppData/Local/Programs/Python/Python313/Scripts/:/mnt/c/Users/RMCPDEDT024/AppData/Local/Programs/Python/Python313/:/mnt/c/Users/RMCPDEDT024/AppData/Local/Programs/Python/Launcher/:/mnt/c/Users/RMCPDEDT024/AppData/Local/Microsoft/WindowsApps:/mnt/c/Users/RMCPDEDT024/AppData/Local/Programs/Microsoft VS Code/bin:/mnt/c/Users/RMCPDEDT024/AppData/Local/Python/bin'), ('XDG_RUNTIME_DIR', '/run/user/1000/'), ('DISPLAY', ':0'), ('LANG', 'en_US.UTF-8'), ('LS_COLORS', 'di=34;40:ln=35;40:so=32;40:pi=33;40:ex=31;40:bd=34;46:cd=34;43:su=0;41:sg=0;46:tw=0;42:ow=0;43:'), ('TERM_PROGRAM', 'tmux'), ('AMENT_PREFIX_PATH', '/opt/ros/humble'), ('SHELL', '/usr/bin/zsh'), ('P9K_SSH', '0'), ('PWD', '/home/maddy/iris_test_tool/build/test_tool'), ('_P9K_TTY', '/dev/pts/6'), ('PYTHONPATH', '/opt/ros/humble/lib/python3.10/site-packages:/opt/ros/humble/local/lib/python3.10/dist-packages'), ('COLCON', '1'), ('HOSTTYPE', 'x86_64'), ('TMUX_PANE', '%3'), ('WSL2_GUI_APPS_ENABLED', '1'), ('WSLENV', ''), ('CMAKE_PREFIX_PATH', '/opt/ros/humble')]), 'shell': False}
[10.948793] (test_tool) StdoutLine: {'line': b'-- Install configuration: ""\n'}
[10.949282] (test_tool) StdoutLine: {'line': b'-- Installing: /home/maddy/iris_test_tool/install/test_tool/lib/test_tool/test_tool\n'}
[10.952084] (-) TimerEvent: {}
[10.955836] (test_tool) StdoutLine: {'line': b'-- Set runtime path of "/home/maddy/iris_test_tool/install/test_tool/lib/test_tool/test_tool" to ""\n'}
[10.956365] (test_tool) StdoutLine: {'line': b'-- Up-to-date: /home/maddy/iris_test_tool/install/test_tool/lib/test_tool/dummy_test\n'}
[10.957089] (test_tool) StdoutLine: {'line': b'-- Up-to-date: /home/maddy/iris_test_tool/install/test_tool/lib/test_tool/dummy_test_1\n'}
[10.957571] (test_tool) StdoutLine: {'line': b'-- Up-to-date: /home/maddy/iris_test_tool/install/test_tool/share/ament_index/resource_index/package_run_dependencies/test_tool\n'}
[10.958005] (test_tool) StdoutLine: {'line': b'-- Up-to-date: /home/maddy/iris_test_tool/install/test_tool/share/ament_index/resource_index/parent_prefix_path/test_tool\n'}
[10.958570] (test_tool) StdoutLine: {'line': b'-- Up-to-date: /home/maddy/iris_test_tool/install/test_tool/share/test_tool/environment/ament_prefix_path.sh\n'}
[10.958962] (test_tool) StdoutLine: {'line': b'-- Up-to-date: /home/maddy/iris_test_tool/install/test_tool/share/test_tool/environment/ament_prefix_path.dsv\n'}
[10.959272] (test_tool) StdoutLine: {'line': b'-- Up-to-date: /home/maddy/iris_test_tool/install/test_tool/share/test_tool/environment/path.sh\n'}
[10.959839] (test_tool) StdoutLine: {'line': b'-- Up-to-date: /home/maddy/iris_test_tool/install/test_tool/share/test_tool/environment/path.dsv\n'}
[10.960052] (test_tool) StdoutLine: {'line': b'-- Up-to-date: /home/maddy/iris_test_tool/install/test_tool/share/test_tool/local_setup.bash\n'}
[10.960236] (test_tool) StdoutLine: {'line': b'-- Up-to-date: /home/maddy/iris_test_tool/install/test_tool/share/test_tool/local_setup.sh\n'}
[10.960393] (test_tool) StdoutLine: {'line': b'-- Up-to-date: /home/maddy/iris_test_tool/install/test_tool/share/test_tool/local_setup.zsh\n'}
[10.960548] (test_tool) StdoutLine: {'line': b'-- Up-to-date: /home/maddy/iris_test_tool/install/test_tool/share/test_tool/local_setup.dsv\n'}
[10.960703] (test_tool) StdoutLine: {'line': b'-- Installing: /home/maddy/iris_test_tool/install/test_tool/share/test_tool/package.dsv\n'}
[10.960856] (test_tool) StdoutLine: {'line': b'-- Up-to-date: /home/maddy/iris_test_tool/install/test_tool/share/ament_index/resource_index/packages/test_tool\n'}
[10.961012] (test_tool) StdoutLine: {'line': b'-- Up-to-date: /home/maddy/iris_test_tool/install/test_tool/share/test_tool/cmake/test_toolConfig.cmake\n'}
[10.961171] (test_tool) StdoutLine: {'line': b'-- Up-to-date: /home/maddy/iris_test_tool/install/test_tool/share/test_tool/cmake/test_toolConfig-version.cmake\n'}
[10.961330] (test_tool) StdoutLine: {'line': b'-- Up-to-date: /home/maddy/iris_test_tool/install/test_tool/share/test_tool/package.xml\n'}
[10.962990] (test_tool) CommandEnded: {'returncode': 0}
[10.987728] (test_tool) JobEnded: {'identifier': 'test_tool', 'rc': 0}
[10.989829] (-) EventReactorShutdown: {}
