[0.000000] (-) TimerEvent: {}
[0.006662] (test_tool) JobQueued: {'identifier': 'test_tool', 'dependencies': OrderedDict()}
[0.007475] (test_tool) JobStarted: {'identifier': 'test_tool'}
[0.014752] (test_tool) JobProgress: {'identifier': 'test_tool', 'progress': 'cmake'}
[0.016084] (test_tool) JobProgress: {'identifier': 'test_tool', 'progress': 'build'}
[0.017990] (test_tool) Command: {'cmd': ['/usr/bin/cmake', '--build', '/home/maddy/iris_test_tool/build/test_tool', '--', '-j8', '-l8'], 'cwd': '/home/maddy/iris_test_tool/build/test_tool', 'env': OrderedDict([('TMUX', '/tmp/tmux-1000/default,10035,0'), ('USER', 'maddy'), ('LD_LIBRARY_PATH', '/opt/ros/humble/opt/rviz_ogre_vendor/lib:/opt/ros/humble/lib/x86_64-linux-gnu:/opt/ros/humble/lib'), ('SHLVL', '2'), ('HOME', '/home/maddy'), ('LESS', '-R'), ('OLDPWD', '/home/maddy/iris_test_tool'), ('TERM_PROGRAM_VERSION', '3.2a'), ('LSCOLORS', 'Gxfxcxdxbxegedabagacad'), ('PAGER', 'less'), ('ROS_PYTHON_VERSION', '3'), ('GREP_COLORS', 'mt=1;33'), ('DBUS_SESSION_BUS_ADDRESS', 'unix:path=/run/user/1000/bus'), ('P9K_TTY', 'old'), ('WSL_DISTRO_NAME', 'Ubuntu-22.04'), ('ROS_DISTRO', 'humble'), ('WAYLAND_DISPLAY', 'wayland-0'), ('LOGNAME', 'maddy'), ('NAME', 'RMCCORPDE-DT024'), ('PULSE_SERVER', 'unix:/mnt/wslg/PulseServer'), ('WSL_INTEROP', '/run/WSL/7108_interop'), ('_', '/usr/bin/colcon'), ('_P9K_SSH_TTY', '/dev/pts/6'), ('ROS_VERSION', '2'), ('TERM', 'screen-256color'), ('ROS_LOCALHOST_ONLY', '0'), ('PATH', '/opt/ros/humble/bin:/usr/local/sbin:/usr/local/bin:/usr/sbin:/usr/bin:/sbin:/bin:/usr/games:/usr/local/games:/usr/lib/wsl/lib:/mnt/c/Program Files/Common Files/Oracle/Java/javapath:/mnt/c/Program Files/Eclipse Adoptium/jdk-17.0.15.6-hotspot/bin:/mnt/c/Program Files (x86)/Common Files/Oracle/Java/java8path:/mnt/c/Program Files (x86)/Common Files/Oracle/Java/javapath:/mnt/c/Windows/system32:/mnt/c/Windows:/mnt/c/Windows/System32/Wbem:/mnt/c/Windows/System32/WindowsPowerShell/v1.0/:/mnt/c/Windows/System32/OpenSSH/:/mnt/c/Program Files/dotnet/:/mnt/c/Program Files/Git/cmd:/mnt/c/Program Files (x86)/Microsoft SQL Server/160/Tools/Binn/:/mnt/c/Program Files/Microsoft SQL Server/160/Tools/Binn/:/mnt/c/Program Files/Microsoft SQL Server/Client SDK/ODBC/170/Tools/Binn/:/mnt/c/Program Files/Microsoft SQL Server/160/DTS/Binn/:/mnt/c/Program Files (x86)/Windows Kits/10/Windows Performance Toolkit/:/mnt/c/Program Files/PostgreSQL/17/bin:/mnt/c/sonar-scanner-7.1.0.4889-windows-x64/bin:/mnt/c/msys64/mingw64/bin:/mnt/c/Program Files/CMake/bin:/mnt/c/Users/RMCPDEDT024/AppData/Local/Programs/Python/Python313/Scripts/:/mnt/c/Users/RMCPDEDT024/AppData/Local/Programs/Python/Python313/:/mnt/c/Users/RMCPDEDT024/AppData/Local/Programs/Python/Launcher/:/mnt/c/Users/RMCPDEDT024/AppData/Local/Microsoft/WindowsApps:/mnt/c/Users/RMCPDEDT024/AppData/Local/Programs/Microsoft VS Code/bin:/mnt/c/Users/RMCPDEDT024/AppData/Local/Python/bin'), ('XDG_RUNTIME_DIR', '/run/user/1000/'), ('DISPLAY', ':0'), ('LANG', 'en_US.UTF-8'), ('LS_COLORS', 'di=34;40:ln=35;40:so=32;40:pi=33;40:ex=31;40:bd=34;46:cd=34;43:su=0;41:sg=0;46:tw=0;42:ow=0;43:'), ('TERM_PROGRAM', 'tmux'), ('AMENT_PREFIX_PATH', '/opt/ros/humble'), ('SHELL', '/usr/bin/zsh'), ('P9K_SSH', '0'), ('PWD', '/home/maddy/iris_test_tool/build/test_tool'), ('_P9K_TTY', '/dev/pts/6'), ('PYTHONPATH', '/opt/ros/humble/lib/python3.10/site-packages:/opt/ros/humble/local/lib/python3.10/dist-packages'), ('COLCON', '1'), ('HOSTTYPE', 'x86_64'), ('TMUX_PANE', '%3'), ('WSL2_GUI_APPS_ENABLED', '1'), ('WSLENV', ''), ('CMAKE_PREFIX_PATH', '/opt/ros/humble')]), 'shell': False}
[0.094033] (test_tool) StdoutLine: {'line': b'[ 21%] \x1b[34m\x1b[1mAutomatic MOC and UIC for target dummy_test_1\x1b[0m\n'}
[0.094418] (test_tool) StdoutLine: {'line': b'[ 21%] \x1b[34m\x1b[1mAutomatic MOC and UIC for target dummy_test\x1b[0m\n'}
[0.094596] (test_tool) StdoutLine: {'line': b'[ 21%] \x1b[34m\x1b[1mAutomatic MOC and UIC for target test_tool\x1b[0m\n'}
[0.099813] (-) TimerEvent: {}
[0.123054] (test_tool) StdoutLine: {'line': b'[ 21%] Built target dummy_test_autogen\n'}
[0.128002] (test_tool) StdoutLine: {'line': b'[ 21%] Built target dummy_test_1_autogen\n'}
[0.136287] (test_tool) StdoutLine: {'line': b'[ 21%] Built target test_tool_autogen\n'}
[0.164077] (test_tool) StdoutLine: {'line': b'\x1b[35m\x1b[1mConsolidate compiler generated dependencies of target test_tool\x1b[0m\n'}
[0.164570] (test_tool) StdoutLine: {'line': b'[ 42%] Built target dummy_test\n'}
[0.164969] (test_tool) StdoutLine: {'line': b'[ 64%] Built target dummy_test_1\n'}
[0.199994] (-) TimerEvent: {}
[0.200435] (test_tool) StdoutLine: {'line': b'[ 71%] \x1b[32mBuilding CXX object CMakeFiles/test_tool.dir/src/iris_tool/mainwindow.cpp.o\x1b[0m\n'}
[0.300184] (-) TimerEvent: {}
[0.400643] (-) TimerEvent: {}
[0.501146] (-) TimerEvent: {}
[0.601659] (-) TimerEvent: {}
[0.702201] (-) TimerEvent: {}
[0.802859] (-) TimerEvent: {}
[0.903432] (-) TimerEvent: {}
[1.003917] (-) TimerEvent: {}
[1.104441] (-) TimerEvent: {}
[1.204934] (-) TimerEvent: {}
[1.305533] (-) TimerEvent: {}
[1.406039] (-) TimerEvent: {}
[1.506610] (-) TimerEvent: {}
[1.607154] (-) TimerEvent: {}
[1.707753] (-) TimerEvent: {}
[1.808276] (-) TimerEvent: {}
[1.908812] (-) TimerEvent: {}
[2.009399] (-) TimerEvent: {}
[2.109889] (-) TimerEvent: {}
[2.210390] (-) TimerEvent: {}
[2.310888] (-) TimerEvent: {}
[2.411410] (-) TimerEvent: {}
[2.511968] (-) TimerEvent: {}
[2.612498] (-) TimerEvent: {}
[2.713059] (-) TimerEvent: {}
[2.813536] (-) TimerEvent: {}
[2.914064] (-) TimerEvent: {}
[3.014587] (-) TimerEvent: {}
[3.115153] (-) TimerEvent: {}
[3.215766] (-) TimerEvent: {}
[3.316291] (-) TimerEvent: {}
[3.416821] (-) TimerEvent: {}
[3.517377] (-) TimerEvent: {}
[3.617933] (-) TimerEvent: {}
[3.718507] (-) TimerEvent: {}
[3.818963] (-) TimerEvent: {}
[3.919433] (-) TimerEvent: {}
[4.019917] (-) TimerEvent: {}
[4.120408] (-) TimerEvent: {}
[4.220878] (-) TimerEvent: {}
[4.321340] (-) TimerEvent: {}
[4.421815] (-) TimerEvent: {}
[4.522304] (-) TimerEvent: {}
[4.622781] (-) TimerEvent: {}
[4.723253] (-) TimerEvent: {}
[4.823801] (-) TimerEvent: {}
[4.924306] (-) TimerEvent: {}
[5.024880] (-) TimerEvent: {}
[5.125402] (-) TimerEvent: {}
[5.225919] (-) TimerEvent: {}
[5.326423] (-) TimerEvent: {}
[5.426949] (-) TimerEvent: {}
[5.527459] (-) TimerEvent: {}
[5.623560] (test_tool) StderrLine: {'line': b'\x1b[01m\x1b[K/home/maddy/iris_test_tool/src/test_tool/src/iris_tool/mainwindow.cpp:129:6:\x1b[m\x1b[K \x1b[01;31m\x1b[Kerror: \x1b[m\x1b[K\xe2\x80\x98\x1b[01m\x1b[Kcout\x1b[m\x1b[K\xe2\x80\x99 in namespace \xe2\x80\x98\x1b[01m\x1b[Kstd\x1b[m\x1b[K\xe2\x80\x99 does not name a type\n'}
[5.623880] (test_tool) StderrLine: {'line': b'  129 | std::\x1b[01;31m\x1b[Kcout\x1b[m\x1b[K<<"started"<<std::endl;\n'}
[5.623989] (test_tool) StderrLine: {'line': b'      |      \x1b[01;31m\x1b[K^~~~\x1b[m\x1b[K\n'}
[5.624091] (test_tool) StderrLine: {'line': b'In file included from \x1b[01m\x1b[K/opt/ros/humble/include/rclcpp/rclcpp/executor.hpp:22\x1b[m\x1b[K,\n'}
[5.624191] (test_tool) StderrLine: {'line': b'                 from \x1b[01m\x1b[K/opt/ros/humble/include/rclcpp/rclcpp/executors/multi_threaded_executor.hpp:25\x1b[m\x1b[K,\n'}
[5.624292] (test_tool) StderrLine: {'line': b'                 from \x1b[01m\x1b[K/opt/ros/humble/include/rclcpp/rclcpp/executors.hpp:21\x1b[m\x1b[K,\n'}
[5.624390] (test_tool) StderrLine: {'line': b'                 from \x1b[01m\x1b[K/opt/ros/humble/include/rclcpp/rclcpp/rclcpp.hpp:155\x1b[m\x1b[K,\n'}
[5.624486] (test_tool) StderrLine: {'line': b'                 from \x1b[01m\x1b[K/home/maddy/iris_test_tool/src/test_tool/include/test_tool/mainwindow.h:8\x1b[m\x1b[K,\n'}
[5.624584] (test_tool) StderrLine: {'line': b'                 from \x1b[01m\x1b[K/home/maddy/iris_test_tool/src/test_tool/src/iris_tool/mainwindow.cpp:1\x1b[m\x1b[K:\n'}
[5.624681] (test_tool) StderrLine: {'line': b'\x1b[01m\x1b[K/usr/include/c++/11/iostream:61:18:\x1b[m\x1b[K \x1b[01;36m\x1b[Knote: \x1b[m\x1b[K\xe2\x80\x98\x1b[01m\x1b[Kstd::cout\x1b[m\x1b[K\xe2\x80\x99 declared here\n'}
[5.624779] (test_tool) StderrLine: {'line': b'   61 |   extern ostream \x1b[01;36m\x1b[Kcout\x1b[m\x1b[K;          /// Linked to standard output\n'}
[5.624885] (test_tool) StderrLine: {'line': b'      |                  \x1b[01;36m\x1b[K^~~~\x1b[m\x1b[K\n'}
[5.627615] (-) TimerEvent: {}
[5.728049] (-) TimerEvent: {}
[5.828558] (-) TimerEvent: {}
[5.929109] (-) TimerEvent: {}
[6.029606] (-) TimerEvent: {}
[6.130116] (-) TimerEvent: {}
[6.230710] (-) TimerEvent: {}
[6.331237] (-) TimerEvent: {}
[6.431802] (-) TimerEvent: {}
[6.532318] (-) TimerEvent: {}
[6.632885] (-) TimerEvent: {}
[6.660516] (test_tool) StderrLine: {'line': b'gmake[2]: *** [CMakeFiles/test_tool.dir/build.make:104: CMakeFiles/test_tool.dir/src/iris_tool/mainwindow.cpp.o] Error 1\n'}
[6.660971] (test_tool) StderrLine: {'line': b'gmake[1]: *** [CMakeFiles/Makefile2:144: CMakeFiles/test_tool.dir/all] Error 2\n'}
[6.661373] (test_tool) StderrLine: {'line': b'gmake: *** [Makefile:146: all] Error 2\n'}
[6.664454] (test_tool) CommandEnded: {'returncode': 2}
[6.679831] (test_tool) JobEnded: {'identifier': 'test_tool', 'rc': 2}
[6.690984] (-) EventReactorShutdown: {}
