[0.000000] (-) TimerEvent: {}
[0.000590] (test_tool) JobQueued: {'identifier': 'test_tool', 'dependencies': OrderedDict()}
[0.000702] (test_tool) JobStarted: {'identifier': 'test_tool'}
[0.010281] (test_tool) JobProgress: {'identifier': 'test_tool', 'progress': 'cmake'}
[0.011437] (test_tool) JobProgress: {'identifier': 'test_tool', 'progress': 'build'}
[0.012518] (test_tool) Command: {'cmd': ['/usr/bin/cmake', '--build', '/home/maddy/iris_test_tool/build/test_tool', '--', '-j8', '-l8'], 'cwd': '/home/maddy/iris_test_tool/build/test_tool', 'env': OrderedDict([('USER', 'maddy'), ('SHLVL', '1'), ('LD_LIBRARY_PATH', '/opt/ros/humble/opt/rviz_ogre_vendor/lib:/opt/ros/humble/lib/x86_64-linux-gnu:/opt/ros/humble/lib'), ('HOME', '/home/maddy'), ('OLDPWD', '/home/maddy'), ('LESS', '-R'), ('ZSH', '/home/maddy/.oh-my-zsh'), ('LSCOLORS', 'exfxcxdxbxegedabagacad'), ('PAGER', 'less'), ('ROS_PYTHON_VERSION', '3'), ('GREP_COLORS', 'mt=1;33'), ('DBUS_SESSION_BUS_ADDRESS', 'unix:path=/run/user/1000/bus'), ('WSL_DISTRO_NAME', 'Ubuntu-22.04'), ('WAYLAND_DISPLAY', 'wayland-0'), ('ROS_DISTRO', 'humble'), ('LOGNAME', 'maddy'), ('PULSE_SERVER', 'unix:/mnt/wslg/PulseServer'), ('WSL_INTEROP', '/run/WSL/2387_interop'), ('NAME', 'RMCCORPDE-DT024'), ('_', '/usr/bin/colcon'), ('ROS_VERSION', '2'), ('TERM', 'xterm-256color'), ('ROS_LOCALHOST_ONLY', '0'), ('PATH', '/opt/ros/humble/bin:/usr/local/sbin:/usr/local/bin:/usr/sbin:/usr/bin:/sbin:/bin:/usr/games:/usr/local/games:/usr/lib/wsl/lib:/mnt/c/Program Files/Common Files/Oracle/Java/javapath:/mnt/c/Program Files/Eclipse Adoptium/jdk-17.0.15.6-hotspot/bin:/mnt/c/Program Files (x86)/Common Files/Oracle/Java/java8path:/mnt/c/Program Files (x86)/Common Files/Oracle/Java/javapath:/mnt/c/Windows/system32:/mnt/c/Windows:/mnt/c/Windows/System32/Wbem:/mnt/c/Windows/System32/WindowsPowerShell/v1.0/:/mnt/c/Windows/System32/OpenSSH/:/mnt/c/Program Files/dotnet/:/mnt/c/Program Files/Git/cmd:/mnt/c/Program Files (x86)/Microsoft SQL Server/160/Tools/Binn/:/mnt/c/Program Files/Microsoft SQL Server/160/Tools/Binn/:/mnt/c/Program Files/Microsoft SQL Server/Client SDK/ODBC/170/Tools/Binn/:/mnt/c/Program Files/Microsoft SQL Server/160/DTS/Binn/:/mnt/c/Program Files (x86)/Windows Kits/10/Windows Performance Toolkit/:/mnt/c/Program Files/PostgreSQL/17/bin:/mnt/c/sonar-scanner-7.1.0.4889-windows-x64/bin:/mnt/c/msys64/mingw64/bin:/mnt/c/Program Files/CMake/bin:/mnt/c/Users/RMCPDEDT024/AppData/Local/Programs/Python/Python313/Scripts/:/mnt/c/Users/RMCPDEDT024/AppData/Local/Programs/Python/Python313/:/mnt/c/Users/RMCPDEDT024/AppData/Local/Programs/Python/Launcher/:/mnt/c/Users/RMCPDEDT024/AppData/Local/Microsoft/WindowsApps:/mnt/c/Users/RMCPDEDT024/AppData/Local/Programs/Microsoft VS Code/bin:/mnt/c/Users/RMCPDEDT024/AppData/Local/Python/bin'), ('XDG_RUNTIME_DIR', '/run/user/1000/'), ('DISPLAY', ':0'), ('LANG', 'en_US.UTF-8'), ('LS_COLORS', 'di=34;40:ln=35;40:so=32;40:pi=33;40:ex=31;40:bd=34;46:cd=34;43:su=0;41:sg=0;46:tw=0;42:ow=0;43:'), ('AMENT_PREFIX_PATH', '/opt/ros/humble'), ('SHELL', '/usr/bin/zsh'), ('PWD', '/home/maddy/iris_test_tool/build/test_tool'), ('PYTHONPATH', '/opt/ros/humble/lib/python3.10/site-packages:/opt/ros/humble/local/lib/python3.10/dist-packages'), ('COLCON', '1'), ('HOSTTYPE', 'x86_64'), ('WSL2_GUI_APPS_ENABLED', '1'), ('WSLENV', ''), ('CMAKE_PREFIX_PATH', '/opt/ros/humble')]), 'shell': False}
[0.093518] (test_tool) StdoutLine: {'line': b'[  7%] \x1b[34m\x1b[1mAutomatic MOC and UIC for target dummy_test_1\x1b[0m\n'}
[0.094994] (test_tool) StdoutLine: {'line': b'[ 15%] \x1b[34m\x1b[1mAutomatic MOC and UIC for target test_tool\x1b[0m\n'}
[0.095908] (test_tool) StdoutLine: {'line': b'[ 23%] \x1b[34m\x1b[1mAutomatic MOC and UIC for target dummy_test\x1b[0m\n'}
[0.098372] (-) TimerEvent: {}
[0.127209] (test_tool) StdoutLine: {'line': b'[ 23%] Built target dummy_test_1_autogen\n'}
[0.129695] (test_tool) StdoutLine: {'line': b'[ 23%] Built target dummy_test_autogen\n'}
[0.130642] (test_tool) StdoutLine: {'line': b'[ 23%] Built target test_tool_autogen\n'}
[0.158736] (test_tool) StdoutLine: {'line': b'\x1b[35m\x1b[1mConsolidate compiler generated dependencies of target test_tool\x1b[0m\n'}
[0.164828] (test_tool) StdoutLine: {'line': b'[ 46%] Built target dummy_test_1\n'}
[0.172908] (test_tool) StdoutLine: {'line': b'[ 69%] Built target dummy_test\n'}
[0.198550] (-) TimerEvent: {}
[0.202011] (test_tool) StdoutLine: {'line': b'[ 76%] \x1b[32mBuilding CXX object CMakeFiles/test_tool.dir/src/iris_tool/mainwindow.cpp.o\x1b[0m\n'}
[0.298742] (-) TimerEvent: {}
[0.399275] (-) TimerEvent: {}
[0.499756] (-) TimerEvent: {}
[0.600306] (-) TimerEvent: {}
[0.700874] (-) TimerEvent: {}
[0.801390] (-) TimerEvent: {}
[0.901943] (-) TimerEvent: {}
[1.002435] (-) TimerEvent: {}
[1.102949] (-) TimerEvent: {}
[1.203494] (-) TimerEvent: {}
[1.303961] (-) TimerEvent: {}
[1.404469] (-) TimerEvent: {}
[1.504942] (-) TimerEvent: {}
[1.605524] (-) TimerEvent: {}
[1.706087] (-) TimerEvent: {}
[1.806723] (-) TimerEvent: {}
[1.907221] (-) TimerEvent: {}
[2.007730] (-) TimerEvent: {}
[2.108238] (-) TimerEvent: {}
[2.208765] (-) TimerEvent: {}
[2.309318] (-) TimerEvent: {}
[2.409915] (-) TimerEvent: {}
[2.510425] (-) TimerEvent: {}
[2.610960] (-) TimerEvent: {}
[2.711454] (-) TimerEvent: {}
[2.811938] (-) TimerEvent: {}
[2.912429] (-) TimerEvent: {}
[3.012902] (-) TimerEvent: {}
[3.113394] (-) TimerEvent: {}
[3.213924] (-) TimerEvent: {}
[3.314450] (-) TimerEvent: {}
[3.414972] (-) TimerEvent: {}
[3.515467] (-) TimerEvent: {}
[3.615955] (-) TimerEvent: {}
[3.716451] (-) TimerEvent: {}
[3.816952] (-) TimerEvent: {}
[3.917450] (-) TimerEvent: {}
[4.018045] (-) TimerEvent: {}
[4.118570] (-) TimerEvent: {}
[4.219168] (-) TimerEvent: {}
[4.319768] (-) TimerEvent: {}
[4.420314] (-) TimerEvent: {}
[4.520794] (-) TimerEvent: {}
[4.621323] (-) TimerEvent: {}
[4.721836] (-) TimerEvent: {}
[4.822291] (-) TimerEvent: {}
[4.922781] (-) TimerEvent: {}
[5.023335] (-) TimerEvent: {}
[5.123852] (-) TimerEvent: {}
[5.224372] (-) TimerEvent: {}
[5.324994] (-) TimerEvent: {}
[5.425490] (-) TimerEvent: {}
[5.526214] (-) TimerEvent: {}
[5.626701] (-) TimerEvent: {}
[5.678750] (test_tool) StderrLine: {'line': b'In file included from \x1b[01m\x1b[K/home/maddy/iris_test_tool/src/test_tool/src/iris_tool/mainwindow.cpp:1\x1b[m\x1b[K:\n'}
[5.679059] (test_tool) StderrLine: {'line': b'\x1b[01m\x1b[K/home/maddy/iris_test_tool/src/test_tool/include/test_tool/mainwindow.h:\x1b[m\x1b[K In constructor \xe2\x80\x98\x1b[01m\x1b[KMainWindow::MainWindow(QWidget*)\x1b[m\x1b[K\xe2\x80\x99:\n'}
[5.679171] (test_tool) StderrLine: {'line': b'\x1b[01m\x1b[K/home/maddy/iris_test_tool/src/test_tool/include/test_tool/mainwindow.h:28:21:\x1b[m\x1b[K \x1b[01;35m\x1b[Kwarning: \x1b[m\x1b[K\xe2\x80\x98\x1b[01m\x1b[KMainWindow::ui\x1b[m\x1b[K\xe2\x80\x99 will be initialized after [\x1b[01;35m\x1b[K\x1b]8;;https://gcc.gnu.org/onlinedocs/gcc/Warning-Options.html#index-Wreorder\x07-Wreorder\x1b]8;;\x07\x1b[m\x1b[K]\n'}
[5.679279] (test_tool) StderrLine: {'line': b'   28 |     Ui::MainWindow *\x1b[01;35m\x1b[Kui\x1b[m\x1b[K;\n'}
[5.679382] (test_tool) StderrLine: {'line': b'      |                     \x1b[01;35m\x1b[K^~\x1b[m\x1b[K\n'}
[5.679483] (test_tool) StderrLine: {'line': b'\x1b[01m\x1b[K/home/maddy/iris_test_tool/src/test_tool/src/iris_tool/mainwindow.cpp:14:47:\x1b[m\x1b[K \x1b[01;35m\x1b[Kwarning: \x1b[m\x1b[K  base \xe2\x80\x98\x1b[01m\x1b[Krclcpp::Node\x1b[m\x1b[K\xe2\x80\x99 [\x1b[01;35m\x1b[K\x1b]8;;https://gcc.gnu.org/onlinedocs/gcc/Warning-Options.html#index-Wreorder\x07-Wreorder\x1b]8;;\x07\x1b[m\x1b[K]\n'}
[5.679588] (test_tool) StderrLine: {'line': b'   14 |     , ui(new Ui::MainWindow) ,Node("iris_tool"\x1b[01;35m\x1b[K)\x1b[m\x1b[K\n'}
[5.679688] (test_tool) StderrLine: {'line': b'      |                                               \x1b[01;35m\x1b[K^\x1b[m\x1b[K\n'}
[5.679786] (test_tool) StderrLine: {'line': b'\x1b[01m\x1b[K/home/maddy/iris_test_tool/src/test_tool/src/iris_tool/mainwindow.cpp:12:1:\x1b[m\x1b[K \x1b[01;35m\x1b[Kwarning: \x1b[m\x1b[K  when initialized here [\x1b[01;35m\x1b[K\x1b]8;;https://gcc.gnu.org/onlinedocs/gcc/Warning-Options.html#index-Wreorder\x07-Wreorder\x1b]8;;\x07\x1b[m\x1b[K]\n'}
[5.679898] (test_tool) StderrLine: {'line': b'   12 | \x1b[01;35m\x1b[KMainWindow\x1b[m\x1b[K::MainWindow(QWidget *parent)\n'}
[5.679999] (test_tool) StderrLine: {'line': b'      | \x1b[01;35m\x1b[K^~~~~~~~~~\x1b[m\x1b[K\n'}
[5.680595] (test_tool) StderrLine: {'line': b'\x1b[01m\x1b[K/home/maddy/iris_test_tool/src/test_tool/src/iris_tool/mainwindow.cpp:27:40:\x1b[m\x1b[K \x1b[01;31m\x1b[Kerror: \x1b[m\x1b[Kinvalid use of non-static member function \xe2\x80\x98\x1b[01m\x1b[Kvoid QListWidget::itemChanged(QListWidgetItem*)\x1b[m\x1b[K\xe2\x80\x99\n'}
[5.680734] (test_tool) StderrLine: {'line': b'   27 |     connect(ui->node_list,QListWidget::\x1b[01;31m\x1b[KitemChanged\x1b[m\x1b[K,this,&MainWindow::onItemChanged);\n'}
[5.680843] (test_tool) StderrLine: {'line': b'      |                                        \x1b[01;31m\x1b[K^~~~~~~~~~~\x1b[m\x1b[K\n'}
[5.689292] (test_tool) StderrLine: {'line': b'\x1b[01m\x1b[K/home/maddy/iris_test_tool/src/test_tool/src/iris_tool/mainwindow.cpp:\x1b[m\x1b[K In member function \xe2\x80\x98\x1b[01m\x1b[Kvoid MainWindow::onItemChanged(QListWidgetItem*, rcl_interfaces::msg::Log_<std::allocator<void> >::SharedPtr)\x1b[m\x1b[K\xe2\x80\x99:\n'}
[5.689769] (test_tool) StderrLine: {'line': b'\x1b[01m\x1b[K/home/maddy/iris_test_tool/src/test_tool/src/iris_tool/mainwindow.cpp:108:5:\x1b[m\x1b[K \x1b[01;31m\x1b[Kerror: \x1b[m\x1b[Kexpected initializer before \xe2\x80\x98\x1b[01m\x1b[Kif\x1b[m\x1b[K\xe2\x80\x99\n'}
[5.689892] (test_tool) StderrLine: {'line': b'  108 |     \x1b[01;31m\x1b[Kif\x1b[m\x1b[K (item->checkState() == Qt::Checked) {\n'}
[5.690006] (test_tool) StderrLine: {'line': b'      |     \x1b[01;31m\x1b[K^~\x1b[m\x1b[K\n'}
[5.690110] (test_tool) StderrLine: {'line': b'\x1b[01m\x1b[K/home/maddy/iris_test_tool/src/test_tool/src/iris_tool/mainwindow.cpp:115:6:\x1b[m\x1b[K \x1b[01;31m\x1b[Kerror: \x1b[m\x1b[K\xe2\x80\x98\x1b[01m\x1b[Kelse\x1b[m\x1b[K\xe2\x80\x99 without a previous \xe2\x80\x98\x1b[01m\x1b[Kif\x1b[m\x1b[K\xe2\x80\x99\n'}
[5.690214] (test_tool) StderrLine: {'line': b'  115 |     }\x1b[01;31m\x1b[Kelse\x1b[m\x1b[K {\n'}
[5.690316] (test_tool) StderrLine: {'line': b'      |      \x1b[01;31m\x1b[K^~~~\x1b[m\x1b[K\n'}
[5.690416] (test_tool) StderrLine: {'line': b'\x1b[01m\x1b[K/home/maddy/iris_test_tool/src/test_tool/src/iris_tool/mainwindow.cpp:117:44:\x1b[m\x1b[K \x1b[01;31m\x1b[Kerror: \x1b[m\x1b[Koverloaded function with no contextual type information\n'}
[5.690519] (test_tool) StderrLine: {'line': b'  117 |             index = ui->node_list->row(item\x1b[01;31m\x1b[K)\x1b[m\x1b[K;\n'}
[5.690621] (test_tool) StderrLine: {'line': b'      |                                            \x1b[01;31m\x1b[K^\x1b[m\x1b[K\n'}
[5.690720] (test_tool) StderrLine: {'line': b'\x1b[01m\x1b[K/home/maddy/iris_test_tool/src/test_tool/src/iris_tool/mainwindow.cpp:118:47:\x1b[m\x1b[K \x1b[01;31m\x1b[Kerror: \x1b[m\x1b[Kno matching function for call to \xe2\x80\x98\x1b[01m\x1b[KQListWidgetItem::text(<unresolved overloaded function type>)\x1b[m\x1b[K\xe2\x80\x99\n'}
[5.690835] (test_tool) StderrLine: {'line': b'  118 |             QString unselected_node=\x1b[01;31m\x1b[Kitem->text(index)\x1b[m\x1b[K;\n'}
[5.690936] (test_tool) StderrLine: {'line': b'      |                                     \x1b[01;31m\x1b[K~~~~~~~~~~^~~~~~~\x1b[m\x1b[K\n'}
[5.691035] (test_tool) StderrLine: {'line': b'In file included from \x1b[01m\x1b[K/usr/include/x86_64-linux-gnu/qt6/QtWidgets/QListWidget:1\x1b[m\x1b[K,\n'}
[5.691134] (test_tool) StderrLine: {'line': b'                 from \x1b[01m\x1b[K/home/maddy/iris_test_tool/src/test_tool/include/test_tool/mainwindow.h:5\x1b[m\x1b[K,\n'}
[5.691233] (test_tool) StderrLine: {'line': b'                 from \x1b[01m\x1b[K/home/maddy/iris_test_tool/src/test_tool/src/iris_tool/mainwindow.cpp:1\x1b[m\x1b[K:\n'}
[5.691341] (test_tool) StderrLine: {'line': b'\x1b[01m\x1b[K/usr/include/x86_64-linux-gnu/qt6/QtWidgets/qlistwidget.h:84:20:\x1b[m\x1b[K \x1b[01;36m\x1b[Knote: \x1b[m\x1b[Kcandidate: \xe2\x80\x98\x1b[01m\x1b[KQString QListWidgetItem::text() const\x1b[m\x1b[K\xe2\x80\x99\n'}
[5.691448] (test_tool) StderrLine: {'line': b'   84 |     inline QString \x1b[01;36m\x1b[Ktext\x1b[m\x1b[K() const\n'}
[5.691568] (test_tool) StderrLine: {'line': b'      |                    \x1b[01;36m\x1b[K^~~~\x1b[m\x1b[K\n'}
[5.691674] (test_tool) StderrLine: {'line': b'\x1b[01m\x1b[K/usr/include/x86_64-linux-gnu/qt6/QtWidgets/qlistwidget.h:84:20:\x1b[m\x1b[K \x1b[01;36m\x1b[Knote: \x1b[m\x1b[K  candidate expects 0 arguments, 1 provided\n'}
[5.691775] (test_tool) StderrLine: {'line': b'\x1b[01m\x1b[K/home/maddy/iris_test_tool/src/test_tool/src/iris_tool/mainwindow.cpp:105:97:\x1b[m\x1b[K \x1b[01;35m\x1b[Kwarning: \x1b[m\x1b[Kunused parameter \xe2\x80\x98\x1b[01m\x1b[Kmsg\x1b[m\x1b[K\xe2\x80\x99 [\x1b[01;35m\x1b[K\x1b]8;;https://gcc.gnu.org/onlinedocs/gcc/Warning-Options.html#index-Wunused-parameter\x07-Wunused-parameter\x1b]8;;\x07\x1b[m\x1b[K]\n'}
[5.691888] (test_tool) StderrLine: {'line': b'  105 | void MainWindow::onItemChanged(QListWidgetItem *item, \x1b[01;35m\x1b[Kconst rcl_interfaces::msg::Log::SharedPtr msg\x1b[m\x1b[K)\n'}
[5.691989] (test_tool) StderrLine: {'line': b'      |                                                       \x1b[01;35m\x1b[K~~~~~~~~~~~~~~~~~~~~~~~~~~~~~~~~~~~~~~~~~~^~~\x1b[m\x1b[K\n'}
[5.726878] (-) TimerEvent: {}
[5.827395] (-) TimerEvent: {}
[5.927946] (-) TimerEvent: {}
[5.988001] (test_tool) StderrLine: {'line': b'In file included from \x1b[01m\x1b[K/usr/include/x86_64-linux-gnu/qt6/QtWidgets/qwidget.h:45\x1b[m\x1b[K,\n'}
[5.988289] (test_tool) StderrLine: {'line': b'                 from \x1b[01m\x1b[K/usr/include/x86_64-linux-gnu/qt6/QtWidgets/qmainwindow.h:44\x1b[m\x1b[K,\n'}
[5.988394] (test_tool) StderrLine: {'line': b'                 from \x1b[01m\x1b[K/usr/include/x86_64-linux-gnu/qt6/QtWidgets/QMainWindow:1\x1b[m\x1b[K,\n'}
[5.988494] (test_tool) StderrLine: {'line': b'                 from \x1b[01m\x1b[K/home/maddy/iris_test_tool/src/test_tool/include/test_tool/mainwindow.h:4\x1b[m\x1b[K,\n'}
[5.988594] (test_tool) StderrLine: {'line': b'                 from \x1b[01m\x1b[K/home/maddy/iris_test_tool/src/test_tool/src/iris_tool/mainwindow.cpp:1\x1b[m\x1b[K:\n'}
[5.988692] (test_tool) StderrLine: {'line': b'/usr/include/x86_64-linux-gnu/qt6/QtCore/qobject.h: In instantiation of \xe2\x80\x98\x1b[01m\x1b[Kstatic QMetaObject::Connection QObject::connect(const typename QtPrivate::FunctionPointer<Func>::Object*, Func1, const typename QtPrivate::FunctionPointer<Func2>::Object*, Func2, Qt::ConnectionType) [with Func1 = void (Qtros::*)(const QString&, const QString&, int); Func2 = void (MainWindow::*)(std::shared_ptr<rcl_interfaces::msg::Log_<std::allocator<void> > >); typename QtPrivate::FunctionPointer<Func>::Object = Qtros; typename QtPrivate::FunctionPointer<Func2>::Object = MainWindow]\x1b[m\x1b[K\xe2\x80\x99:\n'}
[5.988798] (test_tool) StderrLine: {'line': b'\x1b[01m\x1b[K/home/maddy/iris_test_tool/src/test_tool/src/iris_tool/mainwindow.cpp:24:12:\x1b[m\x1b[K   required from here\n'}
[5.988896] (test_tool) StderrLine: {'line': b'\x1b[01m\x1b[K/usr/include/x86_64-linux-gnu/qt6/QtCore/qobject.h:230:123:\x1b[m\x1b[K \x1b[01;31m\x1b[Kerror: \x1b[m\x1b[Kstatic assertion failed: Signal and slot arguments are not compatible.\n'}
[5.988995] (test_tool) StderrLine: {'line': b'  230 |         static_assert(\x1b[01;31m\x1b[K(QtPrivate::CheckCompatibleArguments<typename SignalType::Arguments, typename SlotType::Arguments>::value)\x1b[m\x1b[K,\n'}
[5.989093] (test_tool) StderrLine: {'line': b'      |                       \x1b[01;31m\x1b[K~~~~~~~~~~~~~~~~~~~~~~~~~~~~~~~~~~~~~~~~~~~~~~~~~~~~~~~~~~~~~~~~~~~~~~~~~~~~~~~~~~~~~~~~~~~~~~~~~~~~^~~~~~\x1b[m\x1b[K\n'}
[5.989190] (test_tool) StderrLine: {'line': b'\x1b[01m\x1b[K/usr/include/x86_64-linux-gnu/qt6/QtCore/qobject.h:230:123:\x1b[m\x1b[K \x1b[01;36m\x1b[Knote: \x1b[m\x1b[K\xe2\x80\x98\x1b[01m\x1b[KQtPrivate::CheckCompatibleArguments<QtPrivate::List<const QString&, const QString&, int>, QtPrivate::List<std::shared_ptr<rcl_interfaces::msg::Log_<std::allocator<void> > > > >::value\x1b[m\x1b[K\xe2\x80\x99 evaluates to false\n'}
[6.028117] (-) TimerEvent: {}
[6.128633] (-) TimerEvent: {}
[6.229125] (-) TimerEvent: {}
[6.329643] (-) TimerEvent: {}
[6.430137] (-) TimerEvent: {}
[6.530687] (-) TimerEvent: {}
[6.631271] (-) TimerEvent: {}
[6.708321] (test_tool) StderrLine: {'line': b'gmake[2]: *** [CMakeFiles/test_tool.dir/build.make:104: CMakeFiles/test_tool.dir/src/iris_tool/mainwindow.cpp.o] Error 1\n'}
[6.708786] (test_tool) StderrLine: {'line': b'gmake[1]: *** [CMakeFiles/Makefile2:144: CMakeFiles/test_tool.dir/all] Error 2\n'}
[6.709230] (test_tool) StderrLine: {'line': b'gmake: *** [Makefile:146: all] Error 2\n'}
[6.712434] (test_tool) CommandEnded: {'returncode': 2}
[6.723982] (test_tool) JobEnded: {'identifier': 'test_tool', 'rc': 2}
[6.731430] (-) TimerEvent: {}
[6.734878] (-) EventReactorShutdown: {}
