[0.000000] (-) TimerEvent: {}
[0.001075] (test_tool) JobQueued: {'identifier': 'test_tool', 'dependencies': OrderedDict()}
[0.001170] (test_tool) JobStarted: {'identifier': 'test_tool'}
[0.013131] (test_tool) JobProgress: {'identifier': 'test_tool', 'progress': 'cmake'}
[0.014426] (test_tool) JobProgress: {'identifier': 'test_tool', 'progress': 'build'}
[0.015876] (test_tool) Command: {'cmd': ['/usr/bin/cmake', '--build', '/home/maddy/iris_test_tool/build/test_tool', '--', '-j8', '-l8'], 'cwd': '/home/maddy/iris_test_tool/build/test_tool', 'env': OrderedDict([('TMUX', '/tmp/tmux-1000/default,10035,0'), ('USER', 'maddy'), ('LD_LIBRARY_PATH', '/opt/ros/humble/opt/rviz_ogre_vendor/lib:/opt/ros/humble/lib/x86_64-linux-gnu:/opt/ros/humble/lib'), ('SHLVL', '2'), ('HOME', '/home/maddy'), ('LESS', '-R'), ('OLDPWD', '/home/maddy'), ('TERM_PROGRAM_VERSION', '3.2a'), ('LSCOLORS', 'Gxfxcxdxbxegedabagacad'), ('PAGER', 'less'), ('ROS_PYTHON_VERSION', '3'), ('GREP_COLORS', 'mt=1;33'), ('DBUS_SESSION_BUS_ADDRESS', 'unix:path=/run/user/1000/bus'), ('P9K_TTY', 'old'), ('WSL_DISTRO_NAME', 'Ubuntu-22.04'), ('ROS_DISTRO', 'humble'), ('WAYLAND_DISPLAY', 'wayland-0'), ('LOGNAME', 'maddy'), ('NAME', 'RMCCORPDE-DT024'), ('PULSE_SERVER', 'unix:/mnt/wslg/PulseServer'), ('WSL_INTEROP', '/run/WSL/7108_interop'), ('_', '/usr/bin/colcon'), ('_P9K_SSH_TTY', '/dev/pts/3'), ('ROS_VERSION', '2'), ('TERM', 'screen-256color'), ('ROS_LOCALHOST_ONLY', '0'), ('PATH', '/opt/ros/humble/bin:/usr/local/sbin:/usr/local/bin:/usr/sbin:/usr/bin:/sbin:/bin:/usr/games:/usr/local/games:/usr/lib/wsl/lib:/mnt/c/Program Files/Common Files/Oracle/Java/javapath:/mnt/c/Program Files/Eclipse Adoptium/jdk-17.0.15.6-hotspot/bin:/mnt/c/Program Files (x86)/Common Files/Oracle/Java/java8path:/mnt/c/Program Files (x86)/Common Files/Oracle/Java/javapath:/mnt/c/Windows/system32:/mnt/c/Windows:/mnt/c/Windows/System32/Wbem:/mnt/c/Windows/System32/WindowsPowerShell/v1.0/:/mnt/c/Windows/System32/OpenSSH/:/mnt/c/Program Files/dotnet/:/mnt/c/Program Files/Git/cmd:/mnt/c/Program Files (x86)/Microsoft SQL Server/160/Tools/Binn/:/mnt/c/Program Files/Microsoft SQL Server/160/Tools/Binn/:/mnt/c/Program Files/Microsoft SQL Server/Client SDK/ODBC/170/Tools/Binn/:/mnt/c/Program Files/Microsoft SQL Server/160/DTS/Binn/:/mnt/c/Program Files (x86)/Windows Kits/10/Windows Performance Toolkit/:/mnt/c/Program Files/PostgreSQL/17/bin:/mnt/c/sonar-scanner-7.1.0.4889-windows-x64/bin:/mnt/c/msys64/mingw64/bin:/mnt/c/Program Files/CMake/bin:/mnt/c/Users/RMCPDEDT024/AppData/Local/Programs/Python/Python313/Scripts/:/mnt/c/Users/RMCPDEDT024/AppData/Local/Programs/Python/Python313/:/mnt/c/Users/RMCPDEDT024/AppData/Local/Programs/Python/Launcher/:/mnt/c/Users/RMCPDEDT024/AppData/Local/Microsoft/WindowsApps:/mnt/c/Users/RMCPDEDT024/AppData/Local/Programs/Microsoft VS Code/bin:/mnt/c/Users/RMCPDEDT024/AppData/Local/Python/bin'), ('XDG_RUNTIME_DIR', '/run/user/1000/'), ('DISPLAY', ':0'), ('LANG', 'en_US.UTF-8'), ('LS_COLORS', 'di=34;40:ln=35;40:so=32;40:pi=33;40:ex=31;40:bd=34;46:cd=34;43:su=0;41:sg=0;46:tw=0;42:ow=0;43:'), ('TERM_PROGRAM', 'tmux'), ('AMENT_PREFIX_PATH', '/opt/ros/humble'), ('SHELL', '/usr/bin/zsh'), ('P9K_SSH', '0'), ('PWD', '/home/maddy/iris_test_tool/build/test_tool'), ('_P9K_TTY', '/dev/pts/3'), ('PYTHONPATH', '/opt/ros/humble/lib/python3.10/site-packages:/opt/ros/humble/local/lib/python3.10/dist-packages'), ('COLCON', '1'), ('HOSTTYPE', 'x86_64'), ('TMUX_PANE', '%0'), ('WSL2_GUI_APPS_ENABLED', '1'), ('WSLENV', ''), ('CMAKE_PREFIX_PATH', '/opt/ros/humble')]), 'shell': False}
[0.098939] (-) TimerEvent: {}
[0.105117] (test_tool) StdoutLine: {'line': b'[  7%] \x1b[34m\x1b[1mAutomatic MOC and UIC for target dummy_test_1\x1b[0m\n'}
[0.108933] (test_tool) StdoutLine: {'line': b'[ 15%] \x1b[34m\x1b[1mAutomatic MOC and UIC for target test_tool\x1b[0m\n'}
[0.109431] (test_tool) StdoutLine: {'line': b'[ 23%] \x1b[34m\x1b[1mAutomatic MOC and UIC for target dummy_test\x1b[0m\n'}
[0.136816] (test_tool) StdoutLine: {'line': b'[ 23%] Built target dummy_test_1_autogen\n'}
[0.140054] (test_tool) StdoutLine: {'line': b'[ 23%] Built target dummy_test_autogen\n'}
[0.182051] (test_tool) StdoutLine: {'line': b'[ 46%] Built target dummy_test\n'}
[0.186751] (test_tool) StdoutLine: {'line': b'[ 69%] Built target dummy_test_1\n'}
[0.199129] (-) TimerEvent: {}
[0.299810] (-) TimerEvent: {}
[0.400308] (-) TimerEvent: {}
[0.500909] (-) TimerEvent: {}
[0.601636] (-) TimerEvent: {}
[0.633846] (test_tool) StdoutLine: {'line': b'[ 69%] Built target test_tool_autogen\n'}
[0.653236] (test_tool) StdoutLine: {'line': b'\x1b[35m\x1b[1mConsolidate compiler generated dependencies of target test_tool\x1b[0m\n'}
[0.690022] (test_tool) StdoutLine: {'line': b'[ 76%] \x1b[32mBuilding CXX object CMakeFiles/test_tool.dir/test_tool_autogen/mocs_compilation.cpp.o\x1b[0m\n'}
[0.693655] (test_tool) StdoutLine: {'line': b'[ 84%] \x1b[32mBuilding CXX object CMakeFiles/test_tool.dir/src/iris_tool/main.cpp.o\x1b[0m\n'}
[0.696635] (test_tool) StdoutLine: {'line': b'[ 92%] \x1b[32mBuilding CXX object CMakeFiles/test_tool.dir/src/iris_tool/mainwindow.cpp.o\x1b[0m\n'}
[0.701827] (-) TimerEvent: {}
[0.802403] (-) TimerEvent: {}
[0.902864] (-) TimerEvent: {}
[1.003415] (-) TimerEvent: {}
[1.103931] (-) TimerEvent: {}
[1.204425] (-) TimerEvent: {}
[1.304980] (-) TimerEvent: {}
[1.406021] (-) TimerEvent: {}
[1.506502] (-) TimerEvent: {}
[1.607020] (-) TimerEvent: {}
[1.711037] (-) TimerEvent: {}
[1.811654] (-) TimerEvent: {}
[1.912162] (-) TimerEvent: {}
[2.012608] (-) TimerEvent: {}
[2.113197] (-) TimerEvent: {}
[2.213740] (-) TimerEvent: {}
[2.314398] (-) TimerEvent: {}
[2.415228] (-) TimerEvent: {}
[2.516099] (-) TimerEvent: {}
[2.616850] (-) TimerEvent: {}
[2.717421] (-) TimerEvent: {}
[2.817953] (-) TimerEvent: {}
[2.918516] (-) TimerEvent: {}
[3.019088] (-) TimerEvent: {}
[3.119680] (-) TimerEvent: {}
[3.220317] (-) TimerEvent: {}
[3.321011] (-) TimerEvent: {}
[3.422292] (-) TimerEvent: {}
[3.522924] (-) TimerEvent: {}
[3.623515] (-) TimerEvent: {}
[3.724121] (-) TimerEvent: {}
[3.824812] (-) TimerEvent: {}
[3.925368] (-) TimerEvent: {}
[4.025851] (-) TimerEvent: {}
[4.126465] (-) TimerEvent: {}
[4.227146] (-) TimerEvent: {}
[4.327828] (-) TimerEvent: {}
[4.428348] (-) TimerEvent: {}
[4.528922] (-) TimerEvent: {}
[4.629493] (-) TimerEvent: {}
[4.730173] (-) TimerEvent: {}
[4.830915] (-) TimerEvent: {}
[4.931537] (-) TimerEvent: {}
[5.032105] (-) TimerEvent: {}
[5.132929] (-) TimerEvent: {}
[5.233624] (-) TimerEvent: {}
[5.334322] (-) TimerEvent: {}
[5.434819] (-) TimerEvent: {}
[5.535321] (-) TimerEvent: {}
[5.635799] (-) TimerEvent: {}
[5.736367] (-) TimerEvent: {}
[5.836884] (-) TimerEvent: {}
[5.937408] (-) TimerEvent: {}
[6.038015] (-) TimerEvent: {}
[6.138572] (-) TimerEvent: {}
[6.239055] (-) TimerEvent: {}
[6.339630] (-) TimerEvent: {}
[6.440114] (-) TimerEvent: {}
[6.540600] (-) TimerEvent: {}
[6.641128] (-) TimerEvent: {}
[6.741688] (-) TimerEvent: {}
[6.842178] (-) TimerEvent: {}
[6.942741] (-) TimerEvent: {}
[7.043285] (-) TimerEvent: {}
[7.143976] (-) TimerEvent: {}
[7.244664] (-) TimerEvent: {}
[7.345296] (-) TimerEvent: {}
[7.445893] (-) TimerEvent: {}
[7.546396] (-) TimerEvent: {}
[7.647029] (-) TimerEvent: {}
[7.747541] (-) TimerEvent: {}
[7.848100] (-) TimerEvent: {}
[7.948634] (-) TimerEvent: {}
[8.049190] (-) TimerEvent: {}
[8.144587] (test_tool) StderrLine: {'line': b'In file included from \x1b[01m\x1b[K/home/maddy/iris_test_tool/src/test_tool/src/iris_tool/mainwindow.cpp:1\x1b[m\x1b[K:\n'}
[8.145145] (test_tool) StderrLine: {'line': b'\x1b[01m\x1b[K/home/maddy/iris_test_tool/src/test_tool/include/test_tool/mainwindow.h:40:72:\x1b[m\x1b[K \x1b[01;31m\x1b[Kerror: \x1b[m\x1b[Kexpected \xe2\x80\x98\x1b[01m\x1b[K;\x1b[m\x1b[K\xe2\x80\x99 at end of member declaration\n'}
[8.145263] (test_tool) StderrLine: {'line': b'   40 |     void onLogReceived(const QString &msg,const QString &node,int level\x1b[01;31m\x1b[K)\x1b[m\x1b[K\n'}
[8.145371] (test_tool) StderrLine: {'line': b'      |                                                                        \x1b[01;31m\x1b[K^\x1b[m\x1b[K\n'}
[8.145474] (test_tool) StderrLine: {'line': b'      |                                                                         \x1b[32m\x1b[K;\x1b[m\x1b[K\n'}
[8.149376] (-) TimerEvent: {}
[8.229792] (test_tool) StderrLine: {'line': b'In file included from \x1b[01m\x1b[K/home/maddy/iris_test_tool/src/test_tool/src/iris_tool/main.cpp:1\x1b[m\x1b[K:\n'}
[8.230084] (test_tool) StderrLine: {'line': b'\x1b[01m\x1b[K/home/maddy/iris_test_tool/src/test_tool/include/test_tool/mainwindow.h:40:72:\x1b[m\x1b[K \x1b[01;31m\x1b[Kerror: \x1b[m\x1b[Kexpected \xe2\x80\x98\x1b[01m\x1b[K;\x1b[m\x1b[K\xe2\x80\x99 at end of member declaration\n'}
[8.230196] (test_tool) StderrLine: {'line': b'   40 |     void onLogReceived(const QString &msg,const QString &node,int level\x1b[01;31m\x1b[K)\x1b[m\x1b[K\n'}
[8.230323] (test_tool) StderrLine: {'line': b'      |                                                                        \x1b[01;31m\x1b[K^\x1b[m\x1b[K\n'}
[8.230433] (test_tool) StderrLine: {'line': b'      |                                                                         \x1b[32m\x1b[K;\x1b[m\x1b[K\n'}
[8.249594] (-) TimerEvent: {}
[8.347879] (test_tool) StderrLine: {'line': b'In file included from \x1b[01m\x1b[K/home/maddy/iris_test_tool/build/test_tool/test_tool_autogen/TSGLY7GWS2/moc_mainwindow.cpp:10\x1b[m\x1b[K,\n'}
[8.348167] (test_tool) StderrLine: {'line': b'                 from \x1b[01m\x1b[K/home/maddy/iris_test_tool/build/test_tool/test_tool_autogen/mocs_compilation.cpp:2\x1b[m\x1b[K:\n'}
[8.348280] (test_tool) StderrLine: {'line': b'\x1b[01m\x1b[K/home/maddy/iris_test_tool/build/test_tool/test_tool_autogen/TSGLY7GWS2/../../../../src/test_tool/include/test_tool/mainwindow.h:40:72:\x1b[m\x1b[K \x1b[01;31m\x1b[Kerror: \x1b[m\x1b[Kexpected \xe2\x80\x98\x1b[01m\x1b[K;\x1b[m\x1b[K\xe2\x80\x99 at end of member declaration\n'}
[8.348421] (test_tool) StderrLine: {'line': b'   40 |     void onLogReceived(const QString &msg,const QString &node,int level\x1b[01;31m\x1b[K)\x1b[m\x1b[K\n'}
[8.348528] (test_tool) StderrLine: {'line': b'      |                                                                        \x1b[01;31m\x1b[K^\x1b[m\x1b[K\n'}
[8.348631] (test_tool) StderrLine: {'line': b'      |                                                                         \x1b[32m\x1b[K;\x1b[m\x1b[K\n'}
[8.349707] (-) TimerEvent: {}
[8.450068] (-) TimerEvent: {}
[8.550713] (-) TimerEvent: {}
[8.651248] (-) TimerEvent: {}
[8.751727] (-) TimerEvent: {}
[8.852202] (-) TimerEvent: {}
[8.952745] (-) TimerEvent: {}
[9.053238] (-) TimerEvent: {}
[9.153767] (-) TimerEvent: {}
[9.254296] (-) TimerEvent: {}
[9.354858] (-) TimerEvent: {}
[9.440207] (test_tool) StderrLine: {'line': b'gmake[2]: *** [CMakeFiles/test_tool.dir/build.make:90: CMakeFiles/test_tool.dir/src/iris_tool/main.cpp.o] Error 1\n'}
[9.440473] (test_tool) StderrLine: {'line': b'gmake[2]: *** Waiting for unfinished jobs....\n'}
[9.455010] (-) TimerEvent: {}
[9.464678] (test_tool) StderrLine: {'line': b'gmake[2]: *** [CMakeFiles/test_tool.dir/build.make:76: CMakeFiles/test_tool.dir/test_tool_autogen/mocs_compilation.cpp.o] Error 1\n'}
[9.555191] (-) TimerEvent: {}
[9.638178] (test_tool) StderrLine: {'line': b'gmake[2]: *** [CMakeFiles/test_tool.dir/build.make:104: CMakeFiles/test_tool.dir/src/iris_tool/mainwindow.cpp.o] Error 1\n'}
[9.638731] (test_tool) StderrLine: {'line': b'gmake[1]: *** [CMakeFiles/Makefile2:144: CMakeFiles/test_tool.dir/all] Error 2\n'}
[9.639117] (test_tool) StderrLine: {'line': b'gmake: *** [Makefile:146: all] Error 2\n'}
[9.642767] (test_tool) CommandEnded: {'returncode': 2}
[9.655494] (-) TimerEvent: {}
[9.656404] (test_tool) JobEnded: {'identifier': 'test_tool', 'rc': 2}
[9.667814] (-) EventReactorShutdown: {}
