[0.000000] (-) TimerEvent: {}
[0.000306] (test_tool) JobQueued: {'identifier': 'test_tool', 'dependencies': OrderedDict()}
[0.000413] (test_tool) JobStarted: {'identifier': 'test_tool'}
[0.010725] (test_tool) JobProgress: {'identifier': 'test_tool', 'progress': 'cmake'}
[0.012138] (test_tool) Command: {'cmd': ['/usr/bin/cmake', '/home/maddy/iris_test_tool/src/test_tool', '-DCMAKE_EXPORT_COMPILE_COMMANDS=ON', '-DCMAKE_INSTALL_PREFIX=/home/maddy/iris_test_tool/install/test_tool'], 'cwd': '/home/maddy/iris_test_tool/build/test_tool', 'env': OrderedDict([('USER', 'maddy'), ('GIT_ASKPASS', '/usr/share/code/resources/app/extensions/git/dist/askpass.sh'), ('SHLVL', '2'), ('LD_LIBRARY_PATH', '/opt/ros/humble/opt/rviz_ogre_vendor/lib:/opt/ros/humble/lib/x86_64-linux-gnu:/opt/ros/humble/lib'), ('HOME', '/home/maddy'), ('OLDPWD', '/home/maddy/iris_test_tool'), ('LESS', '-R'), ('CHROME_DESKTOP', 'code.desktop'), ('TERM_PROGRAM_VERSION', '1.109.0'), ('ZSH', '/home/maddy/.oh-my-zsh'), ('LSCOLORS', 'exfxcxdxbxegedabagacad'), ('PAGER', 'less'), ('ROS_PYTHON_VERSION', '3'), ('VSCODE_GIT_ASKPASS_MAIN', '/usr/share/code/resources/app/extensions/git/dist/askpass-main.js'), ('GREP_COLORS', 'mt=1;33'), ('VSCODE_GIT_ASKPASS_NODE', '/usr/share/code/code'), ('DBUS_SESSION_BUS_ADDRESS', 'unix:path=/run/user/1000/bus'), ('WSL_DISTRO_NAME', 'Ubuntu-22.04'), ('COLORTERM', 'truecolor'), ('WAYLAND_DISPLAY', 'wayland-0'), ('ROS_DISTRO', 'humble'), ('LOGNAME', 'maddy'), ('PULSE_SERVER', 'unix:/mnt/wslg/PulseServer'), ('WSL_INTEROP', '/run/WSL/2387_interop'), ('NAME', 'RMCCORPDE-DT024'), ('_', '/usr/bin/colcon'), ('ROS_VERSION', '2'), ('TERM', 'xterm-256color'), ('ROS_LOCALHOST_ONLY', '0'), ('FC_FONTATIONS', '1'), ('PATH', '/opt/ros/humble/bin:/usr/local/sbin:/usr/local/bin:/usr/sbin:/usr/bin:/sbin:/bin:/usr/games:/usr/local/games:/usr/lib/wsl/lib:/mnt/c/Program Files/Common Files/Oracle/Java/javapath:/mnt/c/Program Files/Eclipse Adoptium/jdk-17.0.15.6-hotspot/bin:/mnt/c/Program Files (x86)/Common Files/Oracle/Java/java8path:/mnt/c/Program Files (x86)/Common Files/Oracle/Java/javapath:/mnt/c/Windows/system32:/mnt/c/Windows:/mnt/c/Windows/System32/Wbem:/mnt/c/Windows/System32/WindowsPowerShell/v1.0/:/mnt/c/Windows/System32/OpenSSH/:/mnt/c/Program Files/dotnet/:/mnt/c/Program Files/Git/cmd:/mnt/c/Program Files (x86)/Microsoft SQL Server/160/Tools/Binn/:/mnt/c/Program Files/Microsoft SQL Server/160/Tools/Binn/:/mnt/c/Program Files/Microsoft SQL Server/Client SDK/ODBC/170/Tools/Binn/:/mnt/c/Program Files/Microsoft SQL Server/160/DTS/Binn/:/mnt/c/Program Files (x86)/Windows Kits/10/Windows Performance Toolkit/:/mnt/c/Program Files/PostgreSQL/17/bin:/mnt/c/sonar-scanner-7.1.0.4889-windows-x64/bin:/mnt/c/msys64/mingw64/bin:/mnt/c/Program Files/CMake/bin:/mnt/c/Users/RMCPDEDT024/AppData/Local/Programs/Python/Python313/Scripts/:/mnt/c/Users/RMCPDEDT024/AppData/Local/Programs/Python/Python313/:/mnt/c/Users/RMCPDEDT024/AppData/Local/Programs/Python/Launcher/:/mnt/c/Users/RMCPDEDT024/AppData/Local/Microsoft/WindowsApps:/mnt/c/Users/RMCPDEDT024/AppData/Local/Programs/Microsoft VS Code/bin:/mnt/c/Users/RMCPDEDT024/AppData/Local/Python/bin'), ('XDG_RUNTIME_DIR', '/run/user/1000/'), ('GDK_BACKEND', 'x11'), ('DISPLAY', ':0'), ('LANG', 'en_US.UTF-8'), ('LS_COLORS', 'di=34;40:ln=35;40:so=32;40:pi=33;40:ex=31;40:bd=34;46:cd=34;43:su=0;41:sg=0;46:tw=0;42:ow=0;43:'), ('TERM_PROGRAM', 'vscode'), ('VSCODE_GIT_IPC_HANDLE', '/run/user/1000/vscode-git-8e6c4ec60b.sock'), ('AMENT_PREFIX_PATH', '/opt/ros/humble'), ('SHELL', '/usr/bin/zsh'), ('NO_AT_BRIDGE', '1'), ('VSCODE_GIT_ASKPASS_EXTRA_ARGS', ''), ('VSCODE_NONCE', 'd336fd5a-8bc5-49ec-8d10-b780437ac9a0'), ('PWD', '/home/maddy/iris_test_tool/build/test_tool'), ('PYTHONPATH', '/opt/ros/humble/lib/python3.10/site-packages:/opt/ros/humble/local/lib/python3.10/dist-packages'), ('COLCON', '1'), ('HOSTTYPE', 'x86_64'), ('WSL2_GUI_APPS_ENABLED', '1'), ('WSLENV', ''), ('CMAKE_PREFIX_PATH', '/opt/ros/humble')]), 'shell': False}
[0.047353] (test_tool) StdoutLine: {'line': b'-- Found ament_cmake: 1.3.12 (/opt/ros/humble/share/ament_cmake/cmake)\n'}
[0.098576] (-) TimerEvent: {}
[0.199110] (-) TimerEvent: {}
[0.299627] (-) TimerEvent: {}
[0.310324] (test_tool) StdoutLine: {'line': b'-- Found rclcpp: 16.0.17 (/opt/ros/humble/share/rclcpp/cmake)\n'}
[0.399769] (-) TimerEvent: {}
[0.500298] (-) TimerEvent: {}
[0.600869] (-) TimerEvent: {}
[0.701413] (-) TimerEvent: {}
[0.702837] (test_tool) StdoutLine: {'line': b'-- Found rosidl_generator_c: 3.1.8 (/opt/ros/humble/share/rosidl_generator_c/cmake)\n'}
[0.709338] (test_tool) StdoutLine: {'line': b'-- Found rosidl_adapter: 3.1.8 (/opt/ros/humble/share/rosidl_adapter/cmake)\n'}
[0.732154] (test_tool) StdoutLine: {'line': b'-- Found rosidl_generator_cpp: 3.1.8 (/opt/ros/humble/share/rosidl_generator_cpp/cmake)\n'}
[0.756705] (test_tool) StdoutLine: {'line': b'-- Using all available rosidl_typesupport_c: rosidl_typesupport_fastrtps_c;rosidl_typesupport_introspection_c\n'}
[0.791227] (test_tool) StdoutLine: {'line': b'-- Using all available rosidl_typesupport_cpp: rosidl_typesupport_fastrtps_cpp;rosidl_typesupport_introspection_cpp\n'}
[0.801578] (-) TimerEvent: {}
[0.893180] (test_tool) StdoutLine: {'line': b'-- Found rmw_implementation_cmake: 6.1.2 (/opt/ros/humble/share/rmw_implementation_cmake/cmake)\n'}
[0.897617] (test_tool) StdoutLine: {'line': b'-- Found rmw_fastrtps_cpp: 6.2.9 (/opt/ros/humble/share/rmw_fastrtps_cpp/cmake)\n'}
[0.901731] (-) TimerEvent: {}
[1.002134] (-) TimerEvent: {}
[1.102618] (-) TimerEvent: {}
[1.203110] (-) TimerEvent: {}
[1.303577] (-) TimerEvent: {}
[1.404037] (-) TimerEvent: {}
[1.504485] (-) TimerEvent: {}
[1.604931] (-) TimerEvent: {}
[1.705391] (-) TimerEvent: {}
[1.805881] (-) TimerEvent: {}
[1.906322] (-) TimerEvent: {}
[2.006800] (-) TimerEvent: {}
[2.107233] (-) TimerEvent: {}
[2.207669] (-) TimerEvent: {}
[2.308110] (-) TimerEvent: {}
[2.408620] (-) TimerEvent: {}
[2.509055] (-) TimerEvent: {}
[2.609585] (-) TimerEvent: {}
[2.710033] (-) TimerEvent: {}
[2.810555] (-) TimerEvent: {}
[2.911027] (-) TimerEvent: {}
[3.011491] (-) TimerEvent: {}
[3.111973] (-) TimerEvent: {}
[3.212432] (-) TimerEvent: {}
[3.312900] (-) TimerEvent: {}
[3.413345] (-) TimerEvent: {}
[3.513832] (-) TimerEvent: {}
[3.614317] (-) TimerEvent: {}
[3.714779] (-) TimerEvent: {}
[3.815231] (-) TimerEvent: {}
[3.915679] (-) TimerEvent: {}
[4.016160] (-) TimerEvent: {}
[4.116587] (-) TimerEvent: {}
[4.217105] (-) TimerEvent: {}
[4.317609] (-) TimerEvent: {}
[4.418128] (-) TimerEvent: {}
[4.518621] (-) TimerEvent: {}
[4.619116] (-) TimerEvent: {}
[4.719554] (-) TimerEvent: {}
[4.820005] (-) TimerEvent: {}
[4.920459] (-) TimerEvent: {}
[5.020896] (-) TimerEvent: {}
[5.121380] (-) TimerEvent: {}
[5.221927] (-) TimerEvent: {}
[5.322373] (-) TimerEvent: {}
[5.422803] (-) TimerEvent: {}
[5.523327] (-) TimerEvent: {}
[5.623921] (-) TimerEvent: {}
[5.724375] (-) TimerEvent: {}
[5.824839] (-) TimerEvent: {}
[5.925319] (-) TimerEvent: {}
[6.025791] (-) TimerEvent: {}
[6.126216] (-) TimerEvent: {}
[6.226693] (-) TimerEvent: {}
[6.327148] (-) TimerEvent: {}
[6.427620] (-) TimerEvent: {}
[6.528092] (-) TimerEvent: {}
[6.628550] (-) TimerEvent: {}
[6.728995] (-) TimerEvent: {}
[6.829477] (-) TimerEvent: {}
[6.930049] (-) TimerEvent: {}
[7.030483] (-) TimerEvent: {}
[7.130922] (-) TimerEvent: {}
[7.231410] (-) TimerEvent: {}
[7.331824] (-) TimerEvent: {}
[7.432266] (-) TimerEvent: {}
[7.532729] (-) TimerEvent: {}
[7.633205] (-) TimerEvent: {}
[7.734585] (-) TimerEvent: {}
[7.835075] (-) TimerEvent: {}
[7.935494] (-) TimerEvent: {}
[8.035965] (-) TimerEvent: {}
[8.136431] (-) TimerEvent: {}
[8.236921] (-) TimerEvent: {}
[8.337429] (-) TimerEvent: {}
[8.437888] (-) TimerEvent: {}
[8.538394] (-) TimerEvent: {}
[8.638941] (-) TimerEvent: {}
[8.739393] (-) TimerEvent: {}
[8.839856] (-) TimerEvent: {}
[8.940305] (-) TimerEvent: {}
[9.040827] (-) TimerEvent: {}
[9.141270] (-) TimerEvent: {}
[9.241715] (-) TimerEvent: {}
[9.342156] (-) TimerEvent: {}
[9.442624] (-) TimerEvent: {}
[9.543106] (-) TimerEvent: {}
[9.643605] (-) TimerEvent: {}
[9.744095] (-) TimerEvent: {}
[9.844542] (-) TimerEvent: {}
[9.853131] (test_tool) StdoutLine: {'line': b"-- Using RMW implementation 'rmw_fastrtps_cpp' as default\n"}
[9.944724] (-) TimerEvent: {}
[9.984892] (test_tool) StdoutLine: {'line': b'-- Found sensor_msgs: 4.9.0 (/opt/ros/humble/share/sensor_msgs/cmake)\n'}
[10.044959] (-) TimerEvent: {}
[10.145446] (-) TimerEvent: {}
[10.245996] (-) TimerEvent: {}
[10.346438] (-) TimerEvent: {}
[10.446870] (-) TimerEvent: {}
[10.547376] (-) TimerEvent: {}
[10.549988] (test_tool) StdoutLine: {'line': b'-- Found ament_lint_auto: 0.12.14 (/opt/ros/humble/share/ament_lint_auto/cmake)\n'}
[10.647536] (-) TimerEvent: {}
[10.675176] (test_tool) StdoutLine: {'line': b"-- Added test 'cppcheck' to perform static code analysis on C / C++ code\n"}
[10.675723] (test_tool) StdoutLine: {'line': b'-- Configured cppcheck include dirs: /home/maddy/iris_test_tool/src/test_tool/include/test_tool\n'}
[10.675858] (test_tool) StdoutLine: {'line': b'-- Configured cppcheck exclude dirs and/or files: \n'}
[10.677969] (test_tool) StdoutLine: {'line': b"-- Added test 'lint_cmake' to check CMake code style\n"}
[10.680761] (test_tool) StdoutLine: {'line': b"-- Added test 'uncrustify' to check C / C++ code style\n"}
[10.680983] (test_tool) StdoutLine: {'line': b'-- Configured uncrustify additional arguments: \n'}
[10.681851] (test_tool) StdoutLine: {'line': b"-- Added test 'xmllint' to check XML markup files\n"}
[10.683822] (test_tool) StdoutLine: {'line': b'-- Configuring done\n'}
[10.747678] (-) TimerEvent: {}
[10.821722] (test_tool) StdoutLine: {'line': b'-- Generating done\n'}
[10.834584] (test_tool) StdoutLine: {'line': b'-- Build files have been written to: /home/maddy/iris_test_tool/build/test_tool\n'}
[10.847809] (-) TimerEvent: {}
[10.848709] (test_tool) CommandEnded: {'returncode': 0}
[10.852041] (test_tool) JobProgress: {'identifier': 'test_tool', 'progress': 'build'}
[10.852122] (test_tool) Command: {'cmd': ['/usr/bin/cmake', '--build', '/home/maddy/iris_test_tool/build/test_tool', '--', '-j8', '-l8'], 'cwd': '/home/maddy/iris_test_tool/build/test_tool', 'env': OrderedDict([('USER', 'maddy'), ('GIT_ASKPASS', '/usr/share/code/resources/app/extensions/git/dist/askpass.sh'), ('SHLVL', '2'), ('LD_LIBRARY_PATH', '/opt/ros/humble/opt/rviz_ogre_vendor/lib:/opt/ros/humble/lib/x86_64-linux-gnu:/opt/ros/humble/lib'), ('HOME', '/home/maddy'), ('OLDPWD', '/home/maddy/iris_test_tool'), ('LESS', '-R'), ('CHROME_DESKTOP', 'code.desktop'), ('TERM_PROGRAM_VERSION', '1.109.0'), ('ZSH', '/home/maddy/.oh-my-zsh'), ('LSCOLORS', 'exfxcxdxbxegedabagacad'), ('PAGER', 'less'), ('ROS_PYTHON_VERSION', '3'), ('VSCODE_GIT_ASKPASS_MAIN', '/usr/share/code/resources/app/extensions/git/dist/askpass-main.js'), ('GREP_COLORS', 'mt=1;33'), ('VSCODE_GIT_ASKPASS_NODE', '/usr/share/code/code'), ('DBUS_SESSION_BUS_ADDRESS', 'unix:path=/run/user/1000/bus'), ('WSL_DISTRO_NAME', 'Ubuntu-22.04'), ('COLORTERM', 'truecolor'), ('WAYLAND_DISPLAY', 'wayland-0'), ('ROS_DISTRO', 'humble'), ('LOGNAME', 'maddy'), ('PULSE_SERVER', 'unix:/mnt/wslg/PulseServer'), ('WSL_INTEROP', '/run/WSL/2387_interop'), ('NAME', 'RMCCORPDE-DT024'), ('_', '/usr/bin/colcon'), ('ROS_VERSION', '2'), ('TERM', 'xterm-256color'), ('ROS_LOCALHOST_ONLY', '0'), ('FC_FONTATIONS', '1'), ('PATH', '/opt/ros/humble/bin:/usr/local/sbin:/usr/local/bin:/usr/sbin:/usr/bin:/sbin:/bin:/usr/games:/usr/local/games:/usr/lib/wsl/lib:/mnt/c/Program Files/Common Files/Oracle/Java/javapath:/mnt/c/Program Files/Eclipse Adoptium/jdk-17.0.15.6-hotspot/bin:/mnt/c/Program Files (x86)/Common Files/Oracle/Java/java8path:/mnt/c/Program Files (x86)/Common Files/Oracle/Java/javapath:/mnt/c/Windows/system32:/mnt/c/Windows:/mnt/c/Windows/System32/Wbem:/mnt/c/Windows/System32/WindowsPowerShell/v1.0/:/mnt/c/Windows/System32/OpenSSH/:/mnt/c/Program Files/dotnet/:/mnt/c/Program Files/Git/cmd:/mnt/c/Program Files (x86)/Microsoft SQL Server/160/Tools/Binn/:/mnt/c/Program Files/Microsoft SQL Server/160/Tools/Binn/:/mnt/c/Program Files/Microsoft SQL Server/Client SDK/ODBC/170/Tools/Binn/:/mnt/c/Program Files/Microsoft SQL Server/160/DTS/Binn/:/mnt/c/Program Files (x86)/Windows Kits/10/Windows Performance Toolkit/:/mnt/c/Program Files/PostgreSQL/17/bin:/mnt/c/sonar-scanner-7.1.0.4889-windows-x64/bin:/mnt/c/msys64/mingw64/bin:/mnt/c/Program Files/CMake/bin:/mnt/c/Users/RMCPDEDT024/AppData/Local/Programs/Python/Python313/Scripts/:/mnt/c/Users/RMCPDEDT024/AppData/Local/Programs/Python/Python313/:/mnt/c/Users/RMCPDEDT024/AppData/Local/Programs/Python/Launcher/:/mnt/c/Users/RMCPDEDT024/AppData/Local/Microsoft/WindowsApps:/mnt/c/Users/RMCPDEDT024/AppData/Local/Programs/Microsoft VS Code/bin:/mnt/c/Users/RMCPDEDT024/AppData/Local/Python/bin'), ('XDG_RUNTIME_DIR', '/run/user/1000/'), ('GDK_BACKEND', 'x11'), ('DISPLAY', ':0'), ('LANG', 'en_US.UTF-8'), ('LS_COLORS', 'di=34;40:ln=35;40:so=32;40:pi=33;40:ex=31;40:bd=34;46:cd=34;43:su=0;41:sg=0;46:tw=0;42:ow=0;43:'), ('TERM_PROGRAM', 'vscode'), ('VSCODE_GIT_IPC_HANDLE', '/run/user/1000/vscode-git-8e6c4ec60b.sock'), ('AMENT_PREFIX_PATH', '/opt/ros/humble'), ('SHELL', '/usr/bin/zsh'), ('NO_AT_BRIDGE', '1'), ('VSCODE_GIT_ASKPASS_EXTRA_ARGS', ''), ('VSCODE_NONCE', 'd336fd5a-8bc5-49ec-8d10-b780437ac9a0'), ('PWD', '/home/maddy/iris_test_tool/build/test_tool'), ('PYTHONPATH', '/opt/ros/humble/lib/python3.10/site-packages:/opt/ros/humble/local/lib/python3.10/dist-packages'), ('COLCON', '1'), ('HOSTTYPE', 'x86_64'), ('WSL2_GUI_APPS_ENABLED', '1'), ('WSLENV', ''), ('CMAKE_PREFIX_PATH', '/opt/ros/humble')]), 'shell': False}
[10.924286] (test_tool) StdoutLine: {'line': b'[  7%] \x1b[34m\x1b[1mAutomatic MOC and UIC for target test_tool\x1b[0m\n'}
[10.926927] (test_tool) StdoutLine: {'line': b'[ 23%] \x1b[34m\x1b[1mAutomatic MOC and UIC for target dummy_test_1\x1b[0m\n'}
[10.927205] (test_tool) StdoutLine: {'line': b'[ 23%] \x1b[34m\x1b[1mAutomatic MOC and UIC for target dummy_test\x1b[0m\n'}
[10.947985] (-) TimerEvent: {}
[10.956200] (test_tool) StdoutLine: {'line': b'[ 23%] Built target dummy_test_1_autogen\n'}
[10.957587] (test_tool) StdoutLine: {'line': b'[ 23%] Built target dummy_test_autogen\n'}
[10.978024] (test_tool) StdoutLine: {'line': b'\x1b[35m\x1b[1mConsolidate compiler generated dependencies of target dummy_test_1\x1b[0m\n'}
[10.979211] (test_tool) StdoutLine: {'line': b'\x1b[35m\x1b[1mConsolidate compiler generated dependencies of target dummy_test\x1b[0m\n'}
[11.013900] (test_tool) StdoutLine: {'line': b'[ 46%] Built target dummy_test\n'}
[11.016943] (test_tool) StdoutLine: {'line': b'[ 69%] Built target dummy_test_1\n'}
[11.048163] (-) TimerEvent: {}
[11.148631] (-) TimerEvent: {}
[11.249075] (-) TimerEvent: {}
[11.349688] (-) TimerEvent: {}
[11.450362] (-) TimerEvent: {}
[11.484511] (test_tool) StdoutLine: {'line': b'[ 69%] Built target test_tool_autogen\n'}
[11.503859] (test_tool) StdoutLine: {'line': b'\x1b[35m\x1b[1mConsolidate compiler generated dependencies of target test_tool\x1b[0m\n'}
[11.536882] (test_tool) StdoutLine: {'line': b'[ 76%] \x1b[32mBuilding CXX object CMakeFiles/test_tool.dir/src/iris_tool/main.cpp.o\x1b[0m\n'}
[11.538592] (test_tool) StdoutLine: {'line': b'[ 84%] \x1b[32mBuilding CXX object CMakeFiles/test_tool.dir/test_tool_autogen/mocs_compilation.cpp.o\x1b[0m\n'}
[11.542925] (test_tool) StdoutLine: {'line': b'[ 92%] \x1b[32mBuilding CXX object CMakeFiles/test_tool.dir/src/iris_tool/mainwindow.cpp.o\x1b[0m\n'}
[11.550524] (-) TimerEvent: {}
[11.651097] (-) TimerEvent: {}
[11.751559] (-) TimerEvent: {}
[11.851992] (-) TimerEvent: {}
[11.952461] (-) TimerEvent: {}
[12.052981] (-) TimerEvent: {}
[12.153583] (-) TimerEvent: {}
[12.254060] (-) TimerEvent: {}
[12.354551] (-) TimerEvent: {}
[12.455042] (-) TimerEvent: {}
[12.555662] (-) TimerEvent: {}
[12.656128] (-) TimerEvent: {}
[12.756611] (-) TimerEvent: {}
[12.857134] (-) TimerEvent: {}
[12.957659] (-) TimerEvent: {}
[13.058288] (-) TimerEvent: {}
[13.158779] (-) TimerEvent: {}
[13.259227] (-) TimerEvent: {}
[13.359772] (-) TimerEvent: {}
[13.460294] (-) TimerEvent: {}
[13.560736] (-) TimerEvent: {}
[13.661234] (-) TimerEvent: {}
[13.761802] (-) TimerEvent: {}
[13.862312] (-) TimerEvent: {}
[13.962793] (-) TimerEvent: {}
[14.063293] (-) TimerEvent: {}
[14.163873] (-) TimerEvent: {}
[14.264403] (-) TimerEvent: {}
[14.364949] (-) TimerEvent: {}
[14.465586] (-) TimerEvent: {}
[14.566050] (-) TimerEvent: {}
[14.666573] (-) TimerEvent: {}
[14.767044] (-) TimerEvent: {}
[14.867520] (-) TimerEvent: {}
[14.967997] (-) TimerEvent: {}
[15.068486] (-) TimerEvent: {}
[15.168970] (-) TimerEvent: {}
[15.269511] (-) TimerEvent: {}
[15.369974] (-) TimerEvent: {}
[15.470484] (-) TimerEvent: {}
[15.570967] (-) TimerEvent: {}
[15.671522] (-) TimerEvent: {}
[15.772106] (-) TimerEvent: {}
[15.872632] (-) TimerEvent: {}
[15.973099] (-) TimerEvent: {}
[16.073625] (-) TimerEvent: {}
[16.174117] (-) TimerEvent: {}
[16.274611] (-) TimerEvent: {}
[16.375097] (-) TimerEvent: {}
[16.475569] (-) TimerEvent: {}
[16.576070] (-) TimerEvent: {}
[16.676565] (-) TimerEvent: {}
[16.777119] (-) TimerEvent: {}
[16.877657] (-) TimerEvent: {}
[16.978113] (-) TimerEvent: {}
[17.078587] (-) TimerEvent: {}
[17.179131] (-) TimerEvent: {}
[17.279649] (-) TimerEvent: {}
[17.380195] (-) TimerEvent: {}
[17.480675] (-) TimerEvent: {}
[17.581184] (-) TimerEvent: {}
[17.681845] (-) TimerEvent: {}
[17.782362] (-) TimerEvent: {}
[17.882865] (-) TimerEvent: {}
[17.983472] (-) TimerEvent: {}
[18.084067] (-) TimerEvent: {}
[18.184678] (-) TimerEvent: {}
[18.285248] (-) TimerEvent: {}
[18.385750] (-) TimerEvent: {}
[18.486255] (-) TimerEvent: {}
[18.586706] (-) TimerEvent: {}
[18.687223] (-) TimerEvent: {}
[18.787786] (-) TimerEvent: {}
[18.888277] (-) TimerEvent: {}
[18.988782] (-) TimerEvent: {}
[19.089299] (-) TimerEvent: {}
[19.189812] (-) TimerEvent: {}
[19.259908] (test_tool) StderrLine: {'line': b'\x1b[01m\x1b[K/home/maddy/iris_test_tool/src/test_tool/src/iris_tool/mainwindow.cpp:10:37:\x1b[m\x1b[K \x1b[01;31m\x1b[Kerror: \x1b[m\x1b[Kexpected \xe2\x80\x98\x1b[01m\x1b[K;\x1b[m\x1b[K\xe2\x80\x99 before \xe2\x80\x98\x1b[01m\x1b[KMainWindow\x1b[m\x1b[K\xe2\x80\x99\n'}
[19.260344] (test_tool) StderrLine: {'line': b'   10 | using namespace std::chrono_literals\n'}
[19.260548] (test_tool) StderrLine: {'line': b'      |                                     \x1b[01;31m\x1b[K^\x1b[m\x1b[K\n'}
[19.260739] (test_tool) StderrLine: {'line': b'      |                                     \x1b[32m\x1b[K;\x1b[m\x1b[K\n'}
[19.260882] (test_tool) StderrLine: {'line': b'   11 | \n'}
[19.260987] (test_tool) StderrLine: {'line': b'   12 | \x1b[32m\x1b[KMainWindow\x1b[m\x1b[K::MainWindow(QWidget *parent)\n'}
[19.261090] (test_tool) StderrLine: {'line': b'      | \x1b[32m\x1b[K~~~~~~~~~~\x1b[m\x1b[K                           \n'}
[19.272310] (test_tool) StderrLine: {'line': b'\x1b[01m\x1b[K/home/maddy/iris_test_tool/src/test_tool/src/iris_tool/mainwindow.cpp:\x1b[m\x1b[K In member function \xe2\x80\x98\x1b[01m\x1b[Kvoid MainWindow::onItemChanged(QListWidgetItem*, rcl_interfaces::msg::Log_<std::allocator<void> >::SharedPtr)\x1b[m\x1b[K\xe2\x80\x99:\n'}
[19.272642] (test_tool) StderrLine: {'line': b'\x1b[01m\x1b[K/home/maddy/iris_test_tool/src/test_tool/src/iris_tool/mainwindow.cpp:110:41:\x1b[m\x1b[K \x1b[01;31m\x1b[Kerror: \x1b[m\x1b[K\xe2\x80\x98\x1b[01m\x1b[Kbegin\x1b[m\x1b[K\xe2\x80\x99 was not declared in this scope; did you mean \xe2\x80\x98\x1b[01m\x1b[Kstd::begin\x1b[m\x1b[K\xe2\x80\x99?\n'}
[19.272759] (test_tool) StderrLine: {'line': b'  110 |     for (const QString &selected_node : \x1b[01;31m\x1b[Knodes\x1b[m\x1b[K) {\n'}
[19.272864] (test_tool) StderrLine: {'line': b'      |                                         \x1b[01;31m\x1b[K^~~~~\x1b[m\x1b[K\n'}
[19.273036] (test_tool) StderrLine: {'line': b'      |                                         \x1b[32m\x1b[Kstd::begin\x1b[m\x1b[K\n'}
[19.273586] (test_tool) StderrLine: {'line': b'In file included from \x1b[01m\x1b[K/usr/include/c++/11/array:41\x1b[m\x1b[K,\n'}
[19.273715] (test_tool) StderrLine: {'line': b'                 from \x1b[01m\x1b[K/usr/include/c++/11/tuple:39\x1b[m\x1b[K,\n'}
[19.273819] (test_tool) StderrLine: {'line': b'                 from \x1b[01m\x1b[K/usr/include/c++/11/functional:54\x1b[m\x1b[K,\n'}
[19.274033] (test_tool) StderrLine: {'line': b'                 from \x1b[01m\x1b[K/usr/include/c++/11/pstl/glue_algorithm_defs.h:13\x1b[m\x1b[K,\n'}
[19.274412] (test_tool) StderrLine: {'line': b'                 from \x1b[01m\x1b[K/usr/include/c++/11/algorithm:74\x1b[m\x1b[K,\n'}
[19.274528] (test_tool) StderrLine: {'line': b'                 from \x1b[01m\x1b[K/usr/include/x86_64-linux-gnu/qt6/QtCore/qglobal.h:137\x1b[m\x1b[K,\n'}
[19.274632] (test_tool) StderrLine: {'line': b'                 from \x1b[01m\x1b[K/usr/include/x86_64-linux-gnu/qt6/QtGui/qtguiglobal.h:43\x1b[m\x1b[K,\n'}
[19.274744] (test_tool) StderrLine: {'line': b'                 from \x1b[01m\x1b[K/usr/include/x86_64-linux-gnu/qt6/QtWidgets/qtwidgetsglobal.h:43\x1b[m\x1b[K,\n'}
[19.274845] (test_tool) StderrLine: {'line': b'                 from \x1b[01m\x1b[K/usr/include/x86_64-linux-gnu/qt6/QtWidgets/qmainwindow.h:43\x1b[m\x1b[K,\n'}
[19.274945] (test_tool) StderrLine: {'line': b'                 from \x1b[01m\x1b[K/usr/include/x86_64-linux-gnu/qt6/QtWidgets/QMainWindow:1\x1b[m\x1b[K,\n'}
[19.275044] (test_tool) StderrLine: {'line': b'                 from \x1b[01m\x1b[K/home/maddy/iris_test_tool/src/test_tool/include/test_tool/mainwindow.h:4\x1b[m\x1b[K,\n'}
[19.275144] (test_tool) StderrLine: {'line': b'                 from \x1b[01m\x1b[K/home/maddy/iris_test_tool/src/test_tool/src/iris_tool/mainwindow.cpp:1\x1b[m\x1b[K:\n'}
[19.275243] (test_tool) StderrLine: {'line': b'\x1b[01m\x1b[K/usr/include/c++/11/bits/range_access.h:108:37:\x1b[m\x1b[K \x1b[01;36m\x1b[Knote: \x1b[m\x1b[K\xe2\x80\x98\x1b[01m\x1b[Kstd::begin\x1b[m\x1b[K\xe2\x80\x99 declared here\n'}
[19.275344] (test_tool) StderrLine: {'line': b'  108 |   template<typename _Tp> const _Tp* \x1b[01;36m\x1b[Kbegin\x1b[m\x1b[K(const valarray<_Tp>&) noexcept;\n'}
[19.275443] (test_tool) StderrLine: {'line': b'      |                                     \x1b[01;36m\x1b[K^~~~~\x1b[m\x1b[K\n'}
[19.275541] (test_tool) StderrLine: {'line': b'\x1b[01m\x1b[K/home/maddy/iris_test_tool/src/test_tool/src/iris_tool/mainwindow.cpp:110:41:\x1b[m\x1b[K \x1b[01;31m\x1b[Kerror: \x1b[m\x1b[K\xe2\x80\x98\x1b[01m\x1b[Kend\x1b[m\x1b[K\xe2\x80\x99 was not declared in this scope; did you mean \xe2\x80\x98\x1b[01m\x1b[Kstd::end\x1b[m\x1b[K\xe2\x80\x99?\n'}
[19.275643] (test_tool) StderrLine: {'line': b'  110 |     for (const QString &selected_node : \x1b[01;31m\x1b[Knodes\x1b[m\x1b[K) {\n'}
[19.275741] (test_tool) StderrLine: {'line': b'      |                                         \x1b[01;31m\x1b[K^~~~~\x1b[m\x1b[K\n'}
[19.275839] (test_tool) StderrLine: {'line': b'      |                                         \x1b[32m\x1b[Kstd::end\x1b[m\x1b[K\n'}
[19.275938] (test_tool) StderrLine: {'line': b'In file included from \x1b[01m\x1b[K/usr/include/c++/11/array:41\x1b[m\x1b[K,\n'}
[19.276036] (test_tool) StderrLine: {'line': b'                 from \x1b[01m\x1b[K/usr/include/c++/11/tuple:39\x1b[m\x1b[K,\n'}
[19.276136] (test_tool) StderrLine: {'line': b'                 from \x1b[01m\x1b[K/usr/include/c++/11/functional:54\x1b[m\x1b[K,\n'}
[19.276234] (test_tool) StderrLine: {'line': b'                 from \x1b[01m\x1b[K/usr/include/c++/11/pstl/glue_algorithm_defs.h:13\x1b[m\x1b[K,\n'}
[19.276333] (test_tool) StderrLine: {'line': b'                 from \x1b[01m\x1b[K/usr/include/c++/11/algorithm:74\x1b[m\x1b[K,\n'}
[19.276431] (test_tool) StderrLine: {'line': b'                 from \x1b[01m\x1b[K/usr/include/x86_64-linux-gnu/qt6/QtCore/qglobal.h:137\x1b[m\x1b[K,\n'}
[19.276529] (test_tool) StderrLine: {'line': b'                 from \x1b[01m\x1b[K/usr/include/x86_64-linux-gnu/qt6/QtGui/qtguiglobal.h:43\x1b[m\x1b[K,\n'}
[19.276663] (test_tool) StderrLine: {'line': b'                 from \x1b[01m\x1b[K/usr/include/x86_64-linux-gnu/qt6/QtWidgets/qtwidgetsglobal.h:43\x1b[m\x1b[K,\n'}
[19.276774] (test_tool) StderrLine: {'line': b'                 from \x1b[01m\x1b[K/usr/include/x86_64-linux-gnu/qt6/QtWidgets/qmainwindow.h:43\x1b[m\x1b[K,\n'}
[19.276873] (test_tool) StderrLine: {'line': b'                 from \x1b[01m\x1b[K/usr/include/x86_64-linux-gnu/qt6/QtWidgets/QMainWindow:1\x1b[m\x1b[K,\n'}
[19.276972] (test_tool) StderrLine: {'line': b'                 from \x1b[01m\x1b[K/home/maddy/iris_test_tool/src/test_tool/include/test_tool/mainwindow.h:4\x1b[m\x1b[K,\n'}
[19.277083] (test_tool) StderrLine: {'line': b'                 from \x1b[01m\x1b[K/home/maddy/iris_test_tool/src/test_tool/src/iris_tool/mainwindow.cpp:1\x1b[m\x1b[K:\n'}
[19.277181] (test_tool) StderrLine: {'line': b'\x1b[01m\x1b[K/usr/include/c++/11/bits/range_access.h:110:37:\x1b[m\x1b[K \x1b[01;36m\x1b[Knote: \x1b[m\x1b[K\xe2\x80\x98\x1b[01m\x1b[Kstd::end\x1b[m\x1b[K\xe2\x80\x99 declared here\n'}
[19.277289] (test_tool) StderrLine: {'line': b'  110 |   template<typename _Tp> const _Tp* \x1b[01;36m\x1b[Kend\x1b[m\x1b[K(const valarray<_Tp>&) noexcept;\n'}
[19.277389] (test_tool) StderrLine: {'line': b'      |                                     \x1b[01;36m\x1b[K^~~\x1b[m\x1b[K\n'}
[19.277521] (test_tool) StderrLine: {'line': b'\x1b[01m\x1b[K/home/maddy/iris_test_tool/src/test_tool/src/iris_tool/mainwindow.cpp:112:63:\x1b[m\x1b[K \x1b[01;31m\x1b[Kerror: \x1b[m\x1b[Krequest for member \xe2\x80\x98\x1b[01m\x1b[KindexOf\x1b[m\x1b[K\xe2\x80\x99 in \xe2\x80\x98\x1b[01m\x1b[K((MainWindow*)this)->MainWindow::nodes\x1b[m\x1b[K\xe2\x80\x99, which is of pointer type \xe2\x80\x98\x1b[01m\x1b[KQStringList*\x1b[m\x1b[K\xe2\x80\x99 {aka \xe2\x80\x98\x1b[01m\x1b[KQList<QString>*\x1b[m\x1b[K\xe2\x80\x99} (maybe you meant to use \xe2\x80\x98\x1b[01m\x1b[K->\x1b[m\x1b[K\xe2\x80\x99 ?)\n'}
[19.277652] (test_tool) StderrLine: {'line': b'  112 |         QListWidgetItem *listItem = ui->node_list->item(nodes.\x1b[01;31m\x1b[KindexOf\x1b[m\x1b[K(selected_node));\n'}
[19.277752] (test_tool) StderrLine: {'line': b'      |                                                               \x1b[01;31m\x1b[K^~~~~~~\x1b[m\x1b[K\n'}
[19.277875] (test_tool) StderrLine: {'line': b'\x1b[01m\x1b[K/home/maddy/iris_test_tool/src/test_tool/src/iris_tool/mainwindow.cpp:107:9:\x1b[m\x1b[K \x1b[01;35m\x1b[Kwarning: \x1b[m\x1b[Kunused variable \xe2\x80\x98\x1b[01m\x1b[Kindex\x1b[m\x1b[K\xe2\x80\x99 [\x1b[01;35m\x1b[K\x1b]8;;https://gcc.gnu.org/onlinedocs/gcc/Warning-Options.html#index-Wunused-variable\x07-Wunused-variable\x1b]8;;\x07\x1b[m\x1b[K]\n'}
[19.277984] (test_tool) StderrLine: {'line': b'  107 |     int \x1b[01;35m\x1b[Kindex\x1b[m\x1b[K ;\n'}
[19.278083] (test_tool) StderrLine: {'line': b'      |         \x1b[01;35m\x1b[K^~~~~\x1b[m\x1b[K\n'}
[19.289980] (-) TimerEvent: {}
[19.390430] (-) TimerEvent: {}
[19.490904] (-) TimerEvent: {}
[19.591389] (-) TimerEvent: {}
[19.653158] (test_tool) StderrLine: {'line': b'In file included from \x1b[01m\x1b[K/usr/include/x86_64-linux-gnu/qt6/QtWidgets/qwidget.h:45\x1b[m\x1b[K,\n'}
[19.653427] (test_tool) StderrLine: {'line': b'                 from \x1b[01m\x1b[K/usr/include/x86_64-linux-gnu/qt6/QtWidgets/qmainwindow.h:44\x1b[m\x1b[K,\n'}
[19.653600] (test_tool) StderrLine: {'line': b'                 from \x1b[01m\x1b[K/usr/include/x86_64-linux-gnu/qt6/QtWidgets/QMainWindow:1\x1b[m\x1b[K,\n'}
[19.653733] (test_tool) StderrLine: {'line': b'                 from \x1b[01m\x1b[K/home/maddy/iris_test_tool/src/test_tool/include/test_tool/mainwindow.h:4\x1b[m\x1b[K,\n'}
[19.654085] (test_tool) StderrLine: {'line': b'                 from \x1b[01m\x1b[K/home/maddy/iris_test_tool/src/test_tool/src/iris_tool/mainwindow.cpp:1\x1b[m\x1b[K:\n'}
[19.654359] (test_tool) StderrLine: {'line': b'/usr/include/x86_64-linux-gnu/qt6/QtCore/qobject.h: In instantiation of \xe2\x80\x98\x1b[01m\x1b[Kstatic QMetaObject::Connection QObject::connect(const typename QtPrivate::FunctionPointer<Func>::Object*, Func1, const typename QtPrivate::FunctionPointer<Func2>::Object*, Func2, Qt::ConnectionType) [with Func1 = void (Qtros::*)(const QString&, const QString&, int); Func2 = void (MainWindow::*)(std::shared_ptr<rcl_interfaces::msg::Log_<std::allocator<void> > >); typename QtPrivate::FunctionPointer<Func>::Object = Qtros; typename QtPrivate::FunctionPointer<Func2>::Object = MainWindow]\x1b[m\x1b[K\xe2\x80\x99:\n'}
[19.654822] (test_tool) StderrLine: {'line': b'\x1b[01m\x1b[K/home/maddy/iris_test_tool/src/test_tool/src/iris_tool/mainwindow.cpp:24:12:\x1b[m\x1b[K   required from here\n'}
[19.654955] (test_tool) StderrLine: {'line': b'\x1b[01m\x1b[K/usr/include/x86_64-linux-gnu/qt6/QtCore/qobject.h:230:123:\x1b[m\x1b[K \x1b[01;31m\x1b[Kerror: \x1b[m\x1b[Kstatic assertion failed: Signal and slot arguments are not compatible.\n'}
[19.655066] (test_tool) StderrLine: {'line': b'  230 |         static_assert(\x1b[01;31m\x1b[K(QtPrivate::CheckCompatibleArguments<typename SignalType::Arguments, typename SlotType::Arguments>::value)\x1b[m\x1b[K,\n'}
[19.655175] (test_tool) StderrLine: {'line': b'      |                       \x1b[01;31m\x1b[K~~~~~~~~~~~~~~~~~~~~~~~~~~~~~~~~~~~~~~~~~~~~~~~~~~~~~~~~~~~~~~~~~~~~~~~~~~~~~~~~~~~~~~~~~~~~~~~~~~~~^~~~~~\x1b[m\x1b[K\n'}
[19.655281] (test_tool) StderrLine: {'line': b'\x1b[01m\x1b[K/usr/include/x86_64-linux-gnu/qt6/QtCore/qobject.h:230:123:\x1b[m\x1b[K \x1b[01;36m\x1b[Knote: \x1b[m\x1b[K\xe2\x80\x98\x1b[01m\x1b[KQtPrivate::CheckCompatibleArguments<QtPrivate::List<const QString&, const QString&, int>, QtPrivate::List<std::shared_ptr<rcl_interfaces::msg::Log_<std::allocator<void> > > > >::value\x1b[m\x1b[K\xe2\x80\x99 evaluates to false\n'}
[19.655453] (test_tool) StderrLine: {'line': b'/usr/include/x86_64-linux-gnu/qt6/QtCore/qobject.h: In instantiation of \xe2\x80\x98\x1b[01m\x1b[Kstatic QMetaObject::Connection QObject::connect(const typename QtPrivate::FunctionPointer<Func>::Object*, Func1, const typename QtPrivate::FunctionPointer<Func2>::Object*, Func2, Qt::ConnectionType) [with Func1 = void (QListWidget::*)(QListWidgetItem*); Func2 = void (MainWindow::*)(QListWidgetItem*, std::shared_ptr<rcl_interfaces::msg::Log_<std::allocator<void> > >); typename QtPrivate::FunctionPointer<Func>::Object = QListWidget; typename QtPrivate::FunctionPointer<Func2>::Object = MainWindow]\x1b[m\x1b[K\xe2\x80\x99:\n'}
[19.655683] (test_tool) StderrLine: {'line': b'\x1b[01m\x1b[K/home/maddy/iris_test_tool/src/test_tool/src/iris_tool/mainwindow.cpp:27:12:\x1b[m\x1b[K   required from here\n'}
[19.655900] (test_tool) StderrLine: {'line': b'\x1b[01m\x1b[K/usr/include/x86_64-linux-gnu/qt6/QtCore/qobject.h:228:54:\x1b[m\x1b[K \x1b[01;31m\x1b[Kerror: \x1b[m\x1b[Kstatic assertion failed: The slot requires more arguments than the signal provides.\n'}
[19.656120] (test_tool) StderrLine: {'line': b'  228 |         static_assert(\x1b[01;31m\x1b[Kint(SignalType::ArgumentCount) >= int(SlotType::ArgumentCount)\x1b[m\x1b[K,\n'}
[19.656319] (test_tool) StderrLine: {'line': b'      |                       \x1b[01;31m\x1b[K~~~~~~~~~~~~~~~~~~~~~~~~~~~~~~~^~~~~~~~~~~~~~~~~~~~~~~~~~~~~~~\x1b[m\x1b[K\n'}
[19.656464] (test_tool) StderrLine: {'line': b'\x1b[01m\x1b[K/usr/include/x86_64-linux-gnu/qt6/QtCore/qobject.h:228:54:\x1b[m\x1b[K \x1b[01;36m\x1b[Knote: \x1b[m\x1b[K\xe2\x80\x98\x1b[01m\x1b[K(((int)QtPrivate::FunctionPointer<void (QListWidget::*)(QListWidgetItem*)>::ArgumentCount) >= ((int)QtPrivate::FunctionPointer<void (MainWindow::*)(QListWidgetItem*, std::shared_ptr<rcl_interfaces::msg::Log_<std::allocator<void> > >)>::ArgumentCount))\x1b[m\x1b[K\xe2\x80\x99 evaluates to false\n'}
[19.656793] (test_tool) StderrLine: {'line': b'\x1b[01m\x1b[K/usr/include/x86_64-linux-gnu/qt6/QtCore/qobject.h:230:123:\x1b[m\x1b[K \x1b[01;31m\x1b[Kerror: \x1b[m\x1b[Kstatic assertion failed: Signal and slot arguments are not compatible.\n'}
[19.656994] (test_tool) StderrLine: {'line': b'  230 |         static_assert(\x1b[01;31m\x1b[K(QtPrivate::CheckCompatibleArguments<typename SignalType::Arguments, typename SlotType::Arguments>::value)\x1b[m\x1b[K,\n'}
[19.657189] (test_tool) StderrLine: {'line': b'      |                       \x1b[01;31m\x1b[K~~~~~~~~~~~~~~~~~~~~~~~~~~~~~~~~~~~~~~~~~~~~~~~~~~~~~~~~~~~~~~~~~~~~~~~~~~~~~~~~~~~~~~~~~~~~~~~~~~~~^~~~~~\x1b[m\x1b[K\n'}
[19.657385] (test_tool) StderrLine: {'line': b'\x1b[01m\x1b[K/usr/include/x86_64-linux-gnu/qt6/QtCore/qobject.h:230:123:\x1b[m\x1b[K \x1b[01;36m\x1b[Knote: \x1b[m\x1b[K\xe2\x80\x98\x1b[01m\x1b[KQtPrivate::CheckCompatibleArguments<QtPrivate::List<QListWidgetItem*>, QtPrivate::List<QListWidgetItem*, std::shared_ptr<rcl_interfaces::msg::Log_<std::allocator<void> > > > >::value\x1b[m\x1b[K\xe2\x80\x99 evaluates to false\n'}
[19.657774] (test_tool) StderrLine: {'line': b'In file included from \x1b[01m\x1b[K/usr/include/x86_64-linux-gnu/qt6/QtCore/qobjectdefs.h:49\x1b[m\x1b[K,\n'}
[19.657881] (test_tool) StderrLine: {'line': b'                 from \x1b[01m\x1b[K/usr/include/x86_64-linux-gnu/qt6/QtGui/qwindowdefs.h:44\x1b[m\x1b[K,\n'}
[19.657982] (test_tool) StderrLine: {'line': b'                 from \x1b[01m\x1b[K/usr/include/x86_64-linux-gnu/qt6/QtWidgets/qwidget.h:44\x1b[m\x1b[K,\n'}
[19.658081] (test_tool) StderrLine: {'line': b'                 from \x1b[01m\x1b[K/usr/include/x86_64-linux-gnu/qt6/QtWidgets/qmainwindow.h:44\x1b[m\x1b[K,\n'}
[19.658190] (test_tool) StderrLine: {'line': b'                 from \x1b[01m\x1b[K/usr/include/x86_64-linux-gnu/qt6/QtWidgets/QMainWindow:1\x1b[m\x1b[K,\n'}
[19.658290] (test_tool) StderrLine: {'line': b'                 from \x1b[01m\x1b[K/home/maddy/iris_test_tool/src/test_tool/include/test_tool/mainwindow.h:4\x1b[m\x1b[K,\n'}
[19.658389] (test_tool) StderrLine: {'line': b'                 from \x1b[01m\x1b[K/home/maddy/iris_test_tool/src/test_tool/src/iris_tool/mainwindow.cpp:1\x1b[m\x1b[K:\n'}
[19.658488] (test_tool) StderrLine: {'line': b'/usr/include/x86_64-linux-gnu/qt6/QtCore/qobjectdefs_impl.h: In instantiation of \xe2\x80\x98\x1b[01m\x1b[Kstruct QtPrivate::List_Left<QtPrivate::List<>, 1>\x1b[m\x1b[K\xe2\x80\x99:\n'}
[19.658588] (test_tool) StderrLine: {'line': b'\x1b[01m\x1b[K/usr/include/x86_64-linux-gnu/qt6/QtCore/qobjectdefs_impl.h:72:118:\x1b[m\x1b[K   required from \xe2\x80\x98\x1b[01m\x1b[Kstruct QtPrivate::List_Left<QtPrivate::List<QListWidgetItem*>, 2>\x1b[m\x1b[K\xe2\x80\x99\n'}
[19.658689] (test_tool) StderrLine: {'line': b'\x1b[01m\x1b[K/usr/include/x86_64-linux-gnu/qt6/QtCore/qobject.h:241:28:\x1b[m\x1b[K   required from \xe2\x80\x98\x1b[01m\x1b[Kstatic QMetaObject::Connection QObject::connect(const typename QtPrivate::FunctionPointer<Func>::Object*, Func1, const typename QtPrivate::FunctionPointer<Func2>::Object*, Func2, Qt::ConnectionType) [with Func1 = void (QListWidget::*)(QListWidgetItem*); Func2 = void (MainWindow::*)(QListWidgetItem*, std::shared_ptr<rcl_interfaces::msg::Log_<std::allocator<void> > >); typename QtPrivate::FunctionPointer<Func>::Object = QListWidget; typename QtPrivate::FunctionPointer<Func2>::Object = MainWindow]\x1b[m\x1b[K\xe2\x80\x99\n'}
[19.658794] (test_tool) StderrLine: {'line': b'\x1b[01m\x1b[K/home/maddy/iris_test_tool/src/test_tool/src/iris_tool/mainwindow.cpp:27:12:\x1b[m\x1b[K   required from here\n'}
[19.658893] (test_tool) StderrLine: {'line': b'\x1b[01m\x1b[K/usr/include/x86_64-linux-gnu/qt6/QtCore/qobjectdefs_impl.h:72:118:\x1b[m\x1b[K \x1b[01;31m\x1b[Kerror: \x1b[m\x1b[Kno type named \xe2\x80\x98\x1b[01m\x1b[KCar\x1b[m\x1b[K\xe2\x80\x99 in \xe2\x80\x98\x1b[01m\x1b[Kstruct QtPrivate::List<>\x1b[m\x1b[K\xe2\x80\x99\n'}
[19.658994] (test_tool) StderrLine: {'line': b'   72 |         typedef typename List_Append<List<typename L::Car>,typename List_Left<typename L::Cdr, N - 1>::Value>::Value \x1b[01;31m\x1b[KValue\x1b[m\x1b[K;\n'}
[19.659126] (test_tool) StderrLine: {'line': b'      |                                                                                                                      \x1b[01;31m\x1b[K^~~~~\x1b[m\x1b[K\n'}
[19.691531] (-) TimerEvent: {}
[19.792059] (-) TimerEvent: {}
[19.892591] (-) TimerEvent: {}
[19.993048] (-) TimerEvent: {}
[20.093566] (-) TimerEvent: {}
[20.194106] (-) TimerEvent: {}
[20.294714] (-) TimerEvent: {}
[20.395177] (-) TimerEvent: {}
[20.495622] (-) TimerEvent: {}
[20.571332] (test_tool) StderrLine: {'line': b'gmake[2]: *** [CMakeFiles/test_tool.dir/build.make:104: CMakeFiles/test_tool.dir/src/iris_tool/mainwindow.cpp.o] Error 1\n'}
[20.571885] (test_tool) StderrLine: {'line': b'gmake[1]: *** [CMakeFiles/Makefile2:144: CMakeFiles/test_tool.dir/all] Error 2\n'}
[20.572309] (test_tool) StderrLine: {'line': b'gmake: *** [Makefile:146: all] Error 2\n'}
[20.575559] (test_tool) CommandEnded: {'returncode': 2}
[20.591926] (test_tool) JobEnded: {'identifier': 'test_tool', 'rc': 2}
[20.595786] (-) TimerEvent: {}
[20.603163] (-) EventReactorShutdown: {}
