[0.000000] (-) TimerEvent: {}
[0.000417] (test_tool) JobQueued: {'identifier': 'test_tool', 'dependencies': OrderedDict()}
[0.000511] (test_tool) JobStarted: {'identifier': 'test_tool'}
[0.009928] (test_tool) JobProgress: {'identifier': 'test_tool', 'progress': 'cmake'}
[0.011164] (test_tool) JobProgress: {'identifier': 'test_tool', 'progress': 'build'}
[0.012360] (test_tool) Command: {'cmd': ['/usr/bin/cmake', '--build', '/home/maddy/iris_test_tool/build/test_tool', '--', '-j8', '-l8'], 'cwd': '/home/maddy/iris_test_tool/build/test_tool', 'env': OrderedDict([('USER', 'maddy'), ('SHLVL', '1'), ('LD_LIBRARY_PATH', '/opt/ros/humble/opt/rviz_ogre_vendor/lib:/opt/ros/humble/lib/x86_64-linux-gnu:/opt/ros/humble/lib'), ('HOME', '/home/maddy'), ('OLDPWD', '/home/maddy'), ('LESS', '-R'), ('ZSH', '/home/maddy/.oh-my-zsh'), ('LSCOLORS', 'exfxcxdxbxegedabagacad'), ('PAGER', 'less'), ('ROS_PYTHON_VERSION', '3'), ('GREP_COLORS', 'mt=1;33'), ('DBUS_SESSION_BUS_ADDRESS', 'unix:path=/run/user/1000/bus'), ('WSL_DISTRO_NAME', 'Ubuntu-22.04'), ('WAYLAND_DISPLAY', 'wayland-0'), ('ROS_DISTRO', 'humble'), ('LOGNAME', 'maddy'), ('PULSE_SERVER', 'unix:/mnt/wslg/PulseServer'), ('WSL_INTEROP', '/run/WSL/2387_interop'), ('NAME', 'RMCCORPDE-DT024'), ('_', '/usr/bin/colcon'), ('ROS_VERSION', '2'), ('TERM', 'xterm-256color'), ('ROS_LOCALHOST_ONLY', '0'), ('PATH', '/opt/ros/humble/bin:/usr/local/sbin:/usr/local/bin:/usr/sbin:/usr/bin:/sbin:/bin:/usr/games:/usr/local/games:/usr/lib/wsl/lib:/mnt/c/Program Files/Common Files/Oracle/Java/javapath:/mnt/c/Program Files/Eclipse Adoptium/jdk-17.0.15.6-hotspot/bin:/mnt/c/Program Files (x86)/Common Files/Oracle/Java/java8path:/mnt/c/Program Files (x86)/Common Files/Oracle/Java/javapath:/mnt/c/Windows/system32:/mnt/c/Windows:/mnt/c/Windows/System32/Wbem:/mnt/c/Windows/System32/WindowsPowerShell/v1.0/:/mnt/c/Windows/System32/OpenSSH/:/mnt/c/Program Files/dotnet/:/mnt/c/Program Files/Git/cmd:/mnt/c/Program Files (x86)/Microsoft SQL Server/160/Tools/Binn/:/mnt/c/Program Files/Microsoft SQL Server/160/Tools/Binn/:/mnt/c/Program Files/Microsoft SQL Server/Client SDK/ODBC/170/Tools/Binn/:/mnt/c/Program Files/Microsoft SQL Server/160/DTS/Binn/:/mnt/c/Program Files (x86)/Windows Kits/10/Windows Performance Toolkit/:/mnt/c/Program Files/PostgreSQL/17/bin:/mnt/c/sonar-scanner-7.1.0.4889-windows-x64/bin:/mnt/c/msys64/mingw64/bin:/mnt/c/Program Files/CMake/bin:/mnt/c/Users/RMCPDEDT024/AppData/Local/Programs/Python/Python313/Scripts/:/mnt/c/Users/RMCPDEDT024/AppData/Local/Programs/Python/Python313/:/mnt/c/Users/RMCPDEDT024/AppData/Local/Programs/Python/Launcher/:/mnt/c/Users/RMCPDEDT024/AppData/Local/Microsoft/WindowsApps:/mnt/c/Users/RMCPDEDT024/AppData/Local/Programs/Microsoft VS Code/bin:/mnt/c/Users/RMCPDEDT024/AppData/Local/Python/bin'), ('XDG_RUNTIME_DIR', '/run/user/1000/'), ('DISPLAY', ':0'), ('LANG', 'en_US.UTF-8'), ('LS_COLORS', 'di=34;40:ln=35;40:so=32;40:pi=33;40:ex=31;40:bd=34;46:cd=34;43:su=0;41:sg=0;46:tw=0;42:ow=0;43:'), ('AMENT_PREFIX_PATH', '/opt/ros/humble'), ('SHELL', '/usr/bin/zsh'), ('PWD', '/home/maddy/iris_test_tool/build/test_tool'), ('PYTHONPATH', '/opt/ros/humble/lib/python3.10/site-packages:/opt/ros/humble/local/lib/python3.10/dist-packages'), ('COLCON', '1'), ('HOSTTYPE', 'x86_64'), ('WSL2_GUI_APPS_ENABLED', '1'), ('WSLENV', ''), ('CMAKE_PREFIX_PATH', '/opt/ros/humble')]), 'shell': False}
[0.084470] (test_tool) StdoutLine: {'line': b'[  7%] \x1b[34m\x1b[1mAutomatic MOC and UIC for target dummy_test_1\x1b[0m\n'}
[0.090788] (test_tool) StdoutLine: {'line': b'[ 23%] \x1b[34m\x1b[1mAutomatic MOC and UIC for target test_tool\x1b[0m\n'}
[0.091164] (test_tool) StdoutLine: {'line': b'[ 23%] \x1b[34m\x1b[1mAutomatic MOC and UIC for target dummy_test\x1b[0m\n'}
[0.098123] (-) TimerEvent: {}
[0.116062] (test_tool) StdoutLine: {'line': b'[ 23%] Built target dummy_test_1_autogen\n'}
[0.117815] (test_tool) StdoutLine: {'line': b'[ 23%] Built target dummy_test_autogen\n'}
[0.125264] (test_tool) StdoutLine: {'line': b'[ 23%] Built target test_tool_autogen\n'}
[0.146549] (test_tool) StdoutLine: {'line': b'\x1b[35m\x1b[1mConsolidate compiler generated dependencies of target test_tool\x1b[0m\n'}
[0.154103] (test_tool) StdoutLine: {'line': b'[ 69%] Built target dummy_test\n'}
[0.154429] (test_tool) StdoutLine: {'line': b'[ 69%] Built target dummy_test_1\n'}
[0.180076] (test_tool) StdoutLine: {'line': b'[ 76%] \x1b[32mBuilding CXX object CMakeFiles/test_tool.dir/src/iris_tool/mainwindow.cpp.o\x1b[0m\n'}
[0.198296] (-) TimerEvent: {}
[0.298935] (-) TimerEvent: {}
[0.399446] (-) TimerEvent: {}
[0.499959] (-) TimerEvent: {}
[0.600456] (-) TimerEvent: {}
[0.700955] (-) TimerEvent: {}
[0.801438] (-) TimerEvent: {}
[0.901998] (-) TimerEvent: {}
[1.002501] (-) TimerEvent: {}
[1.103059] (-) TimerEvent: {}
[1.203572] (-) TimerEvent: {}
[1.304155] (-) TimerEvent: {}
[1.404636] (-) TimerEvent: {}
[1.505136] (-) TimerEvent: {}
[1.605673] (-) TimerEvent: {}
[1.706276] (-) TimerEvent: {}
[1.806874] (-) TimerEvent: {}
[1.907376] (-) TimerEvent: {}
[2.007879] (-) TimerEvent: {}
[2.108388] (-) TimerEvent: {}
[2.208891] (-) TimerEvent: {}
[2.309396] (-) TimerEvent: {}
[2.409999] (-) TimerEvent: {}
[2.510517] (-) TimerEvent: {}
[2.611054] (-) TimerEvent: {}
[2.711809] (-) TimerEvent: {}
[2.812332] (-) TimerEvent: {}
[2.912826] (-) TimerEvent: {}
[3.013324] (-) TimerEvent: {}
[3.113812] (-) TimerEvent: {}
[3.214337] (-) TimerEvent: {}
[3.314872] (-) TimerEvent: {}
[3.415409] (-) TimerEvent: {}
[3.515962] (-) TimerEvent: {}
[3.616464] (-) TimerEvent: {}
[3.716935] (-) TimerEvent: {}
[3.817546] (-) TimerEvent: {}
[3.918101] (-) TimerEvent: {}
[4.018625] (-) TimerEvent: {}
[4.119146] (-) TimerEvent: {}
[4.219692] (-) TimerEvent: {}
[4.320264] (-) TimerEvent: {}
[4.420788] (-) TimerEvent: {}
[4.521318] (-) TimerEvent: {}
[4.621998] (-) TimerEvent: {}
[4.722528] (-) TimerEvent: {}
[4.823076] (-) TimerEvent: {}
[4.923579] (-) TimerEvent: {}
[5.024186] (-) TimerEvent: {}
[5.124751] (-) TimerEvent: {}
[5.225285] (-) TimerEvent: {}
[5.325912] (-) TimerEvent: {}
[5.426488] (-) TimerEvent: {}
[5.527062] (-) TimerEvent: {}
[5.627630] (-) TimerEvent: {}
[5.728212] (-) TimerEvent: {}
[5.828705] (-) TimerEvent: {}
[5.890156] (test_tool) StderrLine: {'line': b'\x1b[01m\x1b[K/home/maddy/iris_test_tool/src/test_tool/src/iris_tool/mainwindow.cpp:105:6:\x1b[m\x1b[K \x1b[01;31m\x1b[Kerror: \x1b[m\x1b[Kno declaration matches \xe2\x80\x98\x1b[01m\x1b[Kvoid MainWindow::onItemChanged()\x1b[m\x1b[K\xe2\x80\x99\n'}
[5.890479] (test_tool) StderrLine: {'line': b'  105 | void \x1b[01;31m\x1b[KMainWindow\x1b[m\x1b[K::onItemChanged()\n'}
[5.890587] (test_tool) StderrLine: {'line': b'      |      \x1b[01;31m\x1b[K^~~~~~~~~~\x1b[m\x1b[K\n'}
[5.890688] (test_tool) StderrLine: {'line': b'In file included from \x1b[01m\x1b[K/home/maddy/iris_test_tool/src/test_tool/src/iris_tool/mainwindow.cpp:1\x1b[m\x1b[K:\n'}
[5.890788] (test_tool) StderrLine: {'line': b'\x1b[01m\x1b[K/home/maddy/iris_test_tool/src/test_tool/include/test_tool/mainwindow.h:39:10:\x1b[m\x1b[K \x1b[01;36m\x1b[Knote: \x1b[m\x1b[Kcandidate is: \xe2\x80\x98\x1b[01m\x1b[Kvoid MainWindow::onItemChanged(QListWidgetItem*, rcl_interfaces::msg::Log_<std::allocator<void> >::SharedPtr)\x1b[m\x1b[K\xe2\x80\x99\n'}
[5.890889] (test_tool) StderrLine: {'line': b'   39 |     void \x1b[01;36m\x1b[KonItemChanged\x1b[m\x1b[K(QListWidgetItem *item, const rcl_interfaces::msg::Log::SharedPtr msg);\n'}
[5.890987] (test_tool) StderrLine: {'line': b'      |          \x1b[01;36m\x1b[K^~~~~~~~~~~~~\x1b[m\x1b[K\n'}
[5.891083] (test_tool) StderrLine: {'line': b'\x1b[01m\x1b[K/home/maddy/iris_test_tool/src/test_tool/include/test_tool/mainwindow.h:16:7:\x1b[m\x1b[K \x1b[01;36m\x1b[Knote: \x1b[m\x1b[K\xe2\x80\x98\x1b[01m\x1b[Kclass MainWindow\x1b[m\x1b[K\xe2\x80\x99 defined here\n'}
[5.891180] (test_tool) StderrLine: {'line': b'   16 | class \x1b[01;36m\x1b[KMainWindow\x1b[m\x1b[K : public QMainWindow, public rclcpp::Node\n'}
[5.891276] (test_tool) StderrLine: {'line': b'      |       \x1b[01;36m\x1b[K^~~~~~~~~~\x1b[m\x1b[K\n'}
[5.928873] (-) TimerEvent: {}
[6.029370] (-) TimerEvent: {}
[6.129901] (-) TimerEvent: {}
[6.222564] (test_tool) StderrLine: {'line': b'In file included from \x1b[01m\x1b[K/usr/include/x86_64-linux-gnu/qt6/QtWidgets/qwidget.h:45\x1b[m\x1b[K,\n'}
[6.222854] (test_tool) StderrLine: {'line': b'                 from \x1b[01m\x1b[K/usr/include/x86_64-linux-gnu/qt6/QtWidgets/qmainwindow.h:44\x1b[m\x1b[K,\n'}
[6.222962] (test_tool) StderrLine: {'line': b'                 from \x1b[01m\x1b[K/usr/include/x86_64-linux-gnu/qt6/QtWidgets/QMainWindow:1\x1b[m\x1b[K,\n'}
[6.223078] (test_tool) StderrLine: {'line': b'                 from \x1b[01m\x1b[K/home/maddy/iris_test_tool/src/test_tool/include/test_tool/mainwindow.h:4\x1b[m\x1b[K,\n'}
[6.223268] (test_tool) StderrLine: {'line': b'                 from \x1b[01m\x1b[K/home/maddy/iris_test_tool/src/test_tool/src/iris_tool/mainwindow.cpp:1\x1b[m\x1b[K:\n'}
[6.223458] (test_tool) StderrLine: {'line': b'/usr/include/x86_64-linux-gnu/qt6/QtCore/qobject.h: In instantiation of \xe2\x80\x98\x1b[01m\x1b[Kstatic QMetaObject::Connection QObject::connect(const typename QtPrivate::FunctionPointer<Func>::Object*, Func1, const typename QtPrivate::FunctionPointer<Func2>::Object*, Func2, Qt::ConnectionType) [with Func1 = void (Qtros::*)(const QString&, const QString&, int); Func2 = void (MainWindow::*)(std::shared_ptr<rcl_interfaces::msg::Log_<std::allocator<void> > >); typename QtPrivate::FunctionPointer<Func>::Object = Qtros; typename QtPrivate::FunctionPointer<Func2>::Object = MainWindow]\x1b[m\x1b[K\xe2\x80\x99:\n'}
[6.223718] (test_tool) StderrLine: {'line': b'\x1b[01m\x1b[K/home/maddy/iris_test_tool/src/test_tool/src/iris_tool/mainwindow.cpp:24:12:\x1b[m\x1b[K   required from here\n'}
[6.224157] (test_tool) StderrLine: {'line': b'\x1b[01m\x1b[K/usr/include/x86_64-linux-gnu/qt6/QtCore/qobject.h:230:123:\x1b[m\x1b[K \x1b[01;31m\x1b[Kerror: \x1b[m\x1b[Kstatic assertion failed: Signal and slot arguments are not compatible.\n'}
[6.224261] (test_tool) StderrLine: {'line': b'  230 |         static_assert(\x1b[01;31m\x1b[K(QtPrivate::CheckCompatibleArguments<typename SignalType::Arguments, typename SlotType::Arguments>::value)\x1b[m\x1b[K,\n'}
[6.224361] (test_tool) StderrLine: {'line': b'      |                       \x1b[01;31m\x1b[K~~~~~~~~~~~~~~~~~~~~~~~~~~~~~~~~~~~~~~~~~~~~~~~~~~~~~~~~~~~~~~~~~~~~~~~~~~~~~~~~~~~~~~~~~~~~~~~~~~~~^~~~~~\x1b[m\x1b[K\n'}
[6.224479] (test_tool) StderrLine: {'line': b'\x1b[01m\x1b[K/usr/include/x86_64-linux-gnu/qt6/QtCore/qobject.h:230:123:\x1b[m\x1b[K \x1b[01;36m\x1b[Knote: \x1b[m\x1b[K\xe2\x80\x98\x1b[01m\x1b[KQtPrivate::CheckCompatibleArguments<QtPrivate::List<const QString&, const QString&, int>, QtPrivate::List<std::shared_ptr<rcl_interfaces::msg::Log_<std::allocator<void> > > > >::value\x1b[m\x1b[K\xe2\x80\x99 evaluates to false\n'}
[6.224805] (test_tool) StderrLine: {'line': b'/usr/include/x86_64-linux-gnu/qt6/QtCore/qobject.h: In instantiation of \xe2\x80\x98\x1b[01m\x1b[Kstatic QMetaObject::Connection QObject::connect(const typename QtPrivate::FunctionPointer<Func>::Object*, Func1, const typename QtPrivate::FunctionPointer<Func2>::Object*, Func2, Qt::ConnectionType) [with Func1 = void (QListWidget::*)(QListWidgetItem*); Func2 = void (MainWindow::*)(QListWidgetItem*, std::shared_ptr<rcl_interfaces::msg::Log_<std::allocator<void> > >); typename QtPrivate::FunctionPointer<Func>::Object = QListWidget; typename QtPrivate::FunctionPointer<Func2>::Object = MainWindow]\x1b[m\x1b[K\xe2\x80\x99:\n'}
[6.224930] (test_tool) StderrLine: {'line': b'\x1b[01m\x1b[K/home/maddy/iris_test_tool/src/test_tool/src/iris_tool/mainwindow.cpp:27:12:\x1b[m\x1b[K   required from here\n'}
[6.225031] (test_tool) StderrLine: {'line': b'\x1b[01m\x1b[K/usr/include/x86_64-linux-gnu/qt6/QtCore/qobject.h:228:54:\x1b[m\x1b[K \x1b[01;31m\x1b[Kerror: \x1b[m\x1b[Kstatic assertion failed: The slot requires more arguments than the signal provides.\n'}
[6.225137] (test_tool) StderrLine: {'line': b'  228 |         static_assert(\x1b[01;31m\x1b[Kint(SignalType::ArgumentCount) >= int(SlotType::ArgumentCount)\x1b[m\x1b[K,\n'}
[6.225305] (test_tool) StderrLine: {'line': b'      |                       \x1b[01;31m\x1b[K~~~~~~~~~~~~~~~~~~~~~~~~~~~~~~~^~~~~~~~~~~~~~~~~~~~~~~~~~~~~~~\x1b[m\x1b[K\n'}
[6.225413] (test_tool) StderrLine: {'line': b'\x1b[01m\x1b[K/usr/include/x86_64-linux-gnu/qt6/QtCore/qobject.h:228:54:\x1b[m\x1b[K \x1b[01;36m\x1b[Knote: \x1b[m\x1b[K\xe2\x80\x98\x1b[01m\x1b[K(((int)QtPrivate::FunctionPointer<void (QListWidget::*)(QListWidgetItem*)>::ArgumentCount) >= ((int)QtPrivate::FunctionPointer<void (MainWindow::*)(QListWidgetItem*, std::shared_ptr<rcl_interfaces::msg::Log_<std::allocator<void> > >)>::ArgumentCount))\x1b[m\x1b[K\xe2\x80\x99 evaluates to false\n'}
[6.225518] (test_tool) StderrLine: {'line': b'\x1b[01m\x1b[K/usr/include/x86_64-linux-gnu/qt6/QtCore/qobject.h:230:123:\x1b[m\x1b[K \x1b[01;31m\x1b[Kerror: \x1b[m\x1b[Kstatic assertion failed: Signal and slot arguments are not compatible.\n'}
[6.225618] (test_tool) StderrLine: {'line': b'  230 |         static_assert(\x1b[01;31m\x1b[K(QtPrivate::CheckCompatibleArguments<typename SignalType::Arguments, typename SlotType::Arguments>::value)\x1b[m\x1b[K,\n'}
[6.225718] (test_tool) StderrLine: {'line': b'      |                       \x1b[01;31m\x1b[K~~~~~~~~~~~~~~~~~~~~~~~~~~~~~~~~~~~~~~~~~~~~~~~~~~~~~~~~~~~~~~~~~~~~~~~~~~~~~~~~~~~~~~~~~~~~~~~~~~~~^~~~~~\x1b[m\x1b[K\n'}
[6.225818] (test_tool) StderrLine: {'line': b'\x1b[01m\x1b[K/usr/include/x86_64-linux-gnu/qt6/QtCore/qobject.h:230:123:\x1b[m\x1b[K \x1b[01;36m\x1b[Knote: \x1b[m\x1b[K\xe2\x80\x98\x1b[01m\x1b[KQtPrivate::CheckCompatibleArguments<QtPrivate::List<QListWidgetItem*>, QtPrivate::List<QListWidgetItem*, std::shared_ptr<rcl_interfaces::msg::Log_<std::allocator<void> > > > >::value\x1b[m\x1b[K\xe2\x80\x99 evaluates to false\n'}
[6.225920] (test_tool) StderrLine: {'line': b'In file included from \x1b[01m\x1b[K/usr/include/x86_64-linux-gnu/qt6/QtCore/qobjectdefs.h:49\x1b[m\x1b[K,\n'}
[6.226019] (test_tool) StderrLine: {'line': b'                 from \x1b[01m\x1b[K/usr/include/x86_64-linux-gnu/qt6/QtGui/qwindowdefs.h:44\x1b[m\x1b[K,\n'}
[6.226138] (test_tool) StderrLine: {'line': b'                 from \x1b[01m\x1b[K/usr/include/x86_64-linux-gnu/qt6/QtWidgets/qwidget.h:44\x1b[m\x1b[K,\n'}
[6.226242] (test_tool) StderrLine: {'line': b'                 from \x1b[01m\x1b[K/usr/include/x86_64-linux-gnu/qt6/QtWidgets/qmainwindow.h:44\x1b[m\x1b[K,\n'}
[6.226341] (test_tool) StderrLine: {'line': b'                 from \x1b[01m\x1b[K/usr/include/x86_64-linux-gnu/qt6/QtWidgets/QMainWindow:1\x1b[m\x1b[K,\n'}
[6.226441] (test_tool) StderrLine: {'line': b'                 from \x1b[01m\x1b[K/home/maddy/iris_test_tool/src/test_tool/include/test_tool/mainwindow.h:4\x1b[m\x1b[K,\n'}
[6.226540] (test_tool) StderrLine: {'line': b'                 from \x1b[01m\x1b[K/home/maddy/iris_test_tool/src/test_tool/src/iris_tool/mainwindow.cpp:1\x1b[m\x1b[K:\n'}
[6.226639] (test_tool) StderrLine: {'line': b'/usr/include/x86_64-linux-gnu/qt6/QtCore/qobjectdefs_impl.h: In instantiation of \xe2\x80\x98\x1b[01m\x1b[Kstruct QtPrivate::List_Left<QtPrivate::List<>, 1>\x1b[m\x1b[K\xe2\x80\x99:\n'}
[6.226740] (test_tool) StderrLine: {'line': b'\x1b[01m\x1b[K/usr/include/x86_64-linux-gnu/qt6/QtCore/qobjectdefs_impl.h:72:118:\x1b[m\x1b[K   required from \xe2\x80\x98\x1b[01m\x1b[Kstruct QtPrivate::List_Left<QtPrivate::List<QListWidgetItem*>, 2>\x1b[m\x1b[K\xe2\x80\x99\n'}
[6.226841] (test_tool) StderrLine: {'line': b'\x1b[01m\x1b[K/usr/include/x86_64-linux-gnu/qt6/QtCore/qobject.h:241:28:\x1b[m\x1b[K   required from \xe2\x80\x98\x1b[01m\x1b[Kstatic QMetaObject::Connection QObject::connect(const typename QtPrivate::FunctionPointer<Func>::Object*, Func1, const typename QtPrivate::FunctionPointer<Func2>::Object*, Func2, Qt::ConnectionType) [with Func1 = void (QListWidget::*)(QListWidgetItem*); Func2 = void (MainWindow::*)(QListWidgetItem*, std::shared_ptr<rcl_interfaces::msg::Log_<std::allocator<void> > >); typename QtPrivate::FunctionPointer<Func>::Object = QListWidget; typename QtPrivate::FunctionPointer<Func2>::Object = MainWindow]\x1b[m\x1b[K\xe2\x80\x99\n'}
[6.226953] (test_tool) StderrLine: {'line': b'\x1b[01m\x1b[K/home/maddy/iris_test_tool/src/test_tool/src/iris_tool/mainwindow.cpp:27:12:\x1b[m\x1b[K   required from here\n'}
[6.227059] (test_tool) StderrLine: {'line': b'\x1b[01m\x1b[K/usr/include/x86_64-linux-gnu/qt6/QtCore/qobjectdefs_impl.h:72:118:\x1b[m\x1b[K \x1b[01;31m\x1b[Kerror: \x1b[m\x1b[Kno type named \xe2\x80\x98\x1b[01m\x1b[KCar\x1b[m\x1b[K\xe2\x80\x99 in \xe2\x80\x98\x1b[01m\x1b[Kstruct QtPrivate::List<>\x1b[m\x1b[K\xe2\x80\x99\n'}
[6.227159] (test_tool) StderrLine: {'line': b'   72 |         typedef typename List_Append<List<typename L::Car>,typename List_Left<typename L::Cdr, N - 1>::Value>::Value \x1b[01;31m\x1b[KValue\x1b[m\x1b[K;\n'}
[6.227259] (test_tool) StderrLine: {'line': b'      |                                                                                                                      \x1b[01;31m\x1b[K^~~~~\x1b[m\x1b[K\n'}
[6.229987] (-) TimerEvent: {}
[6.330348] (-) TimerEvent: {}
[6.430911] (-) TimerEvent: {}
[6.531451] (-) TimerEvent: {}
[6.631977] (-) TimerEvent: {}
[6.732517] (-) TimerEvent: {}
[6.833041] (-) TimerEvent: {}
[6.933531] (-) TimerEvent: {}
[6.952863] (test_tool) StderrLine: {'line': b'gmake[2]: *** [CMakeFiles/test_tool.dir/build.make:104: CMakeFiles/test_tool.dir/src/iris_tool/mainwindow.cpp.o] Error 1\n'}
[6.953333] (test_tool) StderrLine: {'line': b'gmake[1]: *** [CMakeFiles/Makefile2:144: CMakeFiles/test_tool.dir/all] Error 2\n'}
[6.953596] (test_tool) StderrLine: {'line': b'gmake: *** [Makefile:146: all] Error 2\n'}
[6.957253] (test_tool) CommandEnded: {'returncode': 2}
[6.970812] (test_tool) JobEnded: {'identifier': 'test_tool', 'rc': 2}
[6.981842] (-) EventReactorShutdown: {}
